This is XeTeX, Version 3.141592653-2.6-0.999997 (TeX Live 2025) (preloaded format=xelatex 2025.6.6)  7 JUN 2025 00:02
entering extended mode
 restricted \write18 enabled.
 %&-line parsing enabled.
**temp.tex
(./temp.tex
LaTeX2e <2024-11-01> patch level 2
L3 programming layer <2025-01-18>
(/usr/local/texlive/2025/texmf-dist/tex/latex/ctex/ctexart.cls
(/usr/local/texlive/2025/texmf-dist/tex/latex/ctex/config/ctexbackend.cfg
File: ctexbackend.cfg 2022/07/14 v2.5.10 Backend configuration file (CTEX)
)
(/usr/local/texlive/2025/texmf-dist/tex/latex/l3kernel/expl3.sty
Package: expl3 2025-01-18 L3 programming layer (loader) 

(/usr/local/texlive/2025/texmf-dist/tex/latex/l3backend/l3backend-xetex.def
File: l3backend-xetex.def 2024-05-08 L3 backend support: XeTeX
\g__graphics_track_int=\count192
\l__pdf_internal_box=\box52
\g__pdf_backend_annotation_int=\count193
\g__pdf_backend_link_int=\count194
))
Document Class: ctexart 2022/07/14 v2.5.10 Chinese adapter for class article (C
TEX)
(/usr/local/texlive/2025/texmf-dist/tex/latex/ctex/ctexhook.sty
Package: ctexhook 2022/07/14 v2.5.10 Document and package hooks (CTEX)
)
(/usr/local/texlive/2025/texmf-dist/tex/latex/ctex/ctexpatch.sty
Package: ctexpatch 2022/07/14 v2.5.10 Patching commands (CTEX)
)
(/usr/local/texlive/2025/texmf-dist/tex/latex/base/fix-cm.sty
Package: fix-cm 2020/11/24 v1.1t fixes to LaTeX

(/usr/local/texlive/2025/texmf-dist/tex/latex/base/ts1enc.def
File: ts1enc.def 2001/06/05 v3.0e (jk/car/fm) Standard LaTeX file
LaTeX Font Info:    Redeclaring font encoding TS1 on input line 47.
))
\l__ctex_tmp_int=\count195
\l__ctex_tmp_box=\box53
\l__ctex_tmp_dim=\dimen141
\g__ctex_section_depth_int=\count196
\g__ctex_font_size_int=\count197

(/usr/local/texlive/2025/texmf-dist/tex/latex/ctex/config/ctexopts.cfg
File: ctexopts.cfg 2022/07/14 v2.5.10 Option configuration file (CTEX)
)
(/usr/local/texlive/2025/texmf-dist/tex/latex/base/article.cls
Document Class: article 2024/06/29 v1.4n Standard LaTeX document class
(/usr/local/texlive/2025/texmf-dist/tex/latex/base/size12.clo
File: size12.clo 2024/06/29 v1.4n Standard LaTeX file (size option)
)
\c@part=\count198
\c@section=\count199
\c@subsection=\count266
\c@subsubsection=\count267
\c@paragraph=\count268
\c@subparagraph=\count269
\c@figure=\count270
\c@table=\count271
\abovecaptionskip=\skip49
\belowcaptionskip=\skip50
\bibindent=\dimen142
)
(/usr/local/texlive/2025/texmf-dist/tex/latex/ctex/engine/ctex-engine-xetex.def
File: ctex-engine-xetex.def 2022/07/14 v2.5.10 XeLaTeX adapter (CTEX)
(/usr/local/texlive/2025/texmf-dist/tex/xelatex/xecjk/xeCJK.sty
Package: xeCJK 2022/08/05 v3.9.1 Typesetting CJK scripts with XeLaTeX

(/usr/local/texlive/2025/texmf-dist/tex/latex/l3packages/xtemplate/xtemplate.st
y
Package: xtemplate 2024-08-16 L3 Experimental prototype document functions
)
\l__xeCJK_tmp_int=\count272
\l__xeCJK_tmp_box=\box54
\l__xeCJK_tmp_dim=\dimen143
\l__xeCJK_tmp_skip=\skip51
\g__xeCJK_space_factor_int=\count273
\l__xeCJK_begin_int=\count274
\l__xeCJK_end_int=\count275
\c__xeCJK_CJK_class_int=\XeTeXcharclass1
\c__xeCJK_FullLeft_class_int=\XeTeXcharclass2
\c__xeCJK_FullRight_class_int=\XeTeXcharclass3
\c__xeCJK_HalfLeft_class_int=\XeTeXcharclass4
\c__xeCJK_HalfRight_class_int=\XeTeXcharclass5
\c__xeCJK_NormalSpace_class_int=\XeTeXcharclass6
\c__xeCJK_CM_class_int=\XeTeXcharclass7
\c__xeCJK_HangulJamo_class_int=\XeTeXcharclass8
\l__xeCJK_last_skip=\skip52
\c__xeCJK_none_node=\count276
\g__xeCJK_node_int=\count277
\c__xeCJK_CJK_node_dim=\dimen144
\c__xeCJK_CJK-space_node_dim=\dimen145
\c__xeCJK_default_node_dim=\dimen146
\c__xeCJK_CJK-widow_node_dim=\dimen147
\c__xeCJK_normalspace_node_dim=\dimen148
\c__xeCJK_default-space_node_skip=\skip53
\l__xeCJK_ccglue_skip=\skip54
\l__xeCJK_ecglue_skip=\skip55
\l__xeCJK_punct_kern_skip=\skip56
\l__xeCJK_indent_box=\box55
\l__xeCJK_last_penalty_int=\count278
\l__xeCJK_last_bound_dim=\dimen149
\l__xeCJK_last_kern_dim=\dimen150
\l__xeCJK_widow_penalty_int=\count279

LaTeX template Info: Declaring template type 'xeCJK/punctuation' taking 0
(template)           argument(s) on line 2396.

\l__xeCJK_fixed_punct_width_dim=\dimen151
\l__xeCJK_mixed_punct_width_dim=\dimen152
\l__xeCJK_middle_punct_width_dim=\dimen153
\l__xeCJK_fixed_margin_width_dim=\dimen154
\l__xeCJK_mixed_margin_width_dim=\dimen155
\l__xeCJK_middle_margin_width_dim=\dimen156
\l__xeCJK_bound_punct_width_dim=\dimen157
\l__xeCJK_bound_margin_width_dim=\dimen158
\l__xeCJK_margin_minimum_dim=\dimen159
\l__xeCJK_kerning_total_width_dim=\dimen160
\l__xeCJK_same_align_margin_dim=\dimen161
\l__xeCJK_different_align_margin_dim=\dimen162
\l__xeCJK_kerning_margin_width_dim=\dimen163
\l__xeCJK_kerning_margin_minimum_dim=\dimen164
\l__xeCJK_bound_dim=\dimen165
\l__xeCJK_reverse_bound_dim=\dimen166
\l__xeCJK_margin_dim=\dimen167
\l__xeCJK_minimum_bound_dim=\dimen168
\l__xeCJK_kerning_margin_dim=\dimen169
\g__xeCJK_family_int=\count280
\l__xeCJK_fam_int=\count281
\g__xeCJK_fam_allocation_int=\count282
\l__xeCJK_verb_case_int=\count283
\l__xeCJK_verb_exspace_skip=\skip57
 (/usr/local/texlive/2025/texmf-dist/tex/latex/fontspec/fontspec.sty
(/usr/local/texlive/2025/texmf-dist/tex/latex/l3packages/xparse/xparse.sty
Package: xparse 2024-08-16 L3 Experimental document command parser
)
Package: fontspec 2024/05/11 v2.9e Font selection for XeLaTeX and LuaLaTeX

(/usr/local/texlive/2025/texmf-dist/tex/latex/fontspec/fontspec-xetex.sty
Package: fontspec-xetex 2024/05/11 v2.9e Font selection for XeLaTeX and LuaLaTe
X
\l__fontspec_script_int=\count284
\l__fontspec_language_int=\count285
\l__fontspec_strnum_int=\count286
\l__fontspec_tmp_int=\count287
\l__fontspec_tmpa_int=\count288
\l__fontspec_tmpb_int=\count289
\l__fontspec_tmpc_int=\count290
\l__fontspec_em_int=\count291
\l__fontspec_emdef_int=\count292
\l__fontspec_strong_int=\count293
\l__fontspec_strongdef_int=\count294
\l__fontspec_tmpa_dim=\dimen170
\l__fontspec_tmpb_dim=\dimen171
\l__fontspec_tmpc_dim=\dimen172

(/usr/local/texlive/2025/texmf-dist/tex/latex/base/fontenc.sty
Package: fontenc 2021/04/29 v2.0v Standard LaTeX package
)
(/usr/local/texlive/2025/texmf-dist/tex/latex/fontspec/fontspec.cfg)))
(/usr/local/texlive/2025/texmf-dist/tex/xelatex/xecjk/xeCJK.cfg
File: xeCJK.cfg 2022/08/05 v3.9.1 Configuration file for xeCJK package
))
\ccwd=\dimen173
\l__ctex_ccglue_skip=\skip58
)
\l__ctex_ziju_dim=\dimen174

(/usr/local/texlive/2025/texmf-dist/tex/latex/zhnumber/zhnumber.sty
Package: zhnumber 2022/07/14 v3.0 Typesetting numbers with Chinese glyphs
\l__zhnum_scale_int=\count295
\l__zhnum_tmp_int=\count296

(/usr/local/texlive/2025/texmf-dist/tex/latex/zhnumber/zhnumber-utf8.cfg
File: zhnumber-utf8.cfg 2022/07/14 v3.0 Chinese numerals with UTF8 encoding
))
\l__ctex_heading_skip=\skip59

(/usr/local/texlive/2025/texmf-dist/tex/latex/ctex/scheme/ctex-scheme-chinese-a
rticle.def
File: ctex-scheme-chinese-article.def 2022/07/14 v2.5.10 Chinese scheme for art
icle (CTEX)

(/usr/local/texlive/2025/texmf-dist/tex/latex/ctex/config/ctex-name-utf8.cfg
File: ctex-name-utf8.cfg 2022/07/14 v2.5.10 Caption with encoding UTF-8 (CTEX)
))
(/usr/local/texlive/2025/texmf-dist/tex/latex/ctex/fontset/ctex-fontset-mac.def
File: ctex-fontset-mac.def 2022/07/14 v2.5.10 macOS fonts definition (CTEX)

(/usr/local/texlive/2025/texmf-dist/tex/latex/ctex/fontset/ctex-fontset-macold.
def
File: ctex-fontset-macold.def 2022/07/14 v2.5.10 macOS fonts definition for Yos
emite or earlier version (CTEX)

Package fontspec Info: 
(fontspec)             Script 'CJK' not explicitly supported within font
(fontspec)             'STSong'. Check the typeset output, and if it is okay
(fontspec)             then ignore this warning. Otherwise a different font
(fontspec)             should be chosen.


Package fontspec Info: 
(fontspec)             Could not resolve font "STKaiti/B" (it probably doesn't
(fontspec)             exist).


Package fontspec Info: 
(fontspec)             Could not resolve font "STHeiti/I" (it probably doesn't
(fontspec)             exist).


Package fontspec Info: 
(fontspec)             Could not resolve font "STSong/BI" (it probably doesn't
(fontspec)             exist).


Package fontspec Info: 
(fontspec)             Font family 'STSong(0)' created for font 'STSong' with
(fontspec)             options
(fontspec)             [Script={CJK},BoldFont={STHeiti},ItalicFont={STKaiti}].
(fontspec)              
(fontspec)              This font family consists of the following NFSS
(fontspec)             series/shapes:
(fontspec)              
(fontspec)             - 'normal' (m/n) with NFSS spec.:
(fontspec)             <->"STSong/OT:script=hani;language=dflt;"
(fontspec)             - 'bold' (b/n) with NFSS spec.:
(fontspec)             <->"STHeiti/OT:script=hani;language=dflt;"
(fontspec)             - 'italic' (m/it) with NFSS spec.:
(fontspec)             <->"STKaiti/OT:script=hani;language=dflt;"

))) (/usr/local/texlive/2025/texmf-dist/tex/latex/ctex/config/ctex.cfg
File: ctex.cfg 2022/07/14 v2.5.10 Configuration file (CTEX)
)
(/usr/local/texlive/2025/texmf-dist/tex/latex/amsmath/amsmath.sty
Package: amsmath 2024/11/05 v2.17t AMS math features
\@mathmargin=\skip60

For additional information on amsmath, use the `?' option.
(/usr/local/texlive/2025/texmf-dist/tex/latex/amsmath/amstext.sty
Package: amstext 2021/08/26 v2.01 AMS text

(/usr/local/texlive/2025/texmf-dist/tex/latex/amsmath/amsgen.sty
File: amsgen.sty 1999/11/30 v2.0 generic functions
\@emptytoks=\toks17
\ex@=\dimen175
))
(/usr/local/texlive/2025/texmf-dist/tex/latex/amsmath/amsbsy.sty
Package: amsbsy 1999/11/29 v1.2d Bold Symbols
\pmbraise@=\dimen176
)
(/usr/local/texlive/2025/texmf-dist/tex/latex/amsmath/amsopn.sty
Package: amsopn 2022/04/08 v2.04 operator names
)
\inf@bad=\count297
LaTeX Info: Redefining \frac on input line 233.
\uproot@=\count298
\leftroot@=\count299
LaTeX Info: Redefining \overline on input line 398.
LaTeX Info: Redefining \colon on input line 409.
\classnum@=\count300
\DOTSCASE@=\count301
LaTeX Info: Redefining \ldots on input line 495.
LaTeX Info: Redefining \dots on input line 498.
LaTeX Info: Redefining \cdots on input line 619.
\Mathstrutbox@=\box56
\strutbox@=\box57
LaTeX Info: Redefining \big on input line 721.
LaTeX Info: Redefining \Big on input line 722.
LaTeX Info: Redefining \bigg on input line 723.
LaTeX Info: Redefining \Bigg on input line 724.
\big@size=\dimen177
LaTeX Font Info:    Redeclaring font encoding OML on input line 742.
LaTeX Font Info:    Redeclaring font encoding OMS on input line 743.
\macc@depth=\count302
LaTeX Info: Redefining \bmod on input line 904.
LaTeX Info: Redefining \pmod on input line 909.
LaTeX Info: Redefining \smash on input line 939.
LaTeX Info: Redefining \relbar on input line 969.
LaTeX Info: Redefining \Relbar on input line 970.
\c@MaxMatrixCols=\count303
\dotsspace@=\muskip17
\c@parentequation=\count304
\dspbrk@lvl=\count305
\tag@help=\toks18
\row@=\count306
\column@=\count307
\maxfields@=\count308
\andhelp@=\toks19
\eqnshift@=\dimen178
\alignsep@=\dimen179
\tagshift@=\dimen180
\tagwidth@=\dimen181
\totwidth@=\dimen182
\lineht@=\dimen183
\@envbody=\toks20
\multlinegap=\skip61
\multlinetaggap=\skip62
\mathdisplay@stack=\toks21
LaTeX Info: Redefining \[ on input line 2953.
LaTeX Info: Redefining \] on input line 2954.
)
(/usr/local/texlive/2025/texmf-dist/tex/latex/amsfonts/amssymb.sty
Package: amssymb 2013/01/14 v3.01 AMS font symbols

(/usr/local/texlive/2025/texmf-dist/tex/latex/amsfonts/amsfonts.sty
Package: amsfonts 2013/01/14 v3.01 Basic AMSFonts support
\symAMSa=\mathgroup4
\symAMSb=\mathgroup5
LaTeX Font Info:    Redeclaring math symbol \hbar on input line 98.
LaTeX Font Info:    Overwriting math alphabet `\mathfrak' in version `bold'
(Font)                  U/euf/m/n --> U/euf/b/n on input line 106.
))
(/usr/local/texlive/2025/texmf-dist/tex/latex/geometry/geometry.sty
Package: geometry 2020/01/02 v5.9 Page Geometry

(/usr/local/texlive/2025/texmf-dist/tex/latex/graphics/keyval.sty
Package: keyval 2022/05/29 v1.15 key=value parser (DPC)
\KV@toks@=\toks22
)
(/usr/local/texlive/2025/texmf-dist/tex/generic/iftex/ifvtex.sty
Package: ifvtex 2019/10/25 v1.7 ifvtex legacy package. Use iftex instead.

(/usr/local/texlive/2025/texmf-dist/tex/generic/iftex/iftex.sty
Package: iftex 2024/12/12 v1.0g TeX engine tests
))
\Gm@cnth=\count309
\Gm@cntv=\count310
\c@Gm@tempcnt=\count311
\Gm@bindingoffset=\dimen184
\Gm@wd@mp=\dimen185
\Gm@odd@mp=\dimen186
\Gm@even@mp=\dimen187
\Gm@layoutwidth=\dimen188
\Gm@layoutheight=\dimen189
\Gm@layouthoffset=\dimen190
\Gm@layoutvoffset=\dimen191
\Gm@dimlist=\toks23
)
(/usr/local/texlive/2025/texmf-dist/tex/latex/graphics/graphicx.sty
Package: graphicx 2021/09/16 v1.2d Enhanced LaTeX Graphics (DPC,SPQR)

(/usr/local/texlive/2025/texmf-dist/tex/latex/graphics/graphics.sty
Package: graphics 2024/08/06 v1.4g Standard LaTeX Graphics (DPC,SPQR)

(/usr/local/texlive/2025/texmf-dist/tex/latex/graphics/trig.sty
Package: trig 2023/12/02 v1.11 sin cos tan (DPC)
)
(/usr/local/texlive/2025/texmf-dist/tex/latex/graphics-cfg/graphics.cfg
File: graphics.cfg 2016/06/04 v1.11 sample graphics configuration
)
Package graphics Info: Driver file: xetex.def on input line 106.

(/usr/local/texlive/2025/texmf-dist/tex/latex/graphics-def/xetex.def
File: xetex.def 2022/09/22 v5.0n Graphics/color driver for xetex
))
\Gin@req@height=\dimen192
\Gin@req@width=\dimen193
)
(/usr/local/texlive/2025/texmf-dist/tex/latex/enumitem/enumitem.sty
Package: enumitem 2025/02/06 v3.11 Customized lists
\labelindent=\skip63
\enit@outerparindent=\dimen194
\enit@toks=\toks24
\enit@inbox=\box58
\enit@count@id=\count312
\enitdp@description=\count313
)
(/usr/local/texlive/2025/texmf-dist/tex/latex/fancyhdr/fancyhdr.sty
Package: fancyhdr 2025/02/07 v5.2 Extensive control of page headers and footers

\f@nch@headwidth=\skip64
\f@nch@offset@elh=\skip65
\f@nch@offset@erh=\skip66
\f@nch@offset@olh=\skip67
\f@nch@offset@orh=\skip68
\f@nch@offset@elf=\skip69
\f@nch@offset@erf=\skip70
\f@nch@offset@olf=\skip71
\f@nch@offset@orf=\skip72
\f@nch@height=\skip73
\f@nch@footalignment=\skip74
\f@nch@widthL=\skip75
\f@nch@widthC=\skip76
\f@nch@widthR=\skip77
\@temptokenb=\toks25
)
(/usr/local/texlive/2025/texmf-dist/tex/latex/lastpage/lastpage.sty
Package: lastpage 2025/01/27 v2.1e lastpage: 2.09 or 2e? (HMM)

(/usr/local/texlive/2025/texmf-dist/tex/latex/lastpage/lastpage2e.sty
Package: lastpage2e 2025/01/27 v2.1e Decide which 2e lastpage version to use (H
MM)

(/usr/local/texlive/2025/texmf-dist/tex/latex/lastpage/lastpagemodern.sty
Package: lastpagemodern 2025-01-27 v2.1e Refers to last page's name (HMM; JPG)
\c@lastpagecount=\count314
) 
)) (/usr/local/texlive/2025/texmf-dist/tex/latex/unicode-math/unicode-math.sty
Package: unicode-math 2023/08/13 v0.8r Unicode maths in XeLaTeX and LuaLaTeX

(/usr/local/texlive/2025/texmf-dist/tex/latex/unicode-math/unicode-math-xetex.s
ty
Package: unicode-math-xetex 2023/08/13 v0.8r Unicode maths in XeLaTeX and LuaLa
TeX

(/usr/local/texlive/2025/texmf-dist/tex/latex/l3packages/l3keys2e/l3keys2e.sty
Package: l3keys2e 2024-08-16 LaTeX2e option processing using LaTeX3 keys
)
\g__um_fam_int=\count315
\g__um_fonts_used_int=\count316
\l__um_primecount_int=\count317
\g__um_primekern_muskip=\muskip18

(/usr/local/texlive/2025/texmf-dist/tex/latex/unicode-math/unicode-math-table.t
ex)))

Package xeCJK Warning: Redefining CJKfamily `\CJKrmdefault' (STSong(0)).


Package fontspec Info: 
(fontspec)             Script 'CJK' not explicitly supported within font
(fontspec)             'STSong'. Check the typeset output, and if it is okay
(fontspec)             then ignore this warning. Otherwise a different font
(fontspec)             should be chosen.


Package fontspec Info: 
(fontspec)             Could not resolve font "STHeiti/I" (it probably doesn't
(fontspec)             exist).


Package fontspec Info: 
(fontspec)             Could not resolve font "STSong/BI" (it probably doesn't
(fontspec)             exist).


Package fontspec Info: 
(fontspec)             Could not resolve font "STSong/I" (it probably doesn't
(fontspec)             exist).


Package fontspec Info: 
(fontspec)             Font family 'STSong(1)' created for font 'STSong' with
(fontspec)             options [Script={CJK},BoldFont={STHeiti}].
(fontspec)              
(fontspec)              This font family consists of the following NFSS
(fontspec)             series/shapes:
(fontspec)              
(fontspec)             - 'normal' (m/n) with NFSS spec.:
(fontspec)             <->"STSong/OT:script=hani;language=dflt;"
(fontspec)             - 'bold' (b/n) with NFSS spec.:
(fontspec)             <->"STHeiti/OT:script=hani;language=dflt;"


Package xeCJK Warning: Redefining CJKfamily `\CJKsfdefault' (STXihei).


Package xeCJK Warning: Redefining CJKfamily `\CJKttdefault' (STFangsong).


Package fontspec Info: 
(fontspec)             Font family 'latinmodern-math.otf(0)' created for font
(fontspec)             'latinmodern-math.otf' with options
(fontspec)             [BoldItalicFont={},ItalicFont={},SmallCapsFont={},Script
=Math].
(fontspec)              
(fontspec)              This font family consists of the following NFSS
(fontspec)             series/shapes:
(fontspec)              
(fontspec)             - 'normal' (m/n) with NFSS spec.:
(fontspec)             <->"[latinmodern-math.otf]/OT:script=math;language=dflt;
"


Package fontspec Info: 
(fontspec)             Font family 'latinmodern-math.otf(1)' created for font
(fontspec)             'latinmodern-math.otf' with options
(fontspec)             [BoldItalicFont={},ItalicFont={},SmallCapsFont={},Script
=Math,SizeFeatures={{Size=10.2-},{Size=7.2-10.2,Font=latinmodern-math.otf,Style
=MathScript},{Size=-7.2,Font=latinmodern-math.otf,Style=MathScriptScript}}].
(fontspec)              
(fontspec)              This font family consists of the following NFSS
(fontspec)             series/shapes:
(fontspec)              
(fontspec)             - 'normal' (m/n) with NFSS spec.:
(fontspec)             <10.2->"[latinmodern-math.otf]/OT:script=math;language=d
flt;"<7.2-10.2>"[latinmodern-math.otf]/OT:script=math;language=dflt;+ssty=0;"<-
7.2>"[latinmodern-math.otf]/OT:script=math;language=dflt;+ssty=1;"

LaTeX Font Info:    Encoding `OT1' has changed to `TU' for symbol font
(Font)              `operators' in the math version `normal' on input line 21.
LaTeX Font Info:    Overwriting symbol font `operators' in version `normal'
(Font)                  OT1/cmr/m/n --> TU/latinmodern-math.otf(1)/m/n on input
 line 21.
LaTeX Font Info:    Encoding `OT1' has changed to `TU' for symbol font
(Font)              `operators' in the math version `bold' on input line 21.
LaTeX Font Info:    Overwriting symbol font `operators' in version `bold'
(Font)                  OT1/cmr/bx/n --> TU/latinmodern-math.otf(1)/b/n on inpu
t line 21.

Package fontspec Info: 
(fontspec)             latinmodern-math scale = 1.0001.


Package fontspec Info: 
(fontspec)             latinmodern-math scale = 1.0001.


Package fontspec Info: 
(fontspec)             latinmodern-math scale = 1.0001.


Package fontspec Info: 
(fontspec)             latinmodern-math scale = 1.0001.


Package fontspec Info: 
(fontspec)             Font family 'latinmodern-math.otf(2)' created for font
(fontspec)             'latinmodern-math.otf' with options
(fontspec)             [BoldItalicFont={},ItalicFont={},SmallCapsFont={},Script
=Math,SizeFeatures={{Size=10.2-},{Size=7.2-10.2,Font=latinmodern-math.otf,Style
=MathScript},{Size=-7.2,Font=latinmodern-math.otf,Style=MathScriptScript}},Scal
eAgain=1.0001,FontAdjustment={\fontdimen
(fontspec)             8\font =8.124pt\relax \fontdimen 9\font =4.728pt\relax
(fontspec)             \fontdimen 10\font =5.328pt\relax \fontdimen 11\font
(fontspec)             =8.232pt\relax \fontdimen 12\font =4.14pt\relax
(fontspec)             \fontdimen 13\font =4.356pt\relax \fontdimen 14\font
(fontspec)             =4.356pt\relax \fontdimen 15\font =3.468pt\relax
(fontspec)             \fontdimen 16\font =2.964pt\relax \fontdimen 17\font
(fontspec)             =2.964pt\relax \fontdimen 18\font =3.0pt\relax
(fontspec)             \fontdimen 19\font =2.4pt\relax \fontdimen 22\font
(fontspec)             =3.0pt\relax \fontdimen 20\font =0pt\relax \fontdimen
(fontspec)             21\font =0pt\relax }].
(fontspec)              
(fontspec)              This font family consists of the following NFSS
(fontspec)             series/shapes:
(fontspec)              
(fontspec)             - 'normal' (m/n) with NFSS spec.:
(fontspec)             <10.2->s*[1.0001]"[latinmodern-math.otf]/OT:script=math;
language=dflt;"<7.2-10.2>s*[1.0001]"[latinmodern-math.otf]/OT:script=math;langu
age=dflt;+ssty=0;"<-7.2>s*[1.0001]"[latinmodern-math.otf]/OT:script=math;langua
ge=dflt;+ssty=1;"

LaTeX Font Info:    Encoding `OMS' has changed to `TU' for symbol font
(Font)              `symbols' in the math version `normal' on input line 21.
LaTeX Font Info:    Overwriting symbol font `symbols' in version `normal'
(Font)                  OMS/cmsy/m/n --> TU/latinmodern-math.otf(2)/m/n on inpu
t line 21.
LaTeX Font Info:    Encoding `OMS' has changed to `TU' for symbol font
(Font)              `symbols' in the math version `bold' on input line 21.
LaTeX Font Info:    Overwriting symbol font `symbols' in version `bold'
(Font)                  OMS/cmsy/b/n --> TU/latinmodern-math.otf(2)/b/n on inpu
t line 21.

Package fontspec Info: 
(fontspec)             latinmodern-math scale = 0.9999.


Package fontspec Info: 
(fontspec)             latinmodern-math scale = 0.9999.


Package fontspec Info: 
(fontspec)             latinmodern-math scale = 0.9999.


Package fontspec Info: 
(fontspec)             latinmodern-math scale = 0.9999.


Package fontspec Info: 
(fontspec)             Font family 'latinmodern-math.otf(3)' created for font
(fontspec)             'latinmodern-math.otf' with options
(fontspec)             [BoldItalicFont={},ItalicFont={},SmallCapsFont={},Script
=Math,SizeFeatures={{Size=10.2-},{Size=7.2-10.2,Font=latinmodern-math.otf,Style
=MathScript},{Size=-7.2,Font=latinmodern-math.otf,Style=MathScriptScript}},Scal
eAgain=0.9999,FontAdjustment={\fontdimen
(fontspec)             8\font =0.48pt\relax \fontdimen 9\font =2.4pt\relax
(fontspec)             \fontdimen 10\font =2.004pt\relax \fontdimen 11\font
(fontspec)             =1.332pt\relax \fontdimen 12\font =7.2pt\relax
(fontspec)             \fontdimen 13\font =0pt\relax }].
(fontspec)              
(fontspec)              This font family consists of the following NFSS
(fontspec)             series/shapes:
(fontspec)              
(fontspec)             - 'normal' (m/n) with NFSS spec.:
(fontspec)             <10.2->s*[0.9999]"[latinmodern-math.otf]/OT:script=math;
language=dflt;"<7.2-10.2>s*[0.9999]"[latinmodern-math.otf]/OT:script=math;langu
age=dflt;+ssty=0;"<-7.2>s*[0.9999]"[latinmodern-math.otf]/OT:script=math;langua
ge=dflt;+ssty=1;"

LaTeX Font Info:    Encoding `OMX' has changed to `TU' for symbol font
(Font)              `largesymbols' in the math version `normal' on input line 2
1.
LaTeX Font Info:    Overwriting symbol font `largesymbols' in version `normal'
(Font)                  OMX/cmex/m/n --> TU/latinmodern-math.otf(3)/m/n on inpu
t line 21.
LaTeX Font Info:    Encoding `OMX' has changed to `TU' for symbol font
(Font)              `largesymbols' in the math version `bold' on input line 21.

LaTeX Font Info:    Overwriting symbol font `largesymbols' in version `bold'
(Font)                  OMX/cmex/m/n --> TU/latinmodern-math.otf(3)/b/n on inpu
t line 21.

Package fontspec Info: 
(fontspec)             Script 'Math' not explicitly supported within font
(fontspec)             'STSong'. Check the typeset output, and if it is okay
(fontspec)             then ignore this warning. Otherwise a different font
(fontspec)             should be chosen.


Package fontspec Info: 
(fontspec)             Could not resolve font "STSong/B" (it probably doesn't
(fontspec)             exist).


Package fontspec Info: 
(fontspec)             Font family 'STSong(2)' created for font 'STSong' with
(fontspec)             options
(fontspec)             [BoldItalicFont={},ItalicFont={},SmallCapsFont={},Script
=Math,SizeFeatures={{Size=10.2-},{Size=7.2-10.2,Font=STSong,Style=MathScript},{
Size=-7.2,Font=STSong,Style=MathScriptScript}}].
(fontspec)              
(fontspec)              This font family consists of the following NFSS
(fontspec)             series/shapes:
(fontspec)              
(fontspec)             - 'normal' (m/n) with NFSS spec.:
(fontspec)             <10.2->"STSong/OT:script=math;language=dflt;"<7.2-10.2>"
STSong/OT:script=math;language=dflt;+ssty=0;"<-7.2>"STSong/OT:script=math;langu
age=dflt;+ssty=1;"

\sym__um_fam1=\mathgroup6
LaTeX Font Info:    Overwriting symbol font `__um_fam1' in version `normal'
(Font)                  TU/STSong(2)/m/n --> TU/STSong(2)/m/n on input line 21.

LaTeX Font Info:    Overwriting symbol font `__um_fam1' in version `bold'
(Font)                  TU/STSong(2)/m/n --> TU/STSong(2)/b/n on input line 21.

! Missing number, treated as zero.
<to be read again> 
                   C
l.21 \setmathfont{STSong}[range={CJK,CJK/A}]
                                            
A number should have been here; I inserted `0'.
(If you can't figure out why I needed to see a number,
look up `weird error' in the index to The TeXbook.)

! Use of \??? doesn't match its definition.
<argument> \???  
                 ! LaTeX Error: Relation 'C' not among =,<,>,==,!=,<=,>=.
l.21 \setmathfont{STSong}[range={CJK,CJK/A}]
                                            
If you say, e.g., `\def\a1{...}', then you must always
put `1' after `\a', since control sequence names are
made up of letters only. The macro here has not been
followed by the required stuff, so I'm ignoring it.

! Missing number, treated as zero.
<to be read again> 
                   C
l.21 \setmathfont{STSong}[range={CJK,CJK/A}]
                                            
A number should have been here; I inserted `0'.
(If you can't figure out why I needed to see a number,
look up `weird error' in the index to The TeXbook.)

! Use of \??? doesn't match its definition.
<argument> \???  
                 ! LaTeX Error: Relation 'C' not among =,<,>,==,!=,<=,>=.
l.21 \setmathfont{STSong}[range={CJK,CJK/A}]
                                            
If you say, e.g., `\def\a1{...}', then you must always
put `1' after `\a', since control sequence names are
made up of letters only. The macro here has not been
followed by the required stuff, so I'm ignoring it.

! Missing number, treated as zero.
<to be read again> 
                   C
l.21 \setmathfont{STSong}[range={CJK,CJK/A}]
                                            
A number should have been here; I inserted `0'.
(If you can't figure out why I needed to see a number,
look up `weird error' in the index to The TeXbook.)

! Use of \??? doesn't match its definition.
<argument> \???  
                 ! LaTeX Error: Relation 'C' not among =,<,>,==,!=,<=,>=.
l.21 \setmathfont{STSong}[range={CJK,CJK/A}]
                                            
If you say, e.g., `\def\a1{...}', then you must always
put `1' after `\a', since control sequence names are
made up of letters only. The macro here has not been
followed by the required stuff, so I'm ignoring it.

! Missing number, treated as zero.
<to be read again> 
                   C
l.21 \setmathfont{STSong}[range={CJK,CJK/A}]
                                            
A number should have been here; I inserted `0'.
(If you can't figure out why I needed to see a number,
look up `weird error' in the index to The TeXbook.)

! Use of \??? doesn't match its definition.
<argument> \???  
                 ! LaTeX Error: Relation 'C' not among =,<,>,==,!=,<=,>=.
l.21 \setmathfont{STSong}[range={CJK,CJK/A}]
                                            
If you say, e.g., `\def\a1{...}', then you must always
put `1' after `\a', since control sequence names are
made up of letters only. The macro here has not been
followed by the required stuff, so I'm ignoring it.

! Missing number, treated as zero.
<to be read again> 
                   C
l.21 \setmathfont{STSong}[range={CJK,CJK/A}]
                                            
A number should have been here; I inserted `0'.
(If you can't figure out why I needed to see a number,
look up `weird error' in the index to The TeXbook.)

! Use of \??? doesn't match its definition.
<argument> \???  
                 ! LaTeX Error: Relation 'C' not among =,<,>,==,!=,<=,>=.
l.21 \setmathfont{STSong}[range={CJK,CJK/A}]
                                            
If you say, e.g., `\def\a1{...}', then you must always
put `1' after `\a', since control sequence names are
made up of letters only. The macro here has not been
followed by the required stuff, so I'm ignoring it.

! Missing number, treated as zero.
<to be read again> 
                   C
l.21 \setmathfont{STSong}[range={CJK,CJK/A}]
                                            
A number should have been here; I inserted `0'.
(If you can't figure out why I needed to see a number,
look up `weird error' in the index to The TeXbook.)

! Use of \??? doesn't match its definition.
<argument> \???  
                 ! LaTeX Error: Relation 'C' not among =,<,>,==,!=,<=,>=.
l.21 \setmathfont{STSong}[range={CJK,CJK/A}]
                                            
If you say, e.g., `\def\a1{...}', then you must always
put `1' after `\a', since control sequence names are
made up of letters only. The macro here has not been
followed by the required stuff, so I'm ignoring it.

! Missing number, treated as zero.
<to be read again> 
                   C
l.21 \setmathfont{STSong}[range={CJK,CJK/A}]
                                            
A number should have been here; I inserted `0'.
(If you can't figure out why I needed to see a number,
look up `weird error' in the index to The TeXbook.)

! Use of \??? doesn't match its definition.
<argument> \???  
                 ! LaTeX Error: Relation 'C' not among =,<,>,==,!=,<=,>=.
l.21 \setmathfont{STSong}[range={CJK,CJK/A}]
                                            
If you say, e.g., `\def\a1{...}', then you must always
put `1' after `\a', since control sequence names are
made up of letters only. The macro here has not been
followed by the required stuff, so I'm ignoring it.

! Missing number, treated as zero.
<to be read again> 
                   C
l.21 \setmathfont{STSong}[range={CJK,CJK/A}]
                                            
A number should have been here; I inserted `0'.
(If you can't figure out why I needed to see a number,
look up `weird error' in the index to The TeXbook.)

! Use of \??? doesn't match its definition.
<argument> \???  
                 ! LaTeX Error: Relation 'C' not among =,<,>,==,!=,<=,>=.
l.21 \setmathfont{STSong}[range={CJK,CJK/A}]
                                            
If you say, e.g., `\def\a1{...}', then you must always
put `1' after `\a', since control sequence names are
made up of letters only. The macro here has not been
followed by the required stuff, so I'm ignoring it.

! Missing number, treated as zero.
<to be read again> 
                   C
l.21 \setmathfont{STSong}[range={CJK,CJK/A}]
                                            
A number should have been here; I inserted `0'.
(If you can't figure out why I needed to see a number,
look up `weird error' in the index to The TeXbook.)

! Use of \??? doesn't match its definition.
<argument> \???  
                 ! LaTeX Error: Relation 'C' not among =,<,>,==,!=,<=,>=.
l.21 \setmathfont{STSong}[range={CJK,CJK/A}]
                                            
If you say, e.g., `\def\a1{...}', then you must always
put `1' after `\a', since control sequence names are
made up of letters only. The macro here has not been
followed by the required stuff, so I'm ignoring it.

! Missing number, treated as zero.
<to be read again> 
                   C
l.21 \setmathfont{STSong}[range={CJK,CJK/A}]
                                            
A number should have been here; I inserted `0'.
(If you can't figure out why I needed to see a number,
look up `weird error' in the index to The TeXbook.)

! Use of \??? doesn't match its definition.
<argument> \???  
                 ! LaTeX Error: Relation 'C' not among =,<,>,==,!=,<=,>=.
l.21 \setmathfont{STSong}[range={CJK,CJK/A}]
                                            
If you say, e.g., `\def\a1{...}', then you must always
put `1' after `\a', since control sequence names are
made up of letters only. The macro here has not been
followed by the required stuff, so I'm ignoring it.

! Missing number, treated as zero.
<to be read again> 
                   C
l.21 \setmathfont{STSong}[range={CJK,CJK/A}]
                                            
A number should have been here; I inserted `0'.
(If you can't figure out why I needed to see a number,
look up `weird error' in the index to The TeXbook.)

! Use of \??? doesn't match its definition.
<argument> \???  
                 ! LaTeX Error: Relation 'C' not among =,<,>,==,!=,<=,>=.
l.21 \setmathfont{STSong}[range={CJK,CJK/A}]
                                            
If you say, e.g., `\def\a1{...}', then you must always
put `1' after `\a', since control sequence names are
made up of letters only. The macro here has not been
followed by the required stuff, so I'm ignoring it.

! Missing number, treated as zero.
<to be read again> 
                   C
l.21 \setmathfont{STSong}[range={CJK,CJK/A}]
                                            
A number should have been here; I inserted `0'.
(If you can't figure out why I needed to see a number,
look up `weird error' in the index to The TeXbook.)

! Use of \??? doesn't match its definition.
<argument> \???  
                 ! LaTeX Error: Relation 'C' not among =,<,>,==,!=,<=,>=.
l.21 \setmathfont{STSong}[range={CJK,CJK/A}]
                                            
If you say, e.g., `\def\a1{...}', then you must always
put `1' after `\a', since control sequence names are
made up of letters only. The macro here has not been
followed by the required stuff, so I'm ignoring it.

! Missing number, treated as zero.
<to be read again> 
                   C
l.21 \setmathfont{STSong}[range={CJK,CJK/A}]
                                            
A number should have been here; I inserted `0'.
(If you can't figure out why I needed to see a number,
look up `weird error' in the index to The TeXbook.)

! Use of \??? doesn't match its definition.
<argument> \???  
                 ! LaTeX Error: Relation 'C' not among =,<,>,==,!=,<=,>=.
l.21 \setmathfont{STSong}[range={CJK,CJK/A}]
                                            
If you say, e.g., `\def\a1{...}', then you must always
put `1' after `\a', since control sequence names are
made up of letters only. The macro here has not been
followed by the required stuff, so I'm ignoring it.

! Missing number, treated as zero.
<to be read again> 
                   C
l.21 \setmathfont{STSong}[range={CJK,CJK/A}]
                                            
A number should have been here; I inserted `0'.
(If you can't figure out why I needed to see a number,
look up `weird error' in the index to The TeXbook.)

! Use of \??? doesn't match its definition.
<argument> \???  
                 ! LaTeX Error: Relation 'C' not among =,<,>,==,!=,<=,>=.
l.21 \setmathfont{STSong}[range={CJK,CJK/A}]
                                            
If you say, e.g., `\def\a1{...}', then you must always
put `1' after `\a', since control sequence names are
made up of letters only. The macro here has not been
followed by the required stuff, so I'm ignoring it.

! Missing number, treated as zero.
<to be read again> 
                   C
l.21 \setmathfont{STSong}[range={CJK,CJK/A}]
                                            
A number should have been here; I inserted `0'.
(If you can't figure out why I needed to see a number,
look up `weird error' in the index to The TeXbook.)

! Use of \??? doesn't match its definition.
<argument> \???  
                 ! LaTeX Error: Relation 'C' not among =,<,>,==,!=,<=,>=.
l.21 \setmathfont{STSong}[range={CJK,CJK/A}]
                                            
If you say, e.g., `\def\a1{...}', then you must always
put `1' after `\a', since control sequence names are
made up of letters only. The macro here has not been
followed by the required stuff, so I'm ignoring it.

! Missing number, treated as zero.
<to be read again> 
                   C
l.21 \setmathfont{STSong}[range={CJK,CJK/A}]
                                            
A number should have been here; I inserted `0'.
(If you can't figure out why I needed to see a number,
look up `weird error' in the index to The TeXbook.)

! Use of \??? doesn't match its definition.
<argument> \???  
                 ! LaTeX Error: Relation 'C' not among =,<,>,==,!=,<=,>=.
l.21 \setmathfont{STSong}[range={CJK,CJK/A}]
                                            
If you say, e.g., `\def\a1{...}', then you must always
put `1' after `\a', since control sequence names are
made up of letters only. The macro here has not been
followed by the required stuff, so I'm ignoring it.

! Missing number, treated as zero.
<to be read again> 
                   C
l.21 \setmathfont{STSong}[range={CJK,CJK/A}]
                                            
A number should have been here; I inserted `0'.
(If you can't figure out why I needed to see a number,
look up `weird error' in the index to The TeXbook.)

! Use of \??? doesn't match its definition.
<argument> \???  
                 ! LaTeX Error: Relation 'C' not among =,<,>,==,!=,<=,>=.
l.21 \setmathfont{STSong}[range={CJK,CJK/A}]
                                            
If you say, e.g., `\def\a1{...}', then you must always
put `1' after `\a', since control sequence names are
made up of letters only. The macro here has not been
followed by the required stuff, so I'm ignoring it.

! Missing number, treated as zero.
<to be read again> 
                   C
l.21 \setmathfont{STSong}[range={CJK,CJK/A}]
                                            
A number should have been here; I inserted `0'.
(If you can't figure out why I needed to see a number,
look up `weird error' in the index to The TeXbook.)

! Use of \??? doesn't match its definition.
<argument> \???  
                 ! LaTeX Error: Relation 'C' not among =,<,>,==,!=,<=,>=.
l.21 \setmathfont{STSong}[range={CJK,CJK/A}]
                                            
If you say, e.g., `\def\a1{...}', then you must always
put `1' after `\a', since control sequence names are
made up of letters only. The macro here has not been
followed by the required stuff, so I'm ignoring it.

! Missing number, treated as zero.
<to be read again> 
                   C
l.21 \setmathfont{STSong}[range={CJK,CJK/A}]
                                            
A number should have been here; I inserted `0'.
(If you can't figure out why I needed to see a number,
look up `weird error' in the index to The TeXbook.)

! Use of \??? doesn't match its definition.
<argument> \???  
                 ! LaTeX Error: Relation 'C' not among =,<,>,==,!=,<=,>=.
l.21 \setmathfont{STSong}[range={CJK,CJK/A}]
                                            
If you say, e.g., `\def\a1{...}', then you must always
put `1' after `\a', since control sequence names are
made up of letters only. The macro here has not been
followed by the required stuff, so I'm ignoring it.

! Missing number, treated as zero.
<to be read again> 
                   C
l.21 \setmathfont{STSong}[range={CJK,CJK/A}]
                                            
A number should have been here; I inserted `0'.
(If you can't figure out why I needed to see a number,
look up `weird error' in the index to The TeXbook.)

! Use of \??? doesn't match its definition.
<argument> \???  
                 ! LaTeX Error: Relation 'C' not among =,<,>,==,!=,<=,>=.
l.21 \setmathfont{STSong}[range={CJK,CJK/A}]
                                            
If you say, e.g., `\def\a1{...}', then you must always
put `1' after `\a', since control sequence names are
made up of letters only. The macro here has not been
followed by the required stuff, so I'm ignoring it.

! Missing number, treated as zero.
<to be read again> 
                   C
l.21 \setmathfont{STSong}[range={CJK,CJK/A}]
                                            
A number should have been here; I inserted `0'.
(If you can't figure out why I needed to see a number,
look up `weird error' in the index to The TeXbook.)

! Use of \??? doesn't match its definition.
<argument> \???  
                 ! LaTeX Error: Relation 'C' not among =,<,>,==,!=,<=,>=.
l.21 \setmathfont{STSong}[range={CJK,CJK/A}]
                                            
If you say, e.g., `\def\a1{...}', then you must always
put `1' after `\a', since control sequence names are
made up of letters only. The macro here has not been
followed by the required stuff, so I'm ignoring it.

! Missing number, treated as zero.
<to be read again> 
                   C
l.21 \setmathfont{STSong}[range={CJK,CJK/A}]
                                            
A number should have been here; I inserted `0'.
(If you can't figure out why I needed to see a number,
look up `weird error' in the index to The TeXbook.)

! Use of \??? doesn't match its definition.
<argument> \???  
                 ! LaTeX Error: Relation 'C' not among =,<,>,==,!=,<=,>=.
l.21 \setmathfont{STSong}[range={CJK,CJK/A}]
                                            
If you say, e.g., `\def\a1{...}', then you must always
put `1' after `\a', since control sequence names are
made up of letters only. The macro here has not been
followed by the required stuff, so I'm ignoring it.

! Missing number, treated as zero.
<to be read again> 
                   C
l.21 \setmathfont{STSong}[range={CJK,CJK/A}]
                                            
A number should have been here; I inserted `0'.
(If you can't figure out why I needed to see a number,
look up `weird error' in the index to The TeXbook.)

! Use of \??? doesn't match its definition.
<argument> \???  
                 ! LaTeX Error: Relation 'C' not among =,<,>,==,!=,<=,>=.
l.21 \setmathfont{STSong}[range={CJK,CJK/A}]
                                            
If you say, e.g., `\def\a1{...}', then you must always
put `1' after `\a', since control sequence names are
made up of letters only. The macro here has not been
followed by the required stuff, so I'm ignoring it.

! Missing number, treated as zero.
<to be read again> 
                   C
l.21 \setmathfont{STSong}[range={CJK,CJK/A}]
                                            
A number should have been here; I inserted `0'.
(If you can't figure out why I needed to see a number,
look up `weird error' in the index to The TeXbook.)

! Use of \??? doesn't match its definition.
<argument> \???  
                 ! LaTeX Error: Relation 'C' not among =,<,>,==,!=,<=,>=.
l.21 \setmathfont{STSong}[range={CJK,CJK/A}]
                                            
If you say, e.g., `\def\a1{...}', then you must always
put `1' after `\a', since control sequence names are
made up of letters only. The macro here has not been
followed by the required stuff, so I'm ignoring it.

! Missing number, treated as zero.
<to be read again> 
                   C
l.21 \setmathfont{STSong}[range={CJK,CJK/A}]
                                            
A number should have been here; I inserted `0'.
(If you can't figure out why I needed to see a number,
look up `weird error' in the index to The TeXbook.)

! Use of \??? doesn't match its definition.
<argument> \???  
                 ! LaTeX Error: Relation 'C' not among =,<,>,==,!=,<=,>=.
l.21 \setmathfont{STSong}[range={CJK,CJK/A}]
                                            
If you say, e.g., `\def\a1{...}', then you must always
put `1' after `\a', since control sequence names are
made up of letters only. The macro here has not been
followed by the required stuff, so I'm ignoring it.

! Missing number, treated as zero.
<to be read again> 
                   C
l.21 \setmathfont{STSong}[range={CJK,CJK/A}]
                                            
A number should have been here; I inserted `0'.
(If you can't figure out why I needed to see a number,
look up `weird error' in the index to The TeXbook.)

! Use of \??? doesn't match its definition.
<argument> \???  
                 ! LaTeX Error: Relation 'C' not among =,<,>,==,!=,<=,>=.
l.21 \setmathfont{STSong}[range={CJK,CJK/A}]
                                            
If you say, e.g., `\def\a1{...}', then you must always
put `1' after `\a', since control sequence names are
made up of letters only. The macro here has not been
followed by the required stuff, so I'm ignoring it.

! Missing number, treated as zero.
<to be read again> 
                   C
l.21 \setmathfont{STSong}[range={CJK,CJK/A}]
                                            
A number should have been here; I inserted `0'.
(If you can't figure out why I needed to see a number,
look up `weird error' in the index to The TeXbook.)

! Use of \??? doesn't match its definition.
<argument> \???  
                 ! LaTeX Error: Relation 'C' not among =,<,>,==,!=,<=,>=.
l.21 \setmathfont{STSong}[range={CJK,CJK/A}]
                                            
If you say, e.g., `\def\a1{...}', then you must always
put `1' after `\a', since control sequence names are
made up of letters only. The macro here has not been
followed by the required stuff, so I'm ignoring it.

! Missing number, treated as zero.
<to be read again> 
                   C
l.21 \setmathfont{STSong}[range={CJK,CJK/A}]
                                            
A number should have been here; I inserted `0'.
(If you can't figure out why I needed to see a number,
look up `weird error' in the index to The TeXbook.)

! Use of \??? doesn't match its definition.
<argument> \???  
                 ! LaTeX Error: Relation 'C' not among =,<,>,==,!=,<=,>=.
l.21 \setmathfont{STSong}[range={CJK,CJK/A}]
                                            
If you say, e.g., `\def\a1{...}', then you must always
put `1' after `\a', since control sequence names are
made up of letters only. The macro here has not been
followed by the required stuff, so I'm ignoring it.

! Missing number, treated as zero.
<to be read again> 
                   C
l.21 \setmathfont{STSong}[range={CJK,CJK/A}]
                                            
A number should have been here; I inserted `0'.
(If you can't figure out why I needed to see a number,
look up `weird error' in the index to The TeXbook.)

! Use of \??? doesn't match its definition.
<argument> \???  
                 ! LaTeX Error: Relation 'C' not among =,<,>,==,!=,<=,>=.
l.21 \setmathfont{STSong}[range={CJK,CJK/A}]
                                            
If you say, e.g., `\def\a1{...}', then you must always
put `1' after `\a', since control sequence names are
made up of letters only. The macro here has not been
followed by the required stuff, so I'm ignoring it.

! Missing number, treated as zero.
<to be read again> 
                   C
l.21 \setmathfont{STSong}[range={CJK,CJK/A}]
                                            
A number should have been here; I inserted `0'.
(If you can't figure out why I needed to see a number,
look up `weird error' in the index to The TeXbook.)

! Use of \??? doesn't match its definition.
<argument> \???  
                 ! LaTeX Error: Relation 'C' not among =,<,>,==,!=,<=,>=.
l.21 \setmathfont{STSong}[range={CJK,CJK/A}]
                                            
If you say, e.g., `\def\a1{...}', then you must always
put `1' after `\a', since control sequence names are
made up of letters only. The macro here has not been
followed by the required stuff, so I'm ignoring it.

! Missing number, treated as zero.
<to be read again> 
                   C
l.21 \setmathfont{STSong}[range={CJK,CJK/A}]
                                            
A number should have been here; I inserted `0'.
(If you can't figure out why I needed to see a number,
look up `weird error' in the index to The TeXbook.)

! Use of \??? doesn't match its definition.
<argument> \???  
                 ! LaTeX Error: Relation 'C' not among =,<,>,==,!=,<=,>=.
l.21 \setmathfont{STSong}[range={CJK,CJK/A}]
                                            
If you say, e.g., `\def\a1{...}', then you must always
put `1' after `\a', since control sequence names are
made up of letters only. The macro here has not been
followed by the required stuff, so I'm ignoring it.

! Missing number, treated as zero.
<to be read again> 
                   C
l.21 \setmathfont{STSong}[range={CJK,CJK/A}]
                                            
A number should have been here; I inserted `0'.
(If you can't figure out why I needed to see a number,
look up `weird error' in the index to The TeXbook.)

! Use of \??? doesn't match its definition.
<argument> \???  
                 ! LaTeX Error: Relation 'C' not among =,<,>,==,!=,<=,>=.
l.21 \setmathfont{STSong}[range={CJK,CJK/A}]
                                            
If you say, e.g., `\def\a1{...}', then you must always
put `1' after `\a', since control sequence names are
made up of letters only. The macro here has not been
followed by the required stuff, so I'm ignoring it.

! Missing number, treated as zero.
<to be read again> 
                   C
l.21 \setmathfont{STSong}[range={CJK,CJK/A}]
                                            
A number should have been here; I inserted `0'.
(If you can't figure out why I needed to see a number,
look up `weird error' in the index to The TeXbook.)

! Use of \??? doesn't match its definition.
<argument> \???  
                 ! LaTeX Error: Relation 'C' not among =,<,>,==,!=,<=,>=.
l.21 \setmathfont{STSong}[range={CJK,CJK/A}]
                                            
If you say, e.g., `\def\a1{...}', then you must always
put `1' after `\a', since control sequence names are
made up of letters only. The macro here has not been
followed by the required stuff, so I'm ignoring it.

! Missing number, treated as zero.
<to be read again> 
                   C
l.21 \setmathfont{STSong}[range={CJK,CJK/A}]
                                            
A number should have been here; I inserted `0'.
(If you can't figure out why I needed to see a number,
look up `weird error' in the index to The TeXbook.)

! Use of \??? doesn't match its definition.
<argument> \???  
                 ! LaTeX Error: Relation 'C' not among =,<,>,==,!=,<=,>=.
l.21 \setmathfont{STSong}[range={CJK,CJK/A}]
                                            
If you say, e.g., `\def\a1{...}', then you must always
put `1' after `\a', since control sequence names are
made up of letters only. The macro here has not been
followed by the required stuff, so I'm ignoring it.

! Missing number, treated as zero.
<to be read again> 
                   C
l.21 \setmathfont{STSong}[range={CJK,CJK/A}]
                                            
A number should have been here; I inserted `0'.
(If you can't figure out why I needed to see a number,
look up `weird error' in the index to The TeXbook.)

! Use of \??? doesn't match its definition.
<argument> \???  
                 ! LaTeX Error: Relation 'C' not among =,<,>,==,!=,<=,>=.
l.21 \setmathfont{STSong}[range={CJK,CJK/A}]
                                            
If you say, e.g., `\def\a1{...}', then you must always
put `1' after `\a', since control sequence names are
made up of letters only. The macro here has not been
followed by the required stuff, so I'm ignoring it.

! Missing number, treated as zero.
<to be read again> 
                   C
l.21 \setmathfont{STSong}[range={CJK,CJK/A}]
                                            
A number should have been here; I inserted `0'.
(If you can't figure out why I needed to see a number,
look up `weird error' in the index to The TeXbook.)

! Use of \??? doesn't match its definition.
<argument> \???  
                 ! LaTeX Error: Relation 'C' not among =,<,>,==,!=,<=,>=.
l.21 \setmathfont{STSong}[range={CJK,CJK/A}]
                                            
If you say, e.g., `\def\a1{...}', then you must always
put `1' after `\a', since control sequence names are
made up of letters only. The macro here has not been
followed by the required stuff, so I'm ignoring it.

! Missing number, treated as zero.
<to be read again> 
                   C
l.21 \setmathfont{STSong}[range={CJK,CJK/A}]
                                            
A number should have been here; I inserted `0'.
(If you can't figure out why I needed to see a number,
look up `weird error' in the index to The TeXbook.)

! Use of \??? doesn't match its definition.
<argument> \???  
                 ! LaTeX Error: Relation 'C' not among =,<,>,==,!=,<=,>=.
l.21 \setmathfont{STSong}[range={CJK,CJK/A}]
                                            
If you say, e.g., `\def\a1{...}', then you must always
put `1' after `\a', since control sequence names are
made up of letters only. The macro here has not been
followed by the required stuff, so I'm ignoring it.

! Missing number, treated as zero.
<to be read again> 
                   C
l.21 \setmathfont{STSong}[range={CJK,CJK/A}]
                                            
A number should have been here; I inserted `0'.
(If you can't figure out why I needed to see a number,
look up `weird error' in the index to The TeXbook.)

! Use of \??? doesn't match its definition.
<argument> \???  
                 ! LaTeX Error: Relation 'C' not among =,<,>,==,!=,<=,>=.
l.21 \setmathfont{STSong}[range={CJK,CJK/A}]
                                            
If you say, e.g., `\def\a1{...}', then you must always
put `1' after `\a', since control sequence names are
made up of letters only. The macro here has not been
followed by the required stuff, so I'm ignoring it.

! Missing number, treated as zero.
<to be read again> 
                   C
l.21 \setmathfont{STSong}[range={CJK,CJK/A}]
                                            
A number should have been here; I inserted `0'.
(If you can't figure out why I needed to see a number,
look up `weird error' in the index to The TeXbook.)

! Use of \??? doesn't match its definition.
<argument> \???  
                 ! LaTeX Error: Relation 'C' not among =,<,>,==,!=,<=,>=.
l.21 \setmathfont{STSong}[range={CJK,CJK/A}]
                                            
If you say, e.g., `\def\a1{...}', then you must always
put `1' after `\a', since control sequence names are
made up of letters only. The macro here has not been
followed by the required stuff, so I'm ignoring it.

! Missing number, treated as zero.
<to be read again> 
                   C
l.21 \setmathfont{STSong}[range={CJK,CJK/A}]
                                            
A number should have been here; I inserted `0'.
(If you can't figure out why I needed to see a number,
look up `weird error' in the index to The TeXbook.)

! Use of \??? doesn't match its definition.
<argument> \???  
                 ! LaTeX Error: Relation 'C' not among =,<,>,==,!=,<=,>=.
l.21 \setmathfont{STSong}[range={CJK,CJK/A}]
                                            
If you say, e.g., `\def\a1{...}', then you must always
put `1' after `\a', since control sequence names are
made up of letters only. The macro here has not been
followed by the required stuff, so I'm ignoring it.

! Missing number, treated as zero.
<to be read again> 
                   C
l.21 \setmathfont{STSong}[range={CJK,CJK/A}]
                                            
A number should have been here; I inserted `0'.
(If you can't figure out why I needed to see a number,
look up `weird error' in the index to The TeXbook.)

! Use of \??? doesn't match its definition.
<argument> \???  
                 ! LaTeX Error: Relation 'C' not among =,<,>,==,!=,<=,>=.
l.21 \setmathfont{STSong}[range={CJK,CJK/A}]
                                            
If you say, e.g., `\def\a1{...}', then you must always
put `1' after `\a', since control sequence names are
made up of letters only. The macro here has not been
followed by the required stuff, so I'm ignoring it.

! Missing number, treated as zero.
<to be read again> 
                   C
l.21 \setmathfont{STSong}[range={CJK,CJK/A}]
                                            
A number should have been here; I inserted `0'.
(If you can't figure out why I needed to see a number,
look up `weird error' in the index to The TeXbook.)

! Use of \??? doesn't match its definition.
<argument> \???  
                 ! LaTeX Error: Relation 'C' not among =,<,>,==,!=,<=,>=.
l.21 \setmathfont{STSong}[range={CJK,CJK/A}]
                                            
If you say, e.g., `\def\a1{...}', then you must always
put `1' after `\a', since control sequence names are
made up of letters only. The macro here has not been
followed by the required stuff, so I'm ignoring it.

! Missing number, treated as zero.
<to be read again> 
                   C
l.21 \setmathfont{STSong}[range={CJK,CJK/A}]
                                            
A number should have been here; I inserted `0'.
(If you can't figure out why I needed to see a number,
look up `weird error' in the index to The TeXbook.)

! Use of \??? doesn't match its definition.
<argument> \???  
                 ! LaTeX Error: Relation 'C' not among =,<,>,==,!=,<=,>=.
l.21 \setmathfont{STSong}[range={CJK,CJK/A}]
                                            
If you say, e.g., `\def\a1{...}', then you must always
put `1' after `\a', since control sequence names are
made up of letters only. The macro here has not been
followed by the required stuff, so I'm ignoring it.

! Missing number, treated as zero.
<to be read again> 
                   C
l.21 \setmathfont{STSong}[range={CJK,CJK/A}]
                                            
A number should have been here; I inserted `0'.
(If you can't figure out why I needed to see a number,
look up `weird error' in the index to The TeXbook.)

! Use of \??? doesn't match its definition.
<argument> \???  
                 ! LaTeX Error: Relation 'C' not among =,<,>,==,!=,<=,>=.
l.21 \setmathfont{STSong}[range={CJK,CJK/A}]
                                            
If you say, e.g., `\def\a1{...}', then you must always
put `1' after `\a', since control sequence names are
made up of letters only. The macro here has not been
followed by the required stuff, so I'm ignoring it.

! Missing number, treated as zero.
<to be read again> 
                   C
l.21 \setmathfont{STSong}[range={CJK,CJK/A}]
                                            
A number should have been here; I inserted `0'.
(If you can't figure out why I needed to see a number,
look up `weird error' in the index to The TeXbook.)

! Use of \??? doesn't match its definition.
<argument> \???  
                 ! LaTeX Error: Relation 'C' not among =,<,>,==,!=,<=,>=.
l.21 \setmathfont{STSong}[range={CJK,CJK/A}]
                                            
If you say, e.g., `\def\a1{...}', then you must always
put `1' after `\a', since control sequence names are
made up of letters only. The macro here has not been
followed by the required stuff, so I'm ignoring it.

! Missing number, treated as zero.
<to be read again> 
                   C
l.21 \setmathfont{STSong}[range={CJK,CJK/A}]
                                            
A number should have been here; I inserted `0'.
(If you can't figure out why I needed to see a number,
look up `weird error' in the index to The TeXbook.)

! Use of \??? doesn't match its definition.
<argument> \???  
                 ! LaTeX Error: Relation 'C' not among =,<,>,==,!=,<=,>=.
l.21 \setmathfont{STSong}[range={CJK,CJK/A}]
                                            
If you say, e.g., `\def\a1{...}', then you must always
put `1' after `\a', since control sequence names are
made up of letters only. The macro here has not been
followed by the required stuff, so I'm ignoring it.

! Missing number, treated as zero.
<to be read again> 
                   C
l.21 \setmathfont{STSong}[range={CJK,CJK/A}]
                                            
A number should have been here; I inserted `0'.
(If you can't figure out why I needed to see a number,
look up `weird error' in the index to The TeXbook.)

! Use of \??? doesn't match its definition.
<argument> \???  
                 ! LaTeX Error: Relation 'C' not among =,<,>,==,!=,<=,>=.
l.21 \setmathfont{STSong}[range={CJK,CJK/A}]
                                            
If you say, e.g., `\def\a1{...}', then you must always
put `1' after `\a', since control sequence names are
made up of letters only. The macro here has not been
followed by the required stuff, so I'm ignoring it.

! Missing number, treated as zero.
<to be read again> 
                   C
l.21 \setmathfont{STSong}[range={CJK,CJK/A}]
                                            
A number should have been here; I inserted `0'.
(If you can't figure out why I needed to see a number,
look up `weird error' in the index to The TeXbook.)

! Use of \??? doesn't match its definition.
<argument> \???  
                 ! LaTeX Error: Relation 'C' not among =,<,>,==,!=,<=,>=.
l.21 \setmathfont{STSong}[range={CJK,CJK/A}]
                                            
If you say, e.g., `\def\a1{...}', then you must always
put `1' after `\a', since control sequence names are
made up of letters only. The macro here has not been
followed by the required stuff, so I'm ignoring it.

! Missing number, treated as zero.
<to be read again> 
                   C
l.21 \setmathfont{STSong}[range={CJK,CJK/A}]
                                            
A number should have been here; I inserted `0'.
(If you can't figure out why I needed to see a number,
look up `weird error' in the index to The TeXbook.)

! Use of \??? doesn't match its definition.
<argument> \???  
                 ! LaTeX Error: Relation 'C' not among =,<,>,==,!=,<=,>=.
l.21 \setmathfont{STSong}[range={CJK,CJK/A}]
                                            
If you say, e.g., `\def\a1{...}', then you must always
put `1' after `\a', since control sequence names are
made up of letters only. The macro here has not been
followed by the required stuff, so I'm ignoring it.

! Missing number, treated as zero.
<to be read again> 
                   C
l.21 \setmathfont{STSong}[range={CJK,CJK/A}]
                                            
A number should have been here; I inserted `0'.
(If you can't figure out why I needed to see a number,
look up `weird error' in the index to The TeXbook.)

! Use of \??? doesn't match its definition.
<argument> \???  
                 ! LaTeX Error: Relation 'C' not among =,<,>,==,!=,<=,>=.
l.21 \setmathfont{STSong}[range={CJK,CJK/A}]
                                            
(That makes 100 errors; please try again.) 
Here is how much of TeX's memory you used:
 12699 strings out of 473832
 289293 string characters out of 5729482
 855409 words of memory out of 5000000
 35657 multiletter control sequences out of 15000+600000
 560859 words of font info for 57 fonts, out of 8000000 for 9000
 1348 hyphenation exceptions out of 8191
 93i,0n,114p,1190b,2938s stack positions out of 10000i,1000n,20000p,200000b,200000s

No pages of output.
