2025-06-07 02:04:16 - MathPaperConverter 1.3.2 - INFO - 日志文件位置: output/logs/20250607/converter_20250607_020416.log
2025-06-07 02:04:16 - MathPaperConverter 1.3.2 - INFO - 当前版本: v1.3.2
2025-06-07 02:04:16 - MathPaperConverter 1.3.2 - INFO - 操作系统: Darwin 24.5.0
2025-06-07 02:04:16 - MathPaperConverter 1.3.2 - INFO - Python版本: 3.10.13 (main, Sep 11 2023, 08:24:56) [Clang 14.0.6 ]
2025-06-07 02:04:16 - MathPaperConverter 1.3.2 - INFO - Tesseract版本: 5.5.1
2025-06-07 02:04:16 - MathPaperConverter 1.3.2 - INFO - OpenCV版本: 4.11.0
2025-06-07 02:04:16 - MathPaperConverter 1.3.2 - INFO - 初始化配置:
2025-06-07 02:04:16 - MathPaperConverter 1.3.2 - INFO - - 输入目录: input
2025-06-07 02:04:16 - MathPaperConverter 1.3.2 - INFO - - 输出目录: output
2025-06-07 02:04:16 - MathPaperConverter 1.3.2 - INFO - - 模板目录: templates
2025-06-07 02:04:16 - MathPaperConverter 1.3.2 - INFO - - 临时目录: temp
2025-06-07 02:04:16 - MathPaperConverter 1.3.2 - INFO - - 日志目录: output/logs
2025-06-07 02:04:16 - MathPaperConverter 1.3.2 - INFO - OCR配置已更新：
2025-06-07 02:04:16 - MathPaperConverter 1.3.2 - INFO - - 普通文本：--oem 1 --psm 3 -l chi_sim+eng -c preserve_interword_spaces=1 -c tessedit_char_blacklist=|~`@#$%^&* -c textord_tabfind_find_tables=0 -c tessedit_do_invert=0 -c textord_heavy_nr=0 -c textord_min_linesize=2.5 -c tessedit_char_whitelist="，。！？：；""（）《》【】、" -c tessedit_enable_dict_correction=1 -c language_model_penalty_non_dict_word=0.5 -c language_model_penalty_non_freq_dict_word=0.5
2025-06-07 02:04:16 - MathPaperConverter 1.3.2 - INFO - - 数学公式：--oem 1 --psm 6 -l chi_sim+eng -c tessedit_char_whitelist="0123456789ABCDEFGHIJKLMNOPQRSTUVWXYZabcdefghijklmnopqrstuvwxyz+-=×÷<>≤≥≠≈∈∉⊆⊂⊇⊃∪∩∅∞∫∑∏√∂∇∆∵∴⊥∥∠∟∣∤∥∦∧∨∩∪⊕⊗→←↑↓↔⇒⇐⇔∀∃∄∎□■△▲○●⊙⊗⊕∘，。！？：；""（）《》【】、αβγδεζηθικλμνξοπρστυφχψω" -c preserve_interword_spaces=1 -c tessedit_char_blacklist=|~`@#$%^&* -c textord_tabfind_find_tables=0 -c tessedit_do_invert=0 -c textord_heavy_nr=0 -c textord_min_linesize=2.5
2025-06-07 02:04:16 - MathPaperConverter 1.3.2 - INFO - MathPaperConverter 版本 1.3.2 初始化完成
2025-06-07 02:04:16 - MathPaperConverter 1.3.2 - INFO - 开始批量处理文件
2025-06-07 02:04:16 - MathPaperConverter 1.3.2 - INFO - 在输入目录中找到 1 个文件
2025-06-07 02:04:16 - MathPaperConverter 1.3.2 - INFO - 开始处理文件: 2024_math_nation_newI.pdf
2025-06-07 02:04:16 - MathPaperConverter 1.3.2 - INFO - 开始处理文件：2024_math_nation_newI.pdf
2025-06-07 02:04:16 - MathPaperConverter 1.3.2 - INFO - 开始处理PDF文件: input/2024_math_nation_newI.pdf
2025-06-07 02:04:16 - MathPaperConverter 1.3.2 - INFO - PDF共 7 页
2025-06-07 02:04:16 - MathPaperConverter 1.3.2 - INFO - 处理第 1/7 页
2025-06-07 02:05:36 - MathPaperConverter 1.3.2 - ERROR - 数学公式区域检测失败: too many values to unpack (expected 4)
2025-06-07 02:05:36 - MathPaperConverter 1.3.2 - ERROR - 详细错误信息:
Traceback (most recent call last):
  File "/Users/shenchaonan/math_paper_converter/src/converter.py", line 368, in _detect_math_regions
    if self._regions_overlap(base, math_regions[i]):
  File "/Users/shenchaonan/math_paper_converter/src/converter.py", line 418, in _regions_overlap
    x1, y1, w1, h1 = region1
ValueError: too many values to unpack (expected 4)
2025-06-07 02:05:36 - MathPaperConverter 1.3.2 - INFO - 处理第 2/7 页
2025-06-07 02:07:09 - MathPaperConverter 1.3.2 - ERROR - 数学公式区域检测失败: too many values to unpack (expected 4)
2025-06-07 02:07:09 - MathPaperConverter 1.3.2 - ERROR - 详细错误信息:
Traceback (most recent call last):
  File "/Users/shenchaonan/math_paper_converter/src/converter.py", line 368, in _detect_math_regions
    if self._regions_overlap(base, math_regions[i]):
  File "/Users/shenchaonan/math_paper_converter/src/converter.py", line 418, in _regions_overlap
    x1, y1, w1, h1 = region1
ValueError: too many values to unpack (expected 4)
2025-06-07 02:07:09 - MathPaperConverter 1.3.2 - INFO - 处理第 3/7 页
