2025-06-07 00:37:26 - MathPaperConverter - INFO - 日志文件位置: output/logs/20250607/converter_20250607_003726.log
2025-06-07 00:37:26 - MathPaperConverter - INFO - 当前版本: v1.3.1
2025-06-07 00:37:26 - MathPaperConverter - INFO - 操作系统: Darwin 24.5.0
2025-06-07 00:37:26 - MathPaperConverter - INFO - Python版本: 3.10.13 (main, Sep 11 2023, 08:24:56) [Clang 14.0.6 ]
2025-06-07 00:37:26 - MathPaperConverter - INFO - Tesseract版本: 5.5.1
2025-06-07 00:37:26 - MathPaperConverter - INFO - OpenCV版本: 4.11.0
2025-06-07 00:37:26 - MathPaperConverter - INFO - 初始化配置:
2025-06-07 00:37:26 - MathPaperConverter - INFO - - 输入目录: input
2025-06-07 00:37:26 - MathPaperConverter - INFO - - 输出目录: output
2025-06-07 00:37:26 - MathPaperConverter - INFO - - 模板目录: templates
2025-06-07 00:37:26 - MathPaperConverter - INFO - - 临时目录: temp
2025-06-07 00:37:26 - MathPaperConverter - INFO - - 日志目录: output/logs
2025-06-07 00:37:26 - MathPaperConverter - INFO - OCR配置已更新：
2025-06-07 00:37:26 - MathPaperConverter - INFO - - 普通文本：--oem 1 --psm 3 -l chi_sim+eng -c preserve_interword_spaces=1 -c tessedit_char_blacklist=|~` -c textord_heavy_nr=1 -c textord_min_linesize=2.5
2025-06-07 00:37:26 - MathPaperConverter - INFO - - 数学公式：--oem 1 --psm 6 -l chi_sim+eng -c preserve_interword_spaces=1 -c tessedit_char_whitelist="0123456789ABCDEFGHIJKLMNOPQRSTUVWXYZabcdefghijklmnopqrstuvwxyz+-=×÷<>≤≥≠≈∈∉⊆⊂⊇⊃∪∩∅∞∫∑∏√∂∇∆∵∴⊥∥∠∟∣∤∥∦∧∨∩∪⊕⊗" -c tessedit_char_blacklist=|~` -c textord_heavy_nr=1
2025-06-07 00:37:26 - MathPaperConverter - INFO - MathPaperConverter 版本 1.3.1 初始化完成
2025-06-07 00:37:26 - MathPaperConverter - INFO - 开始批量处理文件
2025-06-07 00:37:26 - MathPaperConverter - INFO - 在输入目录中找到 1 个文件
2025-06-07 00:37:26 - MathPaperConverter - INFO - 开始处理文件: 2024_math_nation_newI.pdf
2025-06-07 00:37:26 - MathPaperConverter - INFO - 开始处理文件：2024_math_nation_newI.pdf
2025-06-07 00:37:26 - MathPaperConverter - INFO - 开始处理PDF文件: input/2024_math_nation_newI.pdf
2025-06-07 00:37:27 - MathPaperConverter - INFO - PDF共 7 页
2025-06-07 00:37:27 - MathPaperConverter - INFO - 处理第 1/7 页
2025-06-07 00:37:55 - MathPaperConverter - INFO - 处理第 2/7 页
2025-06-07 00:38:19 - MathPaperConverter - INFO - 处理第 3/7 页
2025-06-07 00:38:46 - MathPaperConverter - INFO - 处理第 4/7 页
2025-06-07 00:39:03 - MathPaperConverter - INFO - 处理第 5/7 页
2025-06-07 00:39:28 - MathPaperConverter - INFO - 处理第 6/7 页
2025-06-07 00:39:44 - MathPaperConverter - INFO - 处理第 7/7 页
2025-06-07 00:39:47 - MathPaperConverter - DEBUG - OCR 识别结果:
2025-06-07 00:39:47 - MathPaperConverter - DEBUG - --------------------------------------------------
2025-06-07 00:39:47 - MathPaperConverter - DEBUG - ---
title: 数学试卷
date: 2025-06-07
type: math_paper
version: 1.3.1
---

绝宿 $$数$$ 文 $$一$$ 启用前 $$在$$ $$上$$ $$逊$$ $$垂 值$$ $$的$$ $$国 怠$$ 2024年普通高等学校招生全国统一考试(新课标1卷》 数学 本试卷共10页,19小题,满分150分. $$8$$ 注意争项: 1.答题前,先 $$户$$ 将自己的姓名,准 $$户$$ 考证号,考场 $$户$$ 号,座位号填写在试卷和答题卡上,并将准考证 号条形码粘贴在答题卡上的指定位置. 2.选择题的作答:每小题选出答案 $$一$$ 后,用28铅笔把答题卡上对应题日的答案标号涂黑.写在试 卷,草稿纸和答题卡上的非答题区域均无效. 3.填空题和解答题的作答:用黑色签字笔直接答在答题卡上对应的答题区域内.写在试卷,草 稿 $$苹$$ 纸和答题卡上的非答题区基均无效. 4.考试结束后,请将本试卷和答题卡一并上交. 一,选 $$朱$$ 择题:本题共8小题,每小题5分,共40 $$n$$ 分.在每小题给出的四个选项中,只有 一个选项是正确的,请把正确的选项填涂在答题卡相应的位星上. 1E $$选 择 题$$ A狄合《< $$本 题 共$$ M-5$< $$题$$ $$舜$$ $$题$$ $$分$$ $$共$$ $$分$$ $$在 每$$ $$题$$ $$给 出$$ $$的 四$$ $$选 项 中$$ $$RE$$ 巩<引, 8= $53-D0.23} ,则An8=() A $$考 试$$ .人1 $$结 束 后$$ 0 $$请 将 本 试$$ 8 $$HH$$ .{2, $$答 题 卡$$ 3} $$并 上 交$$ Cc.3,-1$.0)D.{-1$,0,2} $$稽 纸 和$$ 2砻 $$答 题$$ 二= $$卡 上 的$$ $1+i,则z $$答 题 区$$ =( $$域 均 无 效$$ A $$填 空 题 和$$ —$1-i $$解 答 题 的$$ $$作$$ 8.— $$用 心 色$$ $1+i $$签 字 笔$$ $$直 接 答 在 答 题$$ Cc$1-i $$卡 上 对$$ $$应 的 答 题 区 域$$ D.$1+i $$内$$ $$写$$ $$在 试 卷$$ $$草$$ $$卷$$ 3.己 $$草 稽 纸 和$$ 知向址= $$答 题 卡$$ (0,0), $$上 的$$ =(2,) $$答 题 区$$ ,#5L $$域 均 无 效$$ (b-4$a),Mx=C) $$号$$ A $$条 形 码$$ 一2 $$贴 在 答 题$$ $$卡 上$$ 8, $$的 指 定 位 置$$ -1$C.1D.2 不 . $$答 题 前$$ 己知c0s( $$先 将 自 己 的$$ X+)=pt $$姓 名$$ antan $$准 考 证 号$$ 厂=2,则c $$考 圭 号$$ 0s(x-厂 $$座 位 号$$ =〔 $$填 写$$ ) $$在 试$$ $$卷 和$$ $$答 题 卡$$ $$上$$ $$亚$$ $$将 准 考 证$$ $$注$$ $$意 定 项$$ mmA.3m8.一一C.万D.3m 33 $$本 试$$ .己 $$卷 共$$ 知凶柱 $$页$$ 和圆锥的底 $$题$$ 面半径 $$浦 分$$ 相线,侧 $$分$$ 面积相线,且它们的穴均为3,则圆锥的体积为() wn A.2318.3v3rC.631D.9\3n 6.amm $$文$$ gwyt- $$纵 密$$ $$启 用 前$$ [ $$年 普 通 高$$ 一 $$等 学 校 招 生 全 国 统$$ $$考 试$$ $$新 课$$ $$标$$ $$卷$$ 2 8x一Q心<0,在又上十调通增,则a友值的酣团 是(.er+1$n(r+D),x>0 第1页/共7页 $$仪$$ $$共$$ $$3$$ $$3$$ $$3$$ $$3$$ $$径 相$$ $$四$$ $$且$$ $$和$$ $$枝$$ $$面$$ $$面$$ $$向 址$$ $$=$$ $$卡 相 应 的 位 景 上$$ $$确 的 选 项 填 涂 在 答 题$$ $$请 把 正$$ $$选 项 是 正 确$$ $$的$$ $$8 铅$$ $$涂 心$$ $$在 试$$ $$写$$ $$的 答 案 标 号$$ $$应 题$$ $$卡 上 对$$ $$把 答 题$$ $$笔$$ $$用$$ $$答 案 后$$ $$选 出$$ $$题$$ $$选 择 题 的$$ $$每$$ $$作 答$$ $$数 学$$

---
title: 数学试卷
date: 2025-06-07
type: math_paper
version: 1.3.1
---

A,(c0,0]8.[-101$c[-u]D.[0,+0$) 7.当xf[0,2z]时,一线=s$∈$x与y=2$s$∈$ {3 $3-2$ se0CH A.38.4C.6D.8 8.己知函数为/C0的定义基为R,丫(5)>丫(r-小+丨x~2),且当x<3时丨(x)=x,则下初结论中一 定 $$大$$ 正确的是( $$尸$$ 》 $$峙$$ $$定$$ $$的$$ $$单$$ $$积$$ A. $$适 型$$ f(10 $$\right) 可 以$$ )>100 $$成 炭$$ $$的$$ $$办$$ $$将$$ $$农 作 图$$ 8 $$的$$ .f(20)> $$知$$ 1000 $$华 标 原$$ $$且$$ $$上$$ $$足 横$$ $$圣$$ C. $$当$$ £(10)<1000 $$4$$ $$一$$ D. $$当$$ £(20)<10000 $$一$$ $$一$$ 二,选 $$怠$$ 择题:本题共 $$佩$$ 3小题,每小题6分,共1 $$当$$ 8分.在每小 $$一$$ 题给出 $$一$$ 的选项中,有多项符合 题日要 $$数 一$$ 求.全部选对得6分,部分选对的得部分分,选对但不全的得部分分,有选错的得0 分. 9. $$尸$$ 为了解推动出号后的岫收人〔单位;万元》恍况,从 $$尸$$ 该种某区抽取样本,役到推动山号后帛收人的样本 均 $$尸$$ 值 $$丁$$ 么=2.1,样本方娥52=0.01,己知谈种粒区以往的 $$尸$$ 宗 $$元$$ 收人又服从正态分布NX(1.8,0.化),假设推动 $$Pi$$ 出 $$VA$$ 号后刊岫收人y服从正态分布W(豆33),则(》(若陆机变址2服从正态分布N(xa2), $$出$$ P(2 $$后$$ <u+0$)~ $$人$$ 0.8413 $$从 正 态$$ ) $$N$$ $$苹$$ $$变 址$$ $$从 正 态$$ $$N$$ A $$值$$ P(X>2)> $$样$$ 02 $$方 莲$$ $$杵 区 以 往$$ 8.P(X $$收 人 弋$$ >2)<0 $$从 正 态$$ .5 $$N$$ $$钟 设 推$$ Cc.P $$了$$ (r>2)>05 $$后$$ $$收 人$$ $$万$$ $$况$$ $$从$$ D.P(Y> $$区$$ 2 $$抽 取$$ )<08 $$本$$ $$补$$ $$己$$ $$后$$ $$收 人 的$$ $$题$$ 10.W $$要 求$$ E5 $$全 部 选 对 得$$ ()=(x—12(xc— $$分$$ 4), $$部$$ 则 $$分 选 对$$ (. $$的 得 部 分$$ $$分$$ $$选 对 但 不$$ $$全 的 得 部$$ $$分 分$$ $$有 选 键 的 得$$ A.x $$选 择 题$$ =3R5W) $$本 题 共$$ 的极小值点 $$题$$ $$每$$ $$题$$ $$分$$ $$共$$ 8.当 $$分$$ 0<x $$在 每$$ <1时 $$题$$ ,/ $$给 出$$ (GJ< $$的 选 项 中$$ T(x) $$有 多 项 符$$ C $$一$$ H1<x<2M,~4<f(Q2x-1$)<0D. $$一$$ 当-L<x<0时,/($2-习> 11. $$一$$ 造型j可以做成炳丽的丝布,将具罚作图中凶线C的 $$一$$ 一部分.己知C过坂标原点0.且C上的点满足横坐 $$定 正$$ 标大于- $$见$$ 2,到点乙(2,0)的距离与到定李线x=a(a<0)的距离之积为4,则() 第2页/共7页 $$见$$ $$共$$ $$分$$ $$定 义$$ $$下$$ $$且 当$$ $$敷$$ $$知$$ $$一$$ $$一$$ $$一$$ $$一$$ $$数$$ $$的 交$$ $$当$$

---
title: 数学试卷
date: 2025-06-07
type: math_paper
version: 1.3.1
---

了 ~ [ Agd= $$苹$$ -2$ $$交$$ $$且$$ $$P$$ $$面$$ 8.炉(2V2,0) $$方 程$$ 在C上 C.C在第一像限的点的纵坐标的坏大值为1D.当炎(xm,加)坊C上时,加万~为 $$己 知$$ $$尸$$ $$C$$ $$上 两$$ 十2 三,填空题:本题共3小题,每小题5分,共15分. 12.8 $$苹$$ R1 $$C$$ C5 $$面$$ L10 $$8$$ >0,550)的左右焦点分别为厂,尼,过尸作平行于》轴的直线交C于48 两炎,湛|RA|13,|48厂10,则C的禽心率为 13.81y=+x在炉(0,1)处的切线也是曲线了=1nCe+1$)+a的切线,则4= 14.卫 $$齐 农$$ ,九两人各 $$在 此 后$$ 有凶张卡 $$轮$$ 片, $$不$$ 铁张卡 $$他 用$$ 片上标有一 $$轮$$ 个数 $$赛 后$$ 字,亿 $$吴 的$$ 的E $$总 役$$ 片上分 $$不$$ 别标有数字 $$率$$ [,3,5,7,乙的E 片上分别标有数字2,4,6,8,两人迹行凶轮比焦,在每轮比赛中,两人各自从 $$后 号$$ 自己持有的卡片中隆机送 一 $$上$$ 张,干 $$标 月 敬$$ 比较所选卡片上数字的 $$两 人$$ 大小,数字大的 $$£13$$ 人得 $$在 租$$ 1分, $$比 赛$$ 数字 $$中$$ 小的 $$两$$ $$人 号$$ 人得0分 $$从$$ ,然 $$己$$ 后 $$有 的$$ 各自弃盟此轮所选的 专片 $$王$$ (弈 $$乙 两 人$$ 星的卡 $$各 有$$ 片在此后的轮 $$E$$ 次中不能 $$上 标 有$$ 使用〉.则凶 $$数 字$$ 轮比赛 $$吴 的$$ 后,号的 $$上$$ 总得分 $$标 有 数 字$$ 不小于2的题率为_ $$乙 的$$ 四 $$苹$$ ,解 $$线$$ 答题:本题 $$在$$ 共5小题 $$处$$ ,共7 $$也 日$$ 7分. $$线$$ 解答应写出文字说明,证明过程或演管步骤. 15.记Ad48C内角十8,C的对边分别为a,5,c己知s$∈$C=v2c0s8,at+b=?=~[2ab (1)3K8: (2) $$双$$ 著ad $$线$$ 8C的面积为$3+v5,Re. $$圣 后$$ $$厂$$ $$厂$$ $$户$$ $$平$$ $$粒$$ $$交$$ 16.己知A(0,3)和p创为船町C:沥+ $$在$$ $$尝$$ $$垄$$ $$坏 大 值$$ 公 $$当$$ $$在$$ $$上$$ =1Ca>b>0)上两炉. a (1)求C的离心率; 2)若过尸的直线/交C于另一点8,一ad8P的面积为9 $$J2$$ ,求/的 $$在$$ 方程 $$上$$ . 17.如囡,凶棺锥P-~Ad8CD中,PdL底面48CD,P4=AdC=2,8C=1,48=3. 第3页/共7页 $$见$$ $$共$$ $$尸$$ $$一$$ $$C$$ $$尸$$ $$CD$$ $$P$$ $$C$$ $$面$$ $$棺$$ $$如 囹$$ $$8$$ $$宥$$ $$的 咤$$ $$8$$ $$C$$ $$ad$$ $$己$$ $$C$$ $$J2$$ $$J2$$ $$证 明 过$$ $$或 演 算 步 骠$$ $$程$$ $$文 字 说 明$$ $$解 答 应 写 出$$ $$共$$ $$题$$ $$本 题 共$$ $$解 答 题$$ $$四$$ $$分$$ $$数 字$$ $$数 字 大$$ $$所 选$$ $$齐 罡 此$$ $$AT}$$ $$人$$ $$大$$ $$上 数$$ $$较 所 选$$ $$两$$ $$率$$ $$离$$ $$=$$ $$尸$$ $$题$$ $$题$$ $$本 题 共$$ $$坑 空 题$$ $$分$$ $$共$$ $$分$$ $$每$$ $$志$$

---
title: 数学试卷
date: 2025-06-07
type: math_paper
version: 1.3.1
---

~ (1)若4DLP8,,证明:AD//平面P8C: $$尸$$ (2)若4D $$尸$$ LDC,且二面角$4-~CP-Dmi2,RAD. ~18.8AEK(x)=1n $$论 两$$ $$数$$ $$和$$ $$救$$ $$怠$$ $$可$$ $$数$$ $$楚 率$$ s"—+ax+b(x = 1) ’ (1D $$当$$ 著=0,且广Ce) $$敷$$ >0,求e的最小值; $$怠$$ $$可$$ $$数$$ (2)证明, $$有$$ 曲线=f(x)昶中心对称囹 $$伙 数$$ 形; $$怠$$ $$可$$ $$数$$ $$数$$ (3)砻厂a>-2$当且仅当1<x%<2,汇5的佐值范图. $$的$$ 19.设 $$项 可$$ 瓜为 $$被 平$$ 正整数,数列 $$组$$ ,Q $$东 铁$$ ,,..,Gama是 $$数$$ 公差不为 $$成$$ 0的等 $$E$$ 差数列,砻 $$救$$ 从中刚去两项4和Q $$怠$$ (7<月 $$可$$ 后制余 的4项可 $$正 整$$ 袋 $$数$$ 平均分 $$敷$$ 为仁组,且每组的 $$是$$ 4个 $$柳 不$$ 数郝能构成等 $$恩 数$$ 差数列, $$若 从$$ 则称数列 $$去 两 项$$ QeU $$和$$ y是(月 $$后$$ 一可 $$余$$ 分 数列. $$苹$$ $$一$$ $$当 且 仅$$ $$当$$ $$的 攻 值$$ $$团$$ W0写出所有的( $$子$$ 月,1 $$日 中$$ Ef<<6 $$图$$ ,使数列Qa0,...,65是(月一可分数列; (2) $$苹$$ 当力>3 $$且 一$$ 时,证明:F1, $$的 坂$$ Qy $$值$$ 是(2,13)一可分数列; (3) $$知$$ 从2 $$数 广$$ ,..,4号+2$中一次任取两个数1和i<月,记数列,,a0,...,Qama是(门一可分数列的概率为 号 $$苹$$ ,证明 $$D1 DC$$ :> $$且$$ $$面$$ $$CP$$ $$D$$ $$的 正$$ $$借$$ $$D$$ 第4页/共7页 $$见$$ $$共$$ $$Jaz$$ $$刀 上$$ $$面 P8C$$ $$D$$ $$1$$ $$苹$$ $$H N 人 . AN AN Ne. wp Ne. ATR X Jr : E$$

---
title: 数学试卷
date: 2025-06-07
type: math_paper
version: 1.3.1
---

绝 $$案$$ 密女启用前 $$超$$ $$案$$ 2024年普通高等学校招生全国统一考试(新课标1卷》 $$案$$ 数学 本 $$超$$ 试卷 $$案$$ 共10页,19小题,满分150分. 注意争项: 1. $$超$$ 答题 $$案$$ 前,先将自己的姓名,准考证号,考场号,座位号填写在试卷和答题卡上,并将准考证 号条 $$案$$ 形码粘贴在答题卡上的指定位置. 2.选 $$超$$ 择 $$案$$ 题的作答:每小题选出答案后,用28铅笔把答题卡上对应题日的答案标号涂黑.写在试 卷, $$案$$ 草稿纸和答题卡上的非答题区域均无效. 3.填 $$超$$ 空 $$案$$ 题和解答题的作答:用心色签字笔直接答在答题卡上对应的答题区域内.写在试卷,草 稿 $$案$$ 纸和答题卡上的非答题区域均无效. 4.考 $$超$$ 试 $$案$$ 结束后,请将本试卷和答题卡一并上交. 一 $$超$$ ,选 $$案$$ 择题:本题共8小题,每小题5分,共40分.在每小题给出的四个选项中,只有 一个选项是正确的,请把正确的选项填涂在答题卡相应的位星上. [1 $$选 项 是 正 确$$ 题答案] $$的$$ $$请 把 正$$ $$确 的 选 项 填 涂 在 答 题$$ $$卡 相 应 的 位 景 上$$ [答 $$选 择 题$$ 案]A $$本 题 共$$ $$题$$ $$舜$$ $$题$$ $$分$$ $$共$$ $$分$$ $$在 每$$ $$题$$ $$给 出$$ $$的 四$$ $$选 项 中$$ $$RE$$ [ $$考 试$$ 2题 $$结 束 后$$ 答案] $$请 将 本 试$$ $$HH$$ $$答 题 卡$$ $$并 上 交$$ $$稽 纸 和$$ [答案 $$答 题$$ ]C $$卡 上 的$$ $$答 题 区$$ $$域 均 无 效$$ [ $$填 空 题 和$$ 3题答案] $$解 答 题 的$$ $$作$$ $$用 心 色$$ $$签 字 笔$$ $$直 接 答 在 答 题$$ $$卡 上 对$$ $$应 的 答 题 区 域$$ $$内$$ $$写$$ $$在 试 卷$$ $$草$$ $$卷$$ [答 $$草 稽 纸 和$$ 案]D $$答 题 卡$$ $$上 的$$ $$答 题 区$$ $$域 均 无 效$$ [ $$选 择 题 的$$ 4题答案] $$作 答$$ $$每$$ $$题$$ $$选 出$$ $$答 案 后$$ $$用$$ $$8 铅$$ $$笔$$ $$把 答 题$$ $$卡 上 对$$ $$应 题$$ $$的 答 案 标 号$$ $$涂 心$$ $$写$$ $$在 试$$ $$号$$ [ $$条 形 码$$ 答案]A $$贴 在 答 题$$ $$卡 上$$ $$的 指 定 位 置$$ [ $$答 题 前$$ 5题答案] $$先 将 自 己 的$$ $$姓 名$$ $$准 考 证 号$$ $$考 圭 号$$ $$座 位 号$$ $$填 写$$ $$在 试$$ $$卷 和$$ $$答 题 卡$$ $$上$$ $$亚$$ $$将 准 考 证$$ $$注$$ [ $$意 定 项$$ 答案]8 $$本 试$$ [6 $$卷 共$$ 题答案] $$页$$ $$题$$ $$浦 分$$ $$分$$ [答案]8 $$数 学$$ [7题答案] $$年 普 通 高$$ $$等 学 校 招 生 全 国 统$$ $$考 试$$ $$新 课$$ $$标$$ $$卷$$ [答案]C 第5页/共7页 $$见$$ $$共$$ $$案$$ $$案$$ $$文$$ $$肢 用 前$$ $$统 密$$

---
title: 数学试卷
date: 2025-06-07
type: math_paper
version: 1.3.1
---

[8题答案] [答案]8 二, $$案$$ 选择题:本 $$见$$ 题共 $$析$$ 3小题,每小题6分,共18分.在每小题给出的选项中,有多项符合 题日 $$愚$$ 要求.全部选对得6分,部分选对的得部分分,选对但不全的得部分分,有选错的得0 分. [9题答案] $$的$$ $$1,$$ [答 $$案$$ 案]8C [10 $$愚$$ 题答案] [答 $$J2$$ 案]ACD [11题答案] [答 $$案$$ 案]A8D 三, $$愚$$ 填空题:本题共3小题,每小题5分,共15分. $$四$$ [12 $$解 答 题$$ 题答案] $$本 题 共$$ $$题$$ $$共$$ $$分$$ $$解 答 应 写 出$$ $$文$$ $$字 说 明$$ $$证 明 过$$ $$程 或$$ $$演 算 步 骠$$ x $$案$$ y3[答 宋]五 [13 $$愚$$ 题答案] [答 $$案$$ 案]1n2 [14 $$愚$$ 题答案] [答 $$案$$ 案]二指0.5 四, $$愚$$ 解答题:本题共5小题,共77分.解答应写出文字说明,证明过程或演算步骤. [15 $$坑 空 题$$ 题答案] $$本 题 共$$ $$题$$ $$每$$ $$题$$ $$分$$ $$共$$ $$分$$ [答 $$案$$ 室](L)=三 (2) $$案$$ 22 [16 $$愚$$ 题答案] [答 $$案$$ 案]C$1+ (2 $$超$$ )直 $$案$$ 线[的方程为3x-$27-~-6$=0或x-27$=0. [17题答案] [答案](1》证明见解析 (2)妓 第6页/共7页 $$见$$ $$共$$ $$3$$ $$案$$ $$题$$ $$分$$ $$选 对 但 不 全 的 得 部$$ $$部 分 选 对 的 得 部$$ $$全 部 选 对 得$$ $$题$$ $$有 选 错 的 得$$ $$分 分$$ $$分 分$$ $$分$$ $$耍 求$$ $$题 给$$ $$本 题 共$$ $$选 择 题$$ $$有 多 项 符$$ $$出 的 选 项 中$$ $$分$$ $$共$$ $$分$$ $$题$$ $$每$$ $$题$$ $$在 每$$ $$案$$ $$颊$$ $$案$$

---
title: 数学试卷
date: 2025-06-07
type: math_paper
version: 1.3.1
---

[18题答案] [ER1(DD-2$ (2)证明见解析(3)b$2-2$ [19题答案] LER(0(1,2),(16),(5.6) (2)证明见解析(3)证明见解析 第7页/共7页 $$见$$ $$共$$ $$见$$ $$见$$ $$析$$ $$析$$ $$案$$ $$愚$$ $$见$$ $$析$$ $$案$$ $$愚$$
2025-06-07 00:39:47 - MathPaperConverter - DEBUG - --------------------------------------------------
2025-06-07 00:39:47 - MathPaperConverter - INFO - 开始转换为Markdown格式
2025-06-07 00:39:47 - MathPaperConverter - DEBUG - 输入文本长度: 9205 字符
2025-06-07 00:39:47 - MathPaperConverter - INFO - Markdown转换完成
2025-06-07 00:39:47 - MathPaperConverter - DEBUG - 输出文本长度: 8716 字符
2025-06-07 00:39:47 - MathPaperConverter - DEBUG - Markdown 转换结果:
2025-06-07 00:39:47 - MathPaperConverter - DEBUG - --------------------------------------------------
2025-06-07 00:39:47 - MathPaperConverter - DEBUG - ---
title: 数学试卷
date: 2025-06-07
type: math_paper
version: 1.3.1
---

---
title: 数学试卷
date: 2025-06-07
type: math_paper
version: 1.3.1
---

绝宿 
数
 文 
一
 启用前 
在

上

逊

垂 值

的

国 怠
 2024年普通高等学校招生全国统一考试(新课标1卷》 数学 本试卷共10页,19小题,满分150分. 
8
 注意争项: 1.答题前,先 
户
 将自己的姓名,准 
户
 考证号,考场 
户
 号,座位号填写在试卷和答题卡上,并将准考证 号条形码粘贴在答题卡上的指定位置. 2.选择题的作答:每小题选出答案 
一
 后,用28铅笔把答题卡上对应题日的答案标号涂黑.写在试 卷,草稿纸和答题卡上的非答题区域均无效. 3.填空题和解答题的作答:用黑色签字笔直接答在答题卡上对应的答题区域内.写在试卷,草 稿 
苹
 纸和答题卡上的非答题区基均无效. 4.考试结束后,请将本试卷和答题卡一并上交. 一,选 
朱
 择题:本题共8小题,每小题5分,共40 
n
 分.在每小题给出的四个选项中,只有 一个选项是正确的,请把正确的选项填涂在答题卡相应的位星上. 1E 
选 择 题
 A狄合《< 
本 题 共
 M-5
$< $
$题$
$ $
$舜$
$ $
$题$
$ $
$分$
$ $
$共$
$ $
$分$
$ $
$在 每$
$ $
$题$
$ $
$给 出$
$ $
$的 四$
$ $
$选 项 中$
$ $
$RE$
$ 巩<引, 8= $
53-D0.23} ,则An8=() A 
考 试
 .人1 
结 束 后
 0 
请 将 本 试
 8 
HH
 .{2, 
答 题 卡
 3} 
并 上 交
 Cc.3,-1
$.0)D.{-1$
,0,2} 
稽 纸 和
 2砻 
答 题
 二= 
卡 上 的

$1+i,则z $
$答 题 区$
$ =( $
$域 均 无 效$
$ A $
$填 空 题 和$
$ —$
1-i 
解 答 题 的

作
 8.— 
用 心 色

$1+i $
$签 字 笔$
$ $
$直 接 答 在 答 题$
$ Cc$
1-i 
卡 上 对

应 的 答 题 区 域
 D.
$1+i $
$内$
$ $
$写$
$ $
$在 试 卷$
$ $
$草$
$ $
$卷$
$ 3.己 $
$草 稽 纸 和$
$ 知向址= $
$答 题 卡$
$ (0,0), $
$上 的$
$ =(2,) $
$答 题 区$
$ ,#5L $
$域 均 无 效$
$ (b-4$
a),Mx=C) 
号
 A 
条 形 码
 一2 
贴 在 答 题

卡 上
 8, 
的 指 定 位 置
 -1
$C.1D.2 不 . $
$答 题 前$
$ 己知c0s( $
$先 将 自 己 的$
$ X+)=pt $
$姓 名$
$ antan $
$准 考 证 号$
$ 厂=2,则c $
$考 圭 号$
$ 0s(x-厂 $
$座 位 号$
$ =〔 $
$填 写$
$ ) $
$在 试$
$ $
$卷 和$
$ $
$答 题 卡$
$ $
$上$
$ $
$亚$
$ $
$将 准 考 证$
$ $
$注$
$ $
$意 定 项$
$ mmA.3m8.一一C.万D.3m 33 $
$本 试$
$ .己 $
$卷 共$
$ 知凶柱 $
$页$
$ 和圆锥的底 $
$题$
$ 面半径 $
$浦 分$
$ 相线,侧 $
$分$
$ 面积相线,且它们的穴均为3,则圆锥的体积为() wn A.2318.3v3rC.631D.9\3n 6.amm $
$文$
$ gwyt- $
$纵 密$
$ $
$启 用 前$
$ [ $
$年 普 通 高$
$ 一 $
$等 学 校 招 生 全 国 统$
$ $
$考 试$
$ $
$新 课$
$ $
$标$
$ $
$卷$
$ 2 8x一Q心<0,在又上十调通增,则a友值的酣团 是(.er+1$
n(r+D),x>0 第1页/共7页 
仪

共

3

3

3

3

径 相

四

且

和

枝

面

面

向 址

=

卡 相 应 的 位 景 上

确 的 选 项 填 涂 在 答 题

请 把 正

选 项 是 正 确

的

8 铅

涂 心

在 试

写

的 答 案 标 号

应 题

卡 上 对

把 答 题

笔

用

答 案 后

选 出

题

选 择 题 的

每

作 答

数 学

---
title: 数学试卷
date: 2025-06-07
type: math_paper
version: 1.3.1
---

A,(c0,0]8.[-101
$c[-u]D.[0,+0$
) 7.当xf[0,2z]时,一线=s
$∈$
x与y=2
$s$
∈
$ {3 $
3-2
$ se0CH A.38.4C.6D.8 8.己知函数为/C0的定义基为R,丫(5)>丫(r-小+丨x~2),且当x<3时丨(x)=x,则下初结论中一 定 $
$大$
$ 正确的是( $
$尸$
$ 》 $
$峙$
$ $
$定$
$ $
$的$
$ $
$单$
$ $
$积$
$ A. $
$适 型$
$ f(10 $
$\right) 可 以$
$ )>100 $
$成 炭$
$ $
$的$
$ $
$办$
$ $
$将$
$ $
$农 作 图$
$ 8 $
$的$
$ .f(20)> $
$知$
$ 1000 $
$华 标 原$
$ $
$且$
$ $
$上$
$ $
$足 横$
$ $
$圣$
$ C. $
$当$
$ £(10)<1000 $
$4$
$ $
$一$
$ D. $
$当$
$ £(20)<10000 $
$一$
$ $
$一$
$ 二,选 $
$怠$
$ 择题:本题共 $
$佩$
$ 3小题,每小题6分,共1 $
$当$
$ 8分.在每小 $
$一$
$ 题给出 $
$一$
$ 的选项中,有多项符合 题日要 $
$数 一$
$ 求.全部选对得6分,部分选对的得部分分,选对但不全的得部分分,有选错的得0 分. 9. $
$尸$
$ 为了解推动出号后的岫收人〔单位;万元》恍况,从 $
$尸$
$ 该种某区抽取样本,役到推动山号后帛收人的样本 均 $
$尸$
$ 值 $
$丁$
$ 么=2.1,样本方娥52=0.01,己知谈种粒区以往的 $
$尸$
$ 宗 $
$元$
$ 收人又服从正态分布NX(1.8,0.化),假设推动 $
$Pi$
$ 出 $
$VA$
$ 号后刊岫收人y服从正态分布W(豆33),则(》(若陆机变址2服从正态分布N(xa2), $
$出$
$ P(2 $
$后$
$ <u+0$
)~ 
人
 0.8413 
从 正 态
 ) 
N

苹

变 址

从 正 态

N
 A 
值
 P(X>2)> 
样
 02 
方 莲

杵 区 以 往
 8.P(X 
收 人 弋
 >2)<0 
从 正 态
 .5 
N

钟 设 推
 Cc.P 
了
 (r>2)>05 
后

收 人

万

况

从
 D.P(Y> 
区
 2 
抽 取
 )<08 
本

补

己

后

收 人 的

题
 10.W 
要 求
 E5 
全 部 选 对 得
 ()=(x—12(xc— 
分
 4), 
部
 则 
分 选 对
 (. 
的 得 部 分

分

选 对 但 不

全 的 得 部

分 分

有 选 键 的 得
 A.x 
选 择 题
 =3R5W) 
本 题 共
 的极小值点 
题

每

题

分

共
 8.当 
分
 0<x 
在 每
 <1时 
题
 ,/ 
给 出
 (GJ< 
的 选 项 中
 T(x) 
有 多 项 符
 C 
一
 H1<x<2M,~4<f(Q2x-1
$)<0D. $
$一$
$ 当-L<x<0时,/($
2-习> 11. 
一
 造型j可以做成炳丽的丝布,将具罚作图中凶线C的 
一
 一部分.己知C过坂标原点0.且C上的点满足横坐 
定 正
 标大于- 
见
 2,到点乙(2,0)的距离与到定李线x=a(a<0)的距离之积为4,则() 第2页/共7页 
见

共

分

定 义

下

且 当

敷

知

一

一

一

一

数

的 交

当

---
title: 数学试卷
date: 2025-06-07
type: math_paper
version: 1.3.1
---

了 ~ [ Agd= 
苹
 -2
$ $
$交$
$ $
$且$
$ $
$P$
$ $
$面$
$ 8.炉(2V2,0) $
$方 程$
$ 在C上 C.C在第一像限的点的纵坐标的坏大值为1D.当炎(xm,加)坊C上时,加万~为 $
$己 知$
$ $
$尸$
$ $
$C$
$ $
$上 两$
$ 十2 三,填空题:本题共3小题,每小题5分,共15分. 12.8 $
$苹$
$ R1 $
$C$
$ C5 $
$面$
$ L10 $
$8$
$ >0,550)的左右焦点分别为厂,尼,过尸作平行于》轴的直线交C于48 两炎,湛|RA|13,|48厂10,则C的禽心率为 13.81y=+x在炉(0,1)处的切线也是曲线了=1nCe+1$
)+a的切线,则4= 14.卫 
齐 农
 ,九两人各 
在 此 后
 有凶张卡 
轮
 片, 
不
 铁张卡 
他 用
 片上标有一 
轮
 个数 
赛 后
 字,亿 
吴 的
 的E 
总 役
 片上分 
不
 别标有数字 
率
 [,3,5,7,乙的E 片上分别标有数字2,4,6,8,两人迹行凶轮比焦,在每轮比赛中,两人各自从 
后 号
 自己持有的卡片中隆机送 一 
上
 张,干 
标 月 敬
 比较所选卡片上数字的 
两 人
 大小,数字大的 
£13
 人得 
在 租
 1分, 
比 赛
 数字 
中
 小的 
两

人 号
 人得0分 
从
 ,然 
己
 后 
有 的
 各自弃盟此轮所选的 专片 
王
 (弈 
乙 两 人
 星的卡 
各 有
 片在此后的轮 
E
 次中不能 
上 标 有
 使用〉.则凶 
数 字
 轮比赛 
吴 的
 后,号的 
上
 总得分 
标 有 数 字
 不小于2的题率为_ 
乙 的
 四 
苹
 ,解 
线
 答题:本题 
在
 共5小题 
处
 ,共7 
也 日
 7分. 
线
 解答应写出文字说明,证明过程或演管步骤. 15.记Ad48C内角十8,C的对边分别为a,5,c己知s
$∈$
C=v2c0s8,at+b=?=~[2ab (1)3K8: (2) 
双
 著ad 
线
 8C的面积为
$3+v5,Re. $
$圣 后$
$ $
$厂$
$ $
$厂$
$ $
$户$
$ $
$平$
$ $
$粒$
$ $
$交$
$ 16.己知A(0,3)和p创为船町C:沥+ $
$在$
$ $
$尝$
$ $
$垄$
$ $
$坏 大 值$
$ 公 $
$当$
$ $
$在$
$ $
$上$
$ =1Ca>b>0)上两炉. a (1)求C的离心率; 2)若过尸的直线/交C于另一点8,一ad8P的面积为9 $
$J2$
$ ,求/的 $
$在$
$ 方程 $
$上$
$ . 17.如囡,凶棺锥P-~Ad8CD中,PdL底面48CD,P4=AdC=2,8C=1,48=3. 第3页/共7页 $
$见$
$ $
$共$
$ $
$尸$
$ $
$一$
$ $
$C$
$ $
$尸$
$ $
$CD$
$ $
$P$
$ $
$C$
$ $
$面$
$ $
$棺$
$ $
$如 囹$
$ $
$8$
$ $
$宥$
$ $
$的 咤$
$ $
$8$
$ $
$C$
$ $
$ad$
$ $
$己$
$ $
$C$
$ $
$J2$
$ $
$J2$
$ $
$证 明 过$
$ $
$或 演 算 步 骠$
$ $
$程$
$ $
$文 字 说 明$
$ $
$解 答 应 写 出$
$ $
$共$
$ $
$题$
$ $
$本 题 共$
$ $
$解 答 题$
$ $
$四$
$ $
$分$
$ $
$数 字$
$ $
$数 字 大$
$ $
$所 选$
$ $
$齐 罡 此$
$ $
$AT}$
$ $
$人$
$ $
$大$
$ $
$上 数$
$ $
$较 所 选$
$ $
$两$
$ $
$率$
$ $
$离$
$ $
$=$
$ $
$尸$
$ $
$题$
$ $
$题$
$ $
$本 题 共$
$ $
$坑 空 题$
$ $
$分$
$ $
$共$
$ $
$分$
$ $
$每$
$ $
$志$

$$


---
title: 数学试卷
date: 2025-06-07
type: math_paper
version: 1.3.1
---

~ (1)若4DLP8,,证明:AD//平面P8C: 
$$

$尸$
$ (2)若4D $
$尸$
$ LDC,且二面角$
4-~CP-Dmi2,RAD. ~18.8AEK(x)=1n 
论 两

数

和

救

怠

可

数

楚 率
 s"—+ax+b(x = 1) ’ (1D 
当
 著=0,且广Ce) 
敷
 >0,求e的最小值; 
怠

可

数
 (2)证明, 
有
 曲线=f(x)昶中心对称囹 
伙 数
 形; 
怠

可

数

数
 (3)砻厂a>-2
$当且仅当1<x%<2,汇5的佐值范图. $
$的$
$ 19.设 $
$项 可$
$ 瓜为 $
$被 平$
$ 正整数,数列 $
$组$
$ ,Q $
$东 铁$
$ ,,..,Gama是 $
$数$
$ 公差不为 $
$成$
$ 0的等 $
$E$
$ 差数列,砻 $
$救$
$ 从中刚去两项4和Q $
$怠$
$ (7<月 $
$可$
$ 后制余 的4项可 $
$正 整$
$ 袋 $
$数$
$ 平均分 $
$敷$
$ 为仁组,且每组的 $
$是$
$ 4个 $
$柳 不$
$ 数郝能构成等 $
$恩 数$
$ 差数列, $
$若 从$
$ 则称数列 $
$去 两 项$
$ QeU $
$和$
$ y是(月 $
$后$
$ 一可 $
$余$
$ 分 数列. $
$苹$
$ $
$一$
$ $
$当 且 仅$
$ $
$当$
$ $
$的 攻 值$
$ $
$团$
$ W0写出所有的( $
$子$
$ 月,1 $
$日 中$
$ Ef<<6 $
$图$
$ ,使数列Qa0,...,65是(月一可分数列; (2) $
$苹$
$ 当力>3 $
$且 一$
$ 时,证明:F1, $
$的 坂$
$ Qy $
$值$
$ 是(2,13)一可分数列; (3) $
$知$
$ 从2 $
$数 广$
$ ,..,4号+2$
中一次任取两个数1和i<月,记数列,,a0,...,Qama是(门一可分数列的概率为 号 
苹
 ,证明 
D1 DC
 :> 
且

面

CP

D

的 正

借

D
 第4页/共7页 
见

共

Jaz

刀 上

面 P8C

D

1

苹

H N 人 . AN AN Ne. wp Ne. ATR X Jr : E

---
title: 数学试卷
date: 2025-06-07
type: math_paper
version: 1.3.1
---

绝 
案
 密女启用前 
超

案
 2024年普通高等学校招生全国统一考试(新课标1卷》 
案
 数学 本 
超
 试卷 
案
 共10页,19小题,满分150分. 注意争项: 1. 
超
 答题 
案
 前,先将自己的姓名,准考证号,考场号,座位号填写在试卷和答题卡上,并将准考证 号条 
案
 形码粘贴在答题卡上的指定位置. 2.选 
超
 择 
案
 题的作答:每小题选出答案后,用28铅笔把答题卡上对应题日的答案标号涂黑.写在试 卷, 
案
 草稿纸和答题卡上的非答题区域均无效. 3.填 
超
 空 
案
 题和解答题的作答:用心色签字笔直接答在答题卡上对应的答题区域内.写在试卷,草 稿 
案
 纸和答题卡上的非答题区域均无效. 4.考 
超
 试 
案
 结束后,请将本试卷和答题卡一并上交. 一 
超
 ,选 
案
 择题:本题共8小题,每小题5分,共40分.在每小题给出的四个选项中,只有 一个选项是正确的,请把正确的选项填涂在答题卡相应的位星上. [1 
选 项 是 正 确
 题答案] 
的

请 把 正

确 的 选 项 填 涂 在 答 题

卡 相 应 的 位 景 上
 [答 
选 择 题
 案]A 
本 题 共

题

舜

题

分

共

分

在 每

题

给 出

的 四

选 项 中

RE
 [ 
考 试
 2题 
结 束 后
 答案] 
请 将 本 试

HH

答 题 卡

并 上 交

稽 纸 和
 [答案 
答 题
 ]C 
卡 上 的

答 题 区

域 均 无 效
 [ 
填 空 题 和
 3题答案] 
解 答 题 的

作

用 心 色

签 字 笔

直 接 答 在 答 题

卡 上 对

应 的 答 题 区 域

内

写

在 试 卷

草

卷
 [答 
草 稽 纸 和
 案]D 
答 题 卡

上 的

答 题 区

域 均 无 效
 [ 
选 择 题 的
 4题答案] 
作 答

每

题

选 出

答 案 后

用

8 铅

笔

把 答 题

卡 上 对

应 题

的 答 案 标 号

涂 心

写

在 试

号
 [ 
条 形 码
 答案]A 
贴 在 答 题

卡 上

的 指 定 位 置
 [ 
答 题 前
 5题答案] 
先 将 自 己 的

姓 名

准 考 证 号

考 圭 号

座 位 号

填 写

在 试

卷 和

答 题 卡

上

亚

将 准 考 证

注
 [ 
意 定 项
 答案]8 
本 试
 [6 
卷 共
 题答案] 
页

题

浦 分

分
 [答案]8 
数 学
 [7题答案] 
年 普 通 高

等 学 校 招 生 全 国 统

考 试

新 课

标

卷
 [答案]C 第5页/共7页 
见

共

案

案

文

肢 用 前

统 密

---
title: 数学试卷
date: 2025-06-07
type: math_paper
version: 1.3.1
---

[8题答案] [答案]8 二, 
案
 选择题:本 
见
 题共 
析
 3小题,每小题6分,共18分.在每小题给出的选项中,有多项符合 题日 
愚
 要求.全部选对得6分,部分选对的得部分分,选对但不全的得部分分,有选错的得0 分. [9题答案] 
的

1,
 [答 
案
 案]8C [10 
愚
 题答案] [答 
J2
 案]ACD [11题答案] [答 
案
 案]A8D 三, 
愚
 填空题:本题共3小题,每小题5分,共15分. 
四
 [12 
解 答 题
 题答案] 
本 题 共

题

共

分

解 答 应 写 出

文

字 说 明

证 明 过

程 或

演 算 步 骠
 x 
案
 y3[答 宋]五 [13 
愚
 题答案] [答 
案
 案]1n2 [14 
愚
 题答案] [答 
案
 案]二指0.5 四, 
愚
 解答题:本题共5小题,共77分.解答应写出文字说明,证明过程或演算步骤. [15 
坑 空 题
 题答案] 
本 题 共

题

每

题

分

共

分
 [答 
案
 室](L)=三 (2) 
案
 22 [16 
愚
 题答案] [答 
案
 案]C
$1+ (2 $
$超$
$ )直 $
$案$
$ 线[的方程为3x-$
27-~-6
$=0或x-27$
=0. [17题答案] [答案](1》证明见解析 (2)妓 第6页/共7页 
见

共

3

案

题

分

选 对 但 不 全 的 得 部

部 分 选 对 的 得 部

全 部 选 对 得

题

有 选 错 的 得

分 分

分 分

分

耍 求

题 给

本 题 共

选 择 题

有 多 项 符

出 的 选 项 中

分

共

分

题

每

题

在 每

案

颊

案

---
title: 数学试卷
date: 2025-06-07
type: math_paper
version: 1.3.1
---

[18题答案] [ER1(DD-2
$ (2)证明见解析(3)b$
2-2
$ [19题答案] LER(0(1,2),(16),(5.6) (2)证明见解析(3)证明见解析 第7页/共7页 $
$见$
$ $
$共$
$ $
$见$
$ $
$见$
$ $
$析$
$ $
$析$
$ $
$案$
$ $
$愚$
$ $
$见$
$ $
$析$
$ $
$案$
$ $
$愚$
2025-06-07 00:39:47 - MathPaperConverter - DEBUG - --------------------------------------------------
2025-06-07 00:39:47 - MathPaperConverter - INFO - 已生成 Markdown 文件：output/2024_math_nation_newI_20250607_003947.md
2025-06-07 00:39:47 - MathPaperConverter - INFO - 转换日志已保存到：output/2024_math_nation_newI_20250607_003947_conversion.json
2025-06-07 00:39:47 - MathPaperConverter - INFO - 当前版本（v1.3.0）主要特性：
2025-06-07 00:39:47 - MathPaperConverter - INFO - - 集成equ训练数据支持数学公式识别
2025-06-07 00:39:47 - MathPaperConverter - INFO - - 添加数学符号白名单
2025-06-07 00:39:47 - MathPaperConverter - INFO - - 智能数学公式区域检测
2025-06-07 00:39:47 - MathPaperConverter - INFO - - 自适应图像增强处理
2025-06-07 00:39:47 - MathPaperConverter - INFO - - 数学文本智能校正
2025-06-07 00:39:47 - MathPaperConverter - INFO - - 改进的日志系统（按时间戳分类）
2025-06-07 00:39:47 - MathPaperConverter - INFO - 成功处理：2024_math_nation_newI.pdf
