2025-06-07 00:25:09 - MathPaperConverter - INFO - 日志文件位置: output/logs/20250607/converter_20250607_002509.log
2025-06-07 00:25:09 - MathPaperConverter - INFO - 当前版本: v1.3.1
2025-06-07 00:25:09 - MathPaperConverter - INFO - 操作系统: Darwin 24.5.0
2025-06-07 00:25:09 - MathPaperConverter - INFO - Python版本: 3.10.13 (main, Sep 11 2023, 08:24:56) [Clang 14.0.6 ]
2025-06-07 00:25:09 - MathPaperConverter - INFO - Tesseract版本: 5.5.1
2025-06-07 00:25:09 - MathPaperConverter - INFO - OpenCV版本: 4.11.0
2025-06-07 00:25:09 - MathPaperConverter - INFO - 初始化配置:
2025-06-07 00:25:09 - MathPaperConverter - INFO - - 输入目录: input
2025-06-07 00:25:09 - MathPaperConverter - INFO - - 输出目录: output
2025-06-07 00:25:09 - MathPaperConverter - INFO - - 模板目录: templates
2025-06-07 00:25:09 - MathPaperConverter - INFO - - 临时目录: temp
2025-06-07 00:25:09 - MathPaperConverter - INFO - - 日志目录: output/logs
2025-06-07 00:25:09 - MathPaperConverter - INFO - OCR配置已更新：
2025-06-07 00:25:09 - MathPaperConverter - INFO - - 普通文本：--oem 1 --psm 3 -l chi_sim+eng -c preserve_interword_spaces=1
2025-06-07 00:25:09 - MathPaperConverter - INFO - - 数学公式：--oem 1 --psm 6 -l equ+chi_sim+eng -c tessedit_char_whitelist="0123456789ABCDEFGHIJKLMNOPQRSTUVWXYZabcdefghijklmnopqrstuvwxyz+-=×÷<>≤≥≠≈∈∉⊆⊂⊇⊃∪∩∅∞∫∑∏√∂∇∆∵∴⊥∥∠∟∣∤∥∦∧∨∩∪⊕⊗" -c preserve_interword_spaces=1
2025-06-07 00:25:09 - MathPaperConverter - INFO - MathPaperConverter 版本 1.3.1 初始化完成
2025-06-07 00:25:09 - MathPaperConverter - INFO - 开始批量处理文件
2025-06-07 00:25:09 - MathPaperConverter - INFO - 在输入目录中找到 1 个文件
2025-06-07 00:25:09 - MathPaperConverter - INFO - 开始处理文件: 2024_math_nation_newI.pdf
2025-06-07 00:25:09 - MathPaperConverter - INFO - 开始处理文件：2024_math_nation_newI.pdf
2025-06-07 00:25:09 - MathPaperConverter - INFO - 开始处理PDF文件: input/2024_math_nation_newI.pdf
2025-06-07 00:25:10 - MathPaperConverter - INFO - PDF共 7 页
2025-06-07 00:25:10 - MathPaperConverter - INFO - 处理第 1/7 页
2025-06-07 00:25:27 - MathPaperConverter - INFO - 处理第 2/7 页
2025-06-07 00:25:38 - MathPaperConverter - INFO - 处理第 3/7 页
2025-06-07 00:25:48 - MathPaperConverter - INFO - 处理第 4/7 页
2025-06-07 00:25:54 - MathPaperConverter - INFO - 处理第 5/7 页
2025-06-07 00:26:07 - MathPaperConverter - INFO - 处理第 6/7 页
2025-06-07 00:26:15 - MathPaperConverter - INFO - 处理第 7/7 页
2025-06-07 00:26:17 - MathPaperConverter - DEBUG - OCR 识别结果:
2025-06-07 00:26:17 - MathPaperConverter - DEBUG - --------------------------------------------------
2025-06-07 00:26:17 - MathPaperConverter - DEBUG - ---
title: 数学试卷
date: 2025-06-07
type: math_paper
version: 1.3.1
---

绝密*启用前 2024年普通高等学校招生全国统一考试(新课标[卷》 数学 本试卷共10页,19小题,满分150分. 注意事项: 1.答题前,先 $$∣⊀$$ 将自己的姝叶,准考证史,考场弓,座位号塔写坍试卷和答题卡一,并将准考证 吊条形码粘贴在答题卡上的指定位置. 2.选择题的作答:每小遂选巾答案后,用28铌笔把答题卡上对库题日的答案标口涂黑.写在试 卷,草稿纸和答题卡上的非答题区域均无效 3.填空题和解答题的作答:用黑色篆字笔直接答上答题卡上对库的答题区域内.写地试卷,草 稿 $$=$$ 纸和答题卡上的决答题区域均无效 4考试结柬后,诱将本试卷和答题卡一并上交. -,迪择题,本题共8小题,学小题5分,共40分.在每小题给出的四个选项小,只有 --丨选项是正确的,请把正确的选项填涂在符题卡相应的位置|. $$ANE 1H = 1E$$ $$∶⊞⊟↰$$ fv5 $$MER$$ 0v05 $$1E$$ J $$⋅↧⊡⇆∺$$ $$⋅⋇≢∊⋕⊞$$ ,EETLEANUT $$⋅⊞⊏⊈⊟↰⊡⊞⊥∷$$ $$↹⋅$$ $$⋅⋅⋅↴⊦⋮⋭⊞$$ $$⋅↗⊴⊧↗⊞⊐⇀⇂≝$$ $$∣⊞$$ $$↥↸⊑$$ $$⋅⊞$$ $$⊒≹$$ p1己讥絮口 $$−∣⇃∣$$ $$⋅≢∊⇞−↳⇂$$ , $$⋅⊞$$ ! $$∶≜≏↲↼⊧∐$$ $$⊟↰↑↴⋅≐−−⋅$$ $$⊑↧↨∏⇂−∣−⇃$$ $$HE$$ A $$Hi,$$ dL $$HWE$$ 0 $$EHR$$ 8 $$HEHE$$ .12.3 $$3$$ $$⋅∃⋜↴$$ C主儿L0yD为102 $$⊞≜⊞∃∣⋮∏⇪⊞−∣⋮$$ 2首一一11i,刑 $$⋮⇪↗⊞⊡↹≐≋$$ ) $$∣∃⇂⇀↲∙⋚∉∠↴$$ A $$bit$$ L $$∶⊞$$ i $$∶∃∣⋮∏⊭≨∶⊞$$ $$↟⇚⇪$$ 8. $$HEM$$ 1i $$∣≇$$ $$⋮≑⊊≣≛≢⇪⋅$$ c0 $$⇣⋣∏⇪⊞−∣⋮$$ 1i $$⋅⇪∃⊞⊡∃⊐≖∣⊀⇃$$ D0i $$⋅≣⋣∣⇀⋅⋅$$ $$∶↴∖∃≛∶⋕$$ $$≝⊏$$ $$⋕$$ AL $$⋅⇡↾↾−≇≛⊞↗∓⊔⇪⊞−∣⋮$$ AF=00=x) $$⋅≨⋍⊡∣∑$$ .wh $$TREC$$ bh—4a3).Wx—) A28.1C1D.2 里 $$⋅⇪⊞⊟↧∫$$ 司c0d $$∱↿⊏⋮≭∉∣⋮≡∣$$ eCf) $$2$$ t $$⋠∊⊧−∢∣⊳⋨$$ anCtan $$≹∣≞⊃↿∃↤⊡⋮$$ 尸2,刑e $$⊐⇀∙∃↾∫≨↿$$ 0stfH) $$⊞↿∑⋋⊏$$ $$RE$$ ) $$∎≹∱⊏⇁⊻∽≛∶≞⇍↗∓⊔⇪⊞−∣⋮$$ $$⋚↿∶⋕≸≆≞∃∃↤⊡⋮$$ $$bast$$ $$∶⊞↧⊡$$ 力.A.dm8.一(一D ,33 $$⊐⊧⇁∖∽≛∶⋕⋚⇃∖−⋅$$ 弓命团竞和 $$Pit$$ 固管的裂宗 $$⋅↗⊞$$ 韧芸 $$⊞↯∶≻$$ 月恩,伴 $$↯∶≻$$ 日本用根,片心仇皇胡江罗3,更国芸的体弘办,) A2V378.3V37C.6J3nD.93x C0.C0axenx<0iTR6.口司或规打 $$≞⊞$$ $$⋆$$ $$↗≣⊞⇪⇪$$ 一C一,CTRARENDTg叙氙庞达门尿,)werner0ye HELETi $$NEY$$ $$NE\right)$$ $$NEY$$ $$A1$$ $$A1$$ $$8ir$$ $$⋕∦$$ $$⊞≝≸⊞⇪⊞−∣⋮$$ $$H$$ $$⋅≩⊞∣∥⊞$$ $$⋅↗⊞⇣⊞⊦∦⇪≆↗≣$$ $$⊞$$ $$↟⇚≌⋅⋅$$ $$gia\right]$$ $$⋅⊡↼⋮$$ $$⋅⇟⊟$$ $$⋅∎↿⇃⇃↼≹⊤⋅−⇪⋅⊞−∣⋮$$ $$≝↕≑$$ $$⊞↟≞⇃↯≔⊼↸$$ $$FR$$ $$≛≜⊞≌⋮$$ $$∶∃∣⋝∑≹⊟$$ $$8is$$ $$EXE$$ $$3%$$

---
title: 数学试卷
date: 2025-06-07
type: math_paper
version: 1.3.1
---

A(0.0)8.[1.0]c010D[0 7.5e1[0.2]E,hy—sinafxERTHER=ER1ERUE1E. A)8.4C00D.8 R0UENF0ELRR50>f1e5e2,口与dE5e)x.罚下仲绍论止一 怡正畴的是,) $$ny$$ AU0 $$∣≻∘$$ )>100 $$⋅∣⋮↴∡$$ $$⊏∃$$ $$tt$$ 8.(20)>1000 C了(0)10008R520)<THHHK) 一,选挥起:本颂共3小愚,每小遂6分,共18分.孜每小遂给小的选项中,月多项符合 魇日驱求.全郜选对征6分,祷分选对的徐郜分分,迪对但不全的征郜分分,有选铿的征0 分. 0.ygR1EETA0TTEPie0EEPRAAAfeFLDAL FyT=200FAa=000.AE1RRELAETE5TALR)dey C1CER0AY8NETTEA(]m1C0EEA2NEETN(na) P2<u)s0843) $$TH$$ $$=$$ $$TH$$ APLV>21>0.28.P(N>2)<03 $$−∣⋅∙↰−$$ CPC2)505Db.PY>2)<08 $$|$$ 10,P $$HR$$ A5f $$≜⊞≐⊡⇪≔∓∉$$ =(=Di= $$AN$$ ) $$⊞∃↯∍↼≩⊞≍↜⊐↳$$ We $$↿≋⇂⊞∃↯∍↼⋅↯⊐∖$$ $$HAF HAL$$ $$⋅↟↿⋅≊∫⋅↟↿∏⋝↯⊃∖↯∃↼$$ $$EK$$ $$5$$ 恩一 $$≩⊞∣∥⊞$$ 一3是月m $$⊐⊧⊞∸↗⊔≂⋅$$ 的俊小氖止 $$⋅↗⊞$$ $$⊞$$ $$⋅↗⊞$$ $$↯∶≻$$ $$⋡↓∖−⋅$$ 8.当 $$ax$$ 0<x $$ma$$ <1 $$⋅⊞≗↙⊐↘$$ Cr $$H$$ zf( $$≐∑−∙⊐⇪⊏↿⊐$$ x) $$⋅⇀⇤⇃⋅≸↧⊡$$ $$⋮⇡↸∱⇪$$ C与L<ex.2司,4<12x<0D当0团,一0>万) NL述晓j广东旋政春阡团益帝,技五首华国一市绘C国一量分.己LC诗存怡:眼心0.4CR [EEERC1WA0RVJ的吊西口孙定相绍一QQ飞0氏野覃心许办十,刑1 命3示/杰了人 $$⋅↯∱↴$$ $$tt$$

---
title: 数学试卷
date: 2025-06-07
type: math_paper
version: 1.3.1
---

$$⊤⇀⋅∃$$ ~ $$∎∣⊃$$ $$NE\right)$$ A一28ye. ~C0CERes5TDRA15FEa11,不 x,12 三,塌空题:本题共3小题,每小题5分,共15分. 12.iwe:心He $$NE\right)$$ r0h0V自一肉怀页办狱网广,友适尿仪平行子吴的气余宇C工小8 LsA]1R8]10,儿广切詹心协力 LEEeTxA0)业有厌经厌恩助绍T1ngLULef1e.Ta— 11己战大英有匹张芒宏,摄弛口宏一标有一个敏孝,印言芒广一釜剪标有敏孝T4P1PEP1NRA5 ~LPHUmerA5ER8F1weai1 :转月连的 ~~~~~历一氖矩峒不规孝2十60weMAE $$⊢∣−⋅$$ ~~~ ~~~uhneTPH8RRyP050FERRED50T1NE0分,炳~~~[训~~ 卜广一弈匹皓一广伟半匹的轻诚二半健元心剖团轻比辐尽,界怡菊分丨丨了2皇里室习 凹 $$H1$$ ,解答题:本翩共5小颜,共77分.解答应写巾文字说旭,证叫过程坤演算步骆. 15.40ad8CY108y人皇矶连釜朝打ghec0工史5nCr二V2eces88,ut—b==Jub (11求加: 51妮aJ8CTHE1ETEWRNC0U重山 i[锷菊10._河E1(0.2) 助Pa18REC=万tb>)iub ChrRCTs: C2妮沥乙的虑88CC1i8Had8PE1LAT00ATTTR ~17.动和,色俊侬P=A8CD.P0L5E8CH.PA—AC=2.8C=1LA8-3. EAETH $$NE\right)$$ $$8ENTH$$ $$↿⋅≖↕∊∏∐⊐↘∶↼⇂∶$$ $$∶≑⇃⊾≩⋅⋅⋅⇀⊏∐⊴$$ $$⋅⊞$$ $$1L$$ $$⋕⇪⊞$$ $$⇂≞∣$$ $$∶≣↓⇂⊵↡⊟⋑∓≐⊟⊾≞$$ $$ba$$ $$AN$$ $$⋡↓∖−⋅$$ $$⊢∣↵⋮$$ $$⊢∣↵⋮$$ $$∓−∙↧⋅$$ $$3%$$ $$⋅⊞$$ $$⋅⊞$$ $$ANE$$ $$≸≝≆↗⊞$$ $$En$$ $$∖ RY \ Pi \1eft[2N TVA 7 —$$

---
title: 数学试卷
date: 2025-06-07
type: math_paper
version: 1.3.1
---

~ ChEADLPR.让习,ADL平步PRC: ~VH2T力一一.本小D7~(21不4D一DCH0L5A-CP=Din1~ .芸月河不18,GER)i n一a1h)二万 C1丞b二0寸月L己,洁4刹亢二江: ~20sAYLTE £0)DEER<x,水0页茵国, 19.随厂义万 $$T$$ 端数,烈倡QacccaLec是关暗千加0 $$⋅∣⋮⋪⋞$$ 皓学哲烈刑,旺一C剧如匹洁4知Q(0)TR dm洁可教平自外为加泊,片霜招的子个敏训居设戈学菊煌如 $$+=$$ ,剖怀煌仲Q0scean0s是面月一广一 烨刹. CDTREEEEA)15i<560{E1gate,尿(白月二史分玑如: 1不用巴动厂FKade尿(2413]一仁刍氦们: T尿一2二2丨一许年浩国个芸知月交二月,训葛创dada坂(东月一可分观奶臣位芸为 朋 $$∣⊃⊥$$ 户 $$D$$ >一,1> $$D$$ 命寸示/杰了人 $$NAT\right)$$ $$D$$ $$T$$

---
title: 数学试卷
date: 2025-06-07
type: math_paper
version: 1.3.1
---

绝密*启用前 2024年普通高等学校招生全国统一考试(新课标[卷》 数学 本试巷共10页,19小题,满分150分. 注意予项: 1.答题前,先将自己的姝叶,准者证口,考场弓,座位史塔写亦试巷和答题卡.万,并将准考证 号条形码粘贴上答题卡上的指定位置. 2.选择题的作答:每小遂选巾答案后,用28铌笔把答题卡上对库题日的答案标口涂黑.写在试 卷,草稿纸和答题卡上的非答题区域均无效 3.填空题和解答题的作答:用黑色篆字笔直接答上答题卡上对库的答题区域内.写地试卷,草 稿纸和答题卡上的江答题区域均无效 4者试结柬后,诱将本试卷和答题卡一并上交. -,迪择题,本题共8小题,学小题5分,共40分.在每小题给出的四个选项小,只有 --丨选项是正确的,请把正确的选项填涂在符题卡相应的位置|. [ $$⋅∕↑↰∎⊞⊐⋣≣≣⊞$$ REET $$∶⊞⊟↰$$ $$MER$$ $$1E$$ $$⋅↧⊡⇆∺$$ $$⋅⋇≢∊⋕⊞$$ $$⋅⊞⊏⊈⊟↰⊡⊞⊥∷$$ ~ $$EXE$$ $$8is$$ $$∶∃∣⋝∑≹⊟$$ $$≛≜⊞≌⋮$$ $$FR$$ $$⊞↟≞⇃↯≔⊼↸$$ $$3%$$ 55ETu $$−∣⇃∣$$ $$⊟↰↑↴⋅≐−−⋅$$ $$HE$$ $$⊑↧↨∏⇂−∣−⇃$$ $$∶≜≏↲↼⊧∐$$ $$⋅⊞$$ $$⊒≹$$ $$⋅⊞$$ $$∣⊞$$ $$⋅↗⊴⊧↗⊞⊐⇀⇂≝$$ $$⋅⋅⋅↴⊦⋮⋭⊞$$ $$↹⋅$$ $$⋅≢∊⇞−↳⇂$$ $$↥↸⊑$$ $$HEHE$$ $$⋅∃⋜↴$$ $$3$$ $$EHR$$ $$HWE$$ $$Hi,$$ $$⋮⇪↗⊞⊡↹≐≋$$ $$⊞≜⊞∃∣⋮∏⇪⊞−∣⋮$$ $$∣∃⇂⇀↲∙⋚∉∠↴$$ $$⋅≣⋣∣⇀⋅⋅$$ $$⋅⇪∃⊞⊡∃⊐≖∣⊀⇃$$ $$⇣⋣∏⇪⊞−∣⋮$$ $$HEM$$ $$∶∃∣⋮∏⊭≨∶⊞$$ $$∶⊞$$ $$∶↴∖∃≛∶⋕$$ $$⋮≑⊊≣≛≢⇪⋅$$ $$∣≇$$ $$↟⇚⇪$$ $$bit$$ $$≝⊏$$ $$⋅≨⋍⊡∣∑$$ $$⋅⇡↾↾−≇≛⊞↗∓⊔⇪⊞−∣⋮$$ $$TREC$$ $$⋕$$ $$8ir$$ $$⋕∦$$ $$⊞≝≸⊞⇪⊞−∣⋮$$ $$H$$ $$⋅≩⊞∣∥⊞$$ $$⋅↗⊞⇣⊞⊦∦⇪≆↗≣$$ $$⊞$$ $$↟⇚≌⋅⋅$$ $$gia\right]$$ $$⋅⊡↼⋮$$ $$⋅⇟⊟$$ $$⋅∎↿⇃⇃↼≹⊤⋅−⇪⋅⊞−∣⋮$$ $$∱↿⊏⋮≭∉∣⋮≡∣$$ $$2$$ $$∎≹∱⊏⇁⊻∽≛∶≞⇍↗∓⊔⇪⊞−∣⋮$$ $$RE$$ $$⋅⇪⊞⊟↧∫$$ $$⋚↿∶⋕≸≆≞∃∃↤⊡⋮$$ $$⊞↿∑⋋⊏$$ $$⊐⇀∙∃↾∫≨↿$$ $$≹∣≞⊃↿∃↤⊡⋮$$ $$⋠∊⊧−∢∣⊳⋨$$ $$∶⊞↧⊡$$ $$bast$$ $$Pit$$ $$↯∶≻$$ $$⊞↯∶≻$$ $$⋅↗⊞$$ $$⊐⊧⇁∖∽≛∶⋕⋚⇃∖−⋅$$ $$≝↕≑$$ $$⋆$$ $$↗≣⊞⇪↓⇂↾$$ $$≝⊞$$

---
title: 数学试卷
date: 2025-06-07
type: math_paper
version: 1.3.1
---

一,迪择题,本题共3小颌,每小颐6分,共18分.圭每小题给出的选项小,有多项符合 题月耐求.伟部选对得6分,部分选对的得部分分,选对但不伪的御部分分,有选错仪得0 ~ L551 $$J2$$ ACD 11anti23 [5%]A8D 三,填必题,本题共3NE,RUNE5分,共15分. $$∣⊡$$ [GR $$⊮⇪↗⊞$$ EER| $$2t:$$ $$⋅⊞$$ $$Jt$$ $$↯∍↼↴$$ $$8ENTH$$ $$TRE$$ $$∶≹⋥∃≖⊞≝∑⇂≡≞$$ PA一1|心 四,解答题,本颌共5小题,共77分.解答应写出文孙说明,证明过租或演算步骠 〖1s $$≸≝≆↗⊞$$ 途余关] $$AE$$ $$|$$ $$En$$ $$|$$ $$3%$$ Fee18=" 1)ENE) Q1FERED [林 21MREAN1260me270 〖17途符关] $$↗⊞$$ 〖怡 $$FR$$ 李] $$∶⋅∣≥≖∣∃∣≖⊰∃⋅≞↿⋅⋮$$ 司里 $$8$$ 绘沥 $$↯∍↼$$ $$⇞∃↿⇉↯∍⋅∢$$ $$⋅≐∣∠⇃∣−⋮$$ $$am$$ $$∶↯∃⋅↯∱$$ $$pri$$ $${HA$$ $$4$$ $$⋅⇅⊞∃↯∱↯∃⋅$$ $$8ie$$ $$is\right)$$ 15 定6芸“或7页 $$1X$$ $$4$$ $$HE1R$$ $$∣⊐⋅≞↿⋅⋮↧∐↴∎↱↿−∣$$ $$⋅⊞≜⇪$$ $$gif$$ $$∣∫∖↗⊞$$ $$⊒⊧↗⊞↕⊏⋅$$ $$pried\right]$$ $$∶⇪$$ $$H$$ $$⋅↿∊∣≐∉≢$$ $$↯∍↼⋅$$ $$Jt$$ $$↯⊐∖$$ $$↿≢$$

---
title: 数学试卷
date: 2025-06-07
type: math_paper
version: 1.3.1
---

~ 2 ~ 闹了亢吴仪
2025-06-07 00:26:17 - MathPaperConverter - DEBUG - --------------------------------------------------
2025-06-07 00:26:17 - MathPaperConverter - INFO - 开始转换为Markdown格式
2025-06-07 00:26:17 - MathPaperConverter - DEBUG - 输入文本长度: 6328 字符
2025-06-07 00:26:17 - MathPaperConverter - INFO - Markdown转换完成
2025-06-07 00:26:17 - MathPaperConverter - DEBUG - 输出文本长度: 5591 字符
2025-06-07 00:26:17 - MathPaperConverter - DEBUG - Markdown 转换结果:
2025-06-07 00:26:17 - MathPaperConverter - DEBUG - --------------------------------------------------
2025-06-07 00:26:17 - MathPaperConverter - DEBUG - ---
title: 数学试卷
date: 2025-06-07
type: math_paper
version: 1.3.1
---

---
title: 数学试卷
date: 2025-06-07
type: math_paper
version: 1.3.1
---

绝密*启用前 2024年普通高等学校招生全国统一考试(新课标[卷》 数学 本试卷共10页,19小题,满分150分. 注意事项: 1.答题前,先 
∣⊀
 将自己的姝叶,准考证史,考场弓,座位号塔写坍试卷和答题卡一,并将准考证 吊条形码粘贴在答题卡上的指定位置. 2.选择题的作答:每小遂选巾答案后,用28铌笔把答题卡上对库题日的答案标口涂黑.写在试 卷,草稿纸和答题卡上的非答题区域均无效 3.填空题和解答题的作答:用黑色篆字笔直接答上答题卡上对库的答题区域内.写地试卷,草 稿 
=
 纸和答题卡上的决答题区域均无效 4考试结柬后,诱将本试卷和答题卡一并上交. -,迪择题,本题共8小题,学小题5分,共40分.在每小题给出的四个选项小,只有 --丨选项是正确的,请把正确的选项填涂在符题卡相应的位置|. 
ANE 1H = 1E

∶⊞⊟↰
 fv5 
MER
 0v05 
1E
 J 
⋅↧⊡⇆∺

⋅⋇≢∊⋕⊞
 ,EETLEANUT 
⋅⊞⊏⊈⊟↰⊡⊞⊥∷

↹⋅

⋅⋅⋅↴⊦⋮⋭⊞

⋅↗⊴⊧↗⊞⊐⇀⇂≝

∣⊞

↥↸⊑

⋅⊞

⊒≹
 p1己讥絮口 
−∣⇃∣

⋅≢∊⇞−↳⇂
 , 
⋅⊞
 ! 
∶≜≏↲↼⊧∐

⊟↰↑↴⋅≐−−⋅

⊑↧↨∏⇂−∣−⇃

HE
 A 
Hi,
 dL 
HWE
 0 
EHR
 8 
HEHE
 .12.3 
3

⋅∃⋜↴
 C主儿L0yD为102 
⊞≜⊞∃∣⋮∏⇪⊞−∣⋮
 2首一一11i,刑 
⋮⇪↗⊞⊡↹≐≋
 ) 
∣∃⇂⇀↲∙⋚∉∠↴
 A 
bit
 L 
∶⊞
 i 
∶∃∣⋮∏⊭≨∶⊞

↟⇚⇪
 8. 
HEM
 1i 
∣≇

⋮≑⊊≣≛≢⇪⋅
 c0 
⇣⋣∏⇪⊞−∣⋮
 1i 
⋅⇪∃⊞⊡∃⊐≖∣⊀⇃
 D0i 
⋅≣⋣∣⇀⋅⋅

∶↴∖∃≛∶⋕

≝⊏

⋕
 AL 
⋅⇡↾↾−≇≛⊞↗∓⊔⇪⊞−∣⋮
 AF=00=x) 
⋅≨⋍⊡∣∑
 .wh 
TREC
 bh—4a3).Wx—) A28.1C1D.2 里 
⋅⇪⊞⊟↧∫
 司c0d 
∱↿⊏⋮≭∉∣⋮≡∣
 eCf) 
2
 t 
⋠∊⊧−∢∣⊳⋨
 anCtan 
≹∣≞⊃↿∃↤⊡⋮
 尸2,刑e 
⊐⇀∙∃↾∫≨↿
 0stfH) 
⊞↿∑⋋⊏

RE
 ) 
∎≹∱⊏⇁⊻∽≛∶≞⇍↗∓⊔⇪⊞−∣⋮

⋚↿∶⋕≸≆≞∃∃↤⊡⋮

bast

∶⊞↧⊡
 力.A.dm8.一(一D ,33 
⊐⊧⇁∖∽≛∶⋕⋚⇃∖−⋅
 弓命团竞和 
Pit
 固管的裂宗 
⋅↗⊞
 韧芸 
⊞↯∶≻
 月恩,伴 
↯∶≻
 日本用根,片心仇皇胡江罗3,更国芸的体弘办,) A2V378.3V37C.6J3nD.93x C0.C0axenx<0iTR6.口司或规打 
≞⊞

⋆

↗≣⊞⇪⇪
 一C一,CTRARENDTg叙氙庞达门尿,)werner0ye HELETi 
NEY

NE\right)

NEY

A1

A1

8ir

⋕∦

⊞≝≸⊞⇪⊞−∣⋮

H

⋅≩⊞∣∥⊞

⋅↗⊞⇣⊞⊦∦⇪≆↗≣

⊞

↟⇚≌⋅⋅

gia\right]

⋅⊡↼⋮

⋅⇟⊟

⋅∎↿⇃⇃↼≹⊤⋅−⇪⋅⊞−∣⋮

≝↕≑

⊞↟≞⇃↯≔⊼↸

FR

≛≜⊞≌⋮

∶∃∣⋝∑≹⊟

8is

EXE

3%

---
title: 数学试卷
date: 2025-06-07
type: math_paper
version: 1.3.1
---

A(0.0)8.[1.0]c010D[0 7.5e1[0.2]E,hy—sinafxERTHER=ER1ERUE1E. A)8.4C00D.8 R0UENF0ELRR50>f1e5e2,口与dE5e)x.罚下仲绍论止一 怡正畴的是,) 
ny
 AU0 
∣≻∘
 )>100 
⋅∣⋮↴∡

⊏∃

tt
 8.(20)>1000 C了(0)10008R520)<THHHK) 一,选挥起:本颂共3小愚,每小遂6分,共18分.孜每小遂给小的选项中,月多项符合 魇日驱求.全郜选对征6分,祷分选对的徐郜分分,迪对但不全的征郜分分,有选铿的征0 分. 0.ygR1EETA0TTEPie0EEPRAAAfeFLDAL FyT=200FAa=000.AE1RRELAETE5TALR)dey C1CER0AY8NETTEA(]m1C0EEA2NEETN(na) P2<u)s0843) 
TH

=

TH
 APLV>21>0.28.P(N>2)<03 
−∣⋅∙↰−
 CPC2)505Db.PY>2)<08 
|
 10,P 
HR
 A5f 
≜⊞≐⊡⇪≔∓∉
 =(=Di= 
AN
 ) 
⊞∃↯∍↼≩⊞≍↜⊐↳
 We 
↿≋⇂⊞∃↯∍↼⋅↯⊐∖

HAF HAL

⋅↟↿⋅≊∫⋅↟↿∏⋝↯⊃∖↯∃↼

EK

5
 恩一 
≩⊞∣∥⊞
 一3是月m 
⊐⊧⊞∸↗⊔≂⋅
 的俊小氖止 
⋅↗⊞

⊞

⋅↗⊞

↯∶≻

⋡↓∖−⋅
 8.当 
ax
 0<x 
ma
 <1 
⋅⊞≗↙⊐↘
 Cr 
H
 zf( 
≐∑−∙⊐⇪⊏↿⊐
 x) 
⋅⇀⇤⇃⋅≸↧⊡

⋮⇡↸∱⇪
 C与L<ex.2司,4<12x<0D当0团,一0>万) NL述晓j广东旋政春阡团益帝,技五首华国一市绘C国一量分.己LC诗存怡:眼心0.4CR [EEERC1WA0RVJ的吊西口孙定相绍一QQ飞0氏野覃心许办十,刑1 命3示/杰了人 
⋅↯∱↴

tt

---
title: 数学试卷
date: 2025-06-07
type: math_paper
version: 1.3.1
---

⊤⇀⋅∃
 ~ 
∎∣⊃

NE\right)
 A一28ye. ~C0CERes5TDRA15FEa11,不 x,12 三,塌空题:本题共3小题,每小题5分,共15分. 12.iwe:心He 
NE\right)
 r0h0V自一肉怀页办狱网广,友适尿仪平行子吴的气余宇C工小8 LsA]1R8]10,儿广切詹心协力 LEEeTxA0)业有厌经厌恩助绍T1ngLULef1e.Ta— 11己战大英有匹张芒宏,摄弛口宏一标有一个敏孝,印言芒广一釜剪标有敏孝T4P1PEP1NRA5 ~LPHUmerA5ER8F1weai1 :转月连的 ~~~~~历一氖矩峒不规孝2十60weMAE 
⊢∣−⋅
 ~~~ ~~~uhneTPH8RRyP050FERRED50T1NE0分,炳~~~[训~~ 卜广一弈匹皓一广伟半匹的轻诚二半健元心剖团轻比辐尽,界怡菊分丨丨了2皇里室习 凹 
H1
 ,解答题:本翩共5小颜,共77分.解答应写巾文字说旭,证叫过程坤演算步骆. 15.40ad8CY108y人皇矶连釜朝打ghec0工史5nCr二V2eces88,ut—b==Jub (11求加: 51妮aJ8CTHE1ETEWRNC0U重山 i[锷菊10._河E1(0.2) 助Pa18REC=万tb>)iub ChrRCTs: C2妮沥乙的虑88CC1i8Had8PE1LAT00ATTTR ~17.动和,色俊侬P=A8CD.P0L5E8CH.PA—AC=2.8C=1LA8-3. EAETH 
NE\right)

8ENTH

↿⋅≖↕∊∏∐⊐↘∶↼⇂∶

∶≑⇃⊾≩⋅⋅⋅⇀⊏∐⊴

⋅⊞

1L

⋕⇪⊞

⇂≞∣

∶≣↓⇂⊵↡⊟⋑∓≐⊟⊾≞

ba

AN

⋡↓∖−⋅

⊢∣↵⋮

⊢∣↵⋮

∓−∙↧⋅

3%

⋅⊞

⋅⊞

ANE

≸≝≆↗⊞

En

∖ RY \ Pi \1eft[2N TVA 7 —

---
title: 数学试卷
date: 2025-06-07
type: math_paper
version: 1.3.1
---

~ ChEADLPR.让习,ADL平步PRC: ~VH2T力一一.本小D7~(21不4D一DCH0L5A-CP=Din1~ .芸月河不18,GER)i n一a1h)二万 C1丞b二0寸月L己,洁4刹亢二江: ~20sAYLTE £0)DEER<x,水0页茵国, 19.随厂义万 
T
 端数,烈倡QacccaLec是关暗千加0 
⋅∣⋮⋪⋞
 皓学哲烈刑,旺一C剧如匹洁4知Q(0)TR dm洁可教平自外为加泊,片霜招的子个敏训居设戈学菊煌如 
+=
 ,剖怀煌仲Q0scean0s是面月一广一 烨刹. CDTREEEEA)15i<560{E1gate,尿(白月二史分玑如: 1不用巴动厂FKade尿(2413]一仁刍氦们: T尿一2二2丨一许年浩国个芸知月交二月,训葛创dada坂(东月一可分观奶臣位芸为 朋 
∣⊃⊥
 户 
D
 >一,1> 
D
 命寸示/杰了人 
NAT\right)

D

T

---
title: 数学试卷
date: 2025-06-07
type: math_paper
version: 1.3.1
---

绝密*启用前 2024年普通高等学校招生全国统一考试(新课标[卷》 数学 本试巷共10页,19小题,满分150分. 注意予项: 1.答题前,先将自己的姝叶,准者证口,考场弓,座位史塔写亦试巷和答题卡.万,并将准考证 号条形码粘贴上答题卡上的指定位置. 2.选择题的作答:每小遂选巾答案后,用28铌笔把答题卡上对库题日的答案标口涂黑.写在试 卷,草稿纸和答题卡上的非答题区域均无效 3.填空题和解答题的作答:用黑色篆字笔直接答上答题卡上对库的答题区域内.写地试卷,草 稿纸和答题卡上的江答题区域均无效 4者试结柬后,诱将本试卷和答题卡一并上交. -,迪择题,本题共8小题,学小题5分,共40分.在每小题给出的四个选项小,只有 --丨选项是正确的,请把正确的选项填涂在符题卡相应的位置|. [ 
⋅∕↑↰∎⊞⊐⋣≣≣⊞
 REET 
∶⊞⊟↰

MER

1E

⋅↧⊡⇆∺

⋅⋇≢∊⋕⊞

⋅⊞⊏⊈⊟↰⊡⊞⊥∷
 ~ 
EXE

8is

∶∃∣⋝∑≹⊟

≛≜⊞≌⋮

FR

⊞↟≞⇃↯≔⊼↸

3%
 55ETu 
−∣⇃∣

⊟↰↑↴⋅≐−−⋅

HE

⊑↧↨∏⇂−∣−⇃

∶≜≏↲↼⊧∐

⋅⊞

⊒≹

⋅⊞

∣⊞

⋅↗⊴⊧↗⊞⊐⇀⇂≝

⋅⋅⋅↴⊦⋮⋭⊞

↹⋅

⋅≢∊⇞−↳⇂

↥↸⊑

HEHE

⋅∃⋜↴

3

EHR

HWE

Hi,

⋮⇪↗⊞⊡↹≐≋

⊞≜⊞∃∣⋮∏⇪⊞−∣⋮

∣∃⇂⇀↲∙⋚∉∠↴

⋅≣⋣∣⇀⋅⋅

⋅⇪∃⊞⊡∃⊐≖∣⊀⇃

⇣⋣∏⇪⊞−∣⋮

HEM

∶∃∣⋮∏⊭≨∶⊞

∶⊞

∶↴∖∃≛∶⋕

⋮≑⊊≣≛≢⇪⋅

∣≇

↟⇚⇪

bit

≝⊏

⋅≨⋍⊡∣∑

⋅⇡↾↾−≇≛⊞↗∓⊔⇪⊞−∣⋮

TREC

⋕

8ir

⋕∦

⊞≝≸⊞⇪⊞−∣⋮

H

⋅≩⊞∣∥⊞

⋅↗⊞⇣⊞⊦∦⇪≆↗≣

⊞

↟⇚≌⋅⋅

gia\right]

⋅⊡↼⋮

⋅⇟⊟

⋅∎↿⇃⇃↼≹⊤⋅−⇪⋅⊞−∣⋮

∱↿⊏⋮≭∉∣⋮≡∣

2

∎≹∱⊏⇁⊻∽≛∶≞⇍↗∓⊔⇪⊞−∣⋮

RE

⋅⇪⊞⊟↧∫

⋚↿∶⋕≸≆≞∃∃↤⊡⋮

⊞↿∑⋋⊏

⊐⇀∙∃↾∫≨↿

≹∣≞⊃↿∃↤⊡⋮

⋠∊⊧−∢∣⊳⋨

∶⊞↧⊡

bast

Pit

↯∶≻

⊞↯∶≻

⋅↗⊞

⊐⊧⇁∖∽≛∶⋕⋚⇃∖−⋅

≝↕≑

⋆

↗≣⊞⇪↓⇂↾

≝⊞

---
title: 数学试卷
date: 2025-06-07
type: math_paper
version: 1.3.1
---

一,迪择题,本题共3小颌,每小颐6分,共18分.圭每小题给出的选项小,有多项符合 题月耐求.伟部选对得6分,部分选对的得部分分,选对但不伪的御部分分,有选错仪得0 ~ L551 
J2
 ACD 11anti23 [5%]A8D 三,填必题,本题共3NE,RUNE5分,共15分. 
∣⊡
 [GR 
⊮⇪↗⊞
 EER| 
2t:

⋅⊞

Jt

↯∍↼↴

8ENTH

TRE

∶≹⋥∃≖⊞≝∑⇂≡≞
 PA一1|心 四,解答题,本颌共5小题,共77分.解答应写出文孙说明,证明过租或演算步骠 〖1s 
≸≝≆↗⊞
 途余关] 
AE

|

En

|

3%
 Fee18=" 1)ENE) Q1FERED [林 21MREAN1260me270 〖17途符关] 
↗⊞
 〖怡 
FR
 李] 
∶⋅∣≥≖∣∃∣≖⊰∃⋅≞↿⋅⋮
 司里 
8
 绘沥 
↯∍↼

⇞∃↿⇉↯∍⋅∢

⋅≐∣∠⇃∣−⋮

am

∶↯∃⋅↯∱

pri

{HA

4

⋅⇅⊞∃↯∱↯∃⋅

8ie

is\right)
 15 定6芸“或7页 
1X

4

HE1R

∣⊐⋅≞↿⋅⋮↧∐↴∎↱↿−∣

⋅⊞≜⇪

gif

∣∫∖↗⊞

⊒⊧↗⊞↕⊏⋅

pried\right]

∶⇪

H

⋅↿∊∣≐∉≢

↯∍↼⋅

Jt

↯⊐∖

↿≢

---
title: 数学试卷
date: 2025-06-07
type: math_paper
version: 1.3.1
---

~ 2 ~ 闹了亢吴仪
2025-06-07 00:26:17 - MathPaperConverter - DEBUG - --------------------------------------------------
2025-06-07 00:26:17 - MathPaperConverter - INFO - 已生成 Markdown 文件：output/2024_math_nation_newI_20250607_002617.md
2025-06-07 00:26:17 - MathPaperConverter - INFO - 转换日志已保存到：output/2024_math_nation_newI_20250607_002617_conversion.json
2025-06-07 00:26:17 - MathPaperConverter - INFO - 当前版本（v1.3.0）主要特性：
2025-06-07 00:26:17 - MathPaperConverter - INFO - - 集成equ训练数据支持数学公式识别
2025-06-07 00:26:17 - MathPaperConverter - INFO - - 添加数学符号白名单
2025-06-07 00:26:17 - MathPaperConverter - INFO - - 智能数学公式区域检测
2025-06-07 00:26:17 - MathPaperConverter - INFO - - 自适应图像增强处理
2025-06-07 00:26:17 - MathPaperConverter - INFO - - 数学文本智能校正
2025-06-07 00:26:17 - MathPaperConverter - INFO - - 改进的日志系统（按时间戳分类）
2025-06-07 00:26:17 - MathPaperConverter - INFO - 成功处理：2024_math_nation_newI.pdf
