2025-06-07 01:31:24 - MathPaperConverter - INFO - 日志文件位置: output/logs/20250607/converter_20250607_013124.log
2025-06-07 01:31:24 - MathPaperConverter - INFO - 当前版本: v1.3.1
2025-06-07 01:31:24 - MathPaperConverter - INFO - 操作系统: Darwin 24.5.0
2025-06-07 01:31:24 - MathPaperConverter - INFO - Python版本: 3.10.13 (main, Sep 11 2023, 08:24:56) [Clang 14.0.6 ]
2025-06-07 01:31:24 - MathPaperConverter - INFO - Tesseract版本: 5.5.1
2025-06-07 01:31:24 - MathPaperConverter - INFO - OpenCV版本: 4.11.0
2025-06-07 01:31:24 - MathPaperConverter - INFO - 初始化配置:
2025-06-07 01:31:24 - MathPaperConverter - INFO - - 输入目录: input
2025-06-07 01:31:24 - MathPaperConverter - INFO - - 输出目录: output
2025-06-07 01:31:24 - MathPaperConverter - INFO - - 模板目录: templates
2025-06-07 01:31:24 - MathPaperConverter - INFO - - 临时目录: temp
2025-06-07 01:31:24 - MathPaperConverter - INFO - - 日志目录: output/logs
2025-06-07 01:31:24 - MathPaperConverter - INFO - OCR配置已更新：
2025-06-07 01:31:24 - MathPaperConverter - INFO - - 普通文本：--oem 1 --psm 3 -l chi_sim+eng -c preserve_interword_spaces=1 -c tessedit_char_blacklist=|~`@#$%^&* -c textord_tabfind_find_tables=0 -c tessedit_do_invert=0 -c textord_heavy_nr=0 -c textord_min_linesize=2.5
2025-06-07 01:31:24 - MathPaperConverter - INFO - - 数学公式：--oem 1 --psm 6 -l chi_sim+eng -c tessedit_char_whitelist="0123456789ABCDEFGHIJKLMNOPQRSTUVWXYZabcdefghijklmnopqrstuvwxyz+-=×÷<>≤≥≠≈∈∉⊆⊂⊇⊃∪∩∅∞∫∑∏√∂∇∆∵∴⊥∥∠∟∣∤∥∦∧∨∩∪⊕⊗→←↑↓↔⇒⇐⇔∀∃∄∎□■△▲○●⊙⊗⊕∘" -c preserve_interword_spaces=1 -c tessedit_char_blacklist=|~`@#$%^&* -c textord_tabfind_find_tables=0 -c tessedit_do_invert=0 -c textord_heavy_nr=0 -c textord_min_linesize=2.5
2025-06-07 01:31:24 - MathPaperConverter - INFO - MathPaperConverter 版本 1.3.1 初始化完成
2025-06-07 01:31:24 - MathPaperConverter - INFO - 开始批量处理文件
2025-06-07 01:31:24 - MathPaperConverter - INFO - 在输入目录中找到 1 个文件
2025-06-07 01:31:24 - MathPaperConverter - INFO - 开始处理文件: 2024_math_nation_newI.pdf
2025-06-07 01:31:24 - MathPaperConverter - INFO - 开始处理文件：2024_math_nation_newI.pdf
2025-06-07 01:31:24 - MathPaperConverter - INFO - 开始处理PDF文件: input/2024_math_nation_newI.pdf
2025-06-07 01:31:25 - MathPaperConverter - INFO - PDF共 7 页
2025-06-07 01:31:25 - MathPaperConverter - INFO - 处理第 1/7 页
2025-06-07 01:31:35 - MathPaperConverter - INFO - 处理第 2/7 页
2025-06-07 01:31:45 - MathPaperConverter - INFO - 处理第 3/7 页
2025-06-07 01:31:55 - MathPaperConverter - INFO - 处理第 4/7 页
2025-06-07 01:32:02 - MathPaperConverter - INFO - 处理第 5/7 页
2025-06-07 01:32:08 - MathPaperConverter - INFO - 处理第 6/7 页
2025-06-07 01:32:12 - MathPaperConverter - INFO - 处理第 7/7 页
2025-06-07 01:32:14 - MathPaperConverter - DEBUG - OCR 识别结果:
2025-06-07 01:32:14 - MathPaperConverter - DEBUG - --------------------------------------------------
2025-06-07 01:32:14 - MathPaperConverter - DEBUG - ---
title: 数学试卷
date: 2025-06-07
type: math_paper
version: 1.3.1
---

绝密«启用前 2024年普通高等学校招生全国统一考试((新课标[卷> 数学 本试卷共10页,19小题,满分150分. 注意予项: 1.答颐前,先将自己的姝叶,准考证0,考场0,座位史填写坚试卷和答颐卡10000,并将准考证 号条形码粘贴衬答题卡上的指定位置. 2.选择题的作答:每小题选出答案后,用24铅笔把答题卡上对应颌目的答案标史涂黑.写圭试 卷,草稿纸和答题卡上的沥答题区域均无效. 3.填空项和解答题的作答:用黑色签字笔直接答孜答题卡上对应的答颌区域内.写衰试卷,草 稿纸和答题卡上的水答题区域均无效. 4考试结束后,请将本试卷和答题卡一并上交. ,送择题:永题共8小题,每小题5分,共40分.在每小题给出的4个选项小,只有 ,个选项是正确的 .请把正确的选项填涂在笑 题下相应的 位星上. d0d5本子0.238ng ~ ETC0 AdL0B.2.3C0daL0gD40.2 2苦一一111,创=0e)«Tz A1B0ic01dD11 弓3史司沥22(历20,首02历2421,x=0 A2B.1C1D.2 子Lc0s(eeCf)manaanf20Me0sta“厂)) 人园国小A.3mB. 3C5D.3mA1 S0人利国英卵问算刊胺定10莲一恩,回首弥力恩,片一自刊屋河加3THERA) a2xB.33xC6finD,9x 甫.CF2uxaux<0CL6.LAERTyf(x)C0RCATE,Wp取芒片河团应) .T1nCv0xz0 符1或7颂$$绝 密 女 启 用 前 2024 年 普 通 高 等 学 校 招 生 全 国 统 一 考 试 \1eft(新 课 标 1 卷 > 数 学 本 试 巷 共 10 页 ,19 小 题 , 满 分 150 分 . 注 意 予 项 : 1. 答 颜 前 , 先 将 自 己 的 姊 叶 , 准 考 证 0 , 考 场 弓 , 座 位 句 填 写 亦 试 巷 和 答 意 卡 上 , 些 将 准 考 证 号 条 形 码 粘 贴 坝 答 题 卡 上 的 指 定 位 置 . 2. 选 择 起 的 作 答 : 每 小 题 选 水 答 案 后 , 用 28 铅 笔 把 答 题 卡 上 对 广 题 目 的 答 案 标 0 涂 黑 . 写 圭 试 卷 , 草 稿 纸 和 答 题 卡 上 的 非 答 颢 区 域 均 无 效 . 3. 塔 空 魇 和 解 答 题 的 作 答 , 用 黑 色 签 字 笔 直 接 答 坍 答 题 卡 上 对 应 的 答 题 区 基 内 . 写 坂 试 巷 , 草 稿 纸 和 答 题 卡 上 的 冶 答 题 区 域 均 无 效 . 4. 者 试 结 束 后 , 诸 将 本 试 卷 和 答 颢 卡 一 并 上 交 . - , 迩 择 题 , 本 题 共 8 小 题 , 每 小 题 5 分 , 共 40 分 . 在 每 小 题 给 出 的 4 个 选 项 小 , 只 有 - 个 选 项 是 正 确 的 . 请 把 正 确 的 选 项 填 涂 在 符 题 上 相 应 的 位 置 上 . EG EL1 SR L022 刹 4B A L0 B. 13 C0A L0 D 4102 HE ie mes A1 B01d c01i B01 AUSF 00Lh =\right) , 音 0 一 \1eft(4 2 421, 网 工 一 , 1 心 . 2 B. 1 C 1 D.2 里 司 e0s{e Cf\right) maaan an 2.0 Me0sta “ 厂 \right) \right) A1 Am B. 一 C. 与 D. 3 3 3 S0C PRR EE BAS TRA TL EAT REE ey JR , 步 国 笑 皓 作 一 加 , A 2r B. 33x \1eft(QUAY D. 9v27 . . [x 2uv G 心 一 人 . 颂 训 沥 一 河 利 诊 , 河 5 6. LH My f1\right) TUR ATEN Wg SEE \right) : T1nCr x20 ET$$

---
title: 数学试卷
date: 2025-06-07
type: math_paper
version: 1.3.1
---

A(0)B.[1.0]CRYD10.5xJ 7.自yL0.2x]E,市经T-sinxfyin]3x=国芒顶个烈办) A1B.4C0D.8 SCCEEA0EL0ReSSfeDx2).ESEf1v)x.BRA- 怡正陈的明) AU01>100B.(20)>1000 C.D)<1000Bp.£20)<10000 一,选择题:本题共3NE,BANE6分,共18分.坊每小题给川的选项中,有多项符合 燕目要求.全部选对彼6分,郜分选对的征郜分分,选对但不全的征郜分分,有选错的征0 分. 9习2绍招咤止0世皓干悠央一玑俘,5芸一宏许,技冼5芒尼抽水伽1,行刃:~~ ~~~再颂至一2.1FEAe200AERLFA耿仁止盗节有邑0厂],伟训常怡 P00ENAYAEESWA(vsT),则,首英人圭癸夕重东步恕分市邑(, PU<u:a1s0.8H13) aPLY>21>02B.PLN>2)<0.3 C0P0Y>21>0.3Pp.PY>2)<08 ~~10.设0贾一J一CrD(x=4).MW) A干一弓明70训尿小氖心B.20<x113.ACr C.与Lea2司:d<fi2x<0D当-0F.S20>fv) ~CETGERGCLSLEChE0.9.~(Pie)STUN~~训3怪市 ~根户广,弛厌兄2.0)的亨自目租定自a1a~0)工i家心限办4刑 R1NT$$A \1eft(0.0\right] B. \1eft[1.0\right] c01 L1\right] D \1eft[0.2 7. S1 102\right) E, hy - s\in fy ERTER Zs E01 A1 B. 4 C00 D.§ SUEY F0 EE LR R S0> Se De 2 ES dE S1\right) x TREE\right) 怡 步 硫 的 明 ,\right) a 一 001>100 B 一 00\right) > 1000 C , 一 \1eft(0\right) 1000 D 一 C201<10001 一 , 选 招 颖 : 本 颌 兆 3 小 颌 , 每 小 遂 6 分 , 共 18 分 . 亦 每 小 煌 给 小 的 选 项 中 , 有 多 项 符 合 羿 目 耐 求 . 全 郁 选 对 征 6 分 , 郜 分 选 对 的 艇 郜 分 分 , 述 对 但 不 全 的 征 郜 分 分 , 月 选 键 的 征 0 分 . 0 dy EHC VEE SPA CTs T00 Fi B0RE EERE re F0 SAL HE Fy T= 200 借 非 2 坤 2 0.01. Cae R1L i AN MEE TN \1eft(LR.0.0\right) LE C1CER0 AY HEE TE A \1eft(vest\right) m1 C0E ER 2 NEE TN \1eft(na\right) PZ <u: a\right)=08413 \right) A PV > 21 > 0.2 BV >21 0.3 CP0 > 21>0.5 DB. P0 >21<0.8 0, PAT \1eft(= \1eft(=D e=dy W0 咤 立 一 3 应 fm 的 唐 小 仪 止 B. 当 0<w<L \1eft[x\right)= f\1eft(x\right) C 与 Leai2 司 , <x 1 <0 D 当 -T ixi0 目 , 个 G XS \1eft[0 h0r, A 春 团 团 益 市 , 沥 苏 首 华 国 心 曾 绍 C 医 一 罪 分 LC 试 标志 烈性 0.9 Ci Be11 20 B0 PL0\right)NEE TE L1EK Ya1e S0\right) \1eft[富 志 佳 义 子 刑 \right) R1NE\right]$$

---
title: 数学试卷
date: 2025-06-07
type: math_paper
version: 1.3.1
---

~ ~ A一2B.怡(2V2.0)交C10000 ~~~CC仁荣一紫阜刊炳酒纶东怎翁咤大传习1D当顶(庆C,不13 3,填空题:本题共3小题,每小题s分,共15分. 12PECWa0VE(EFFeBETP1EAECai041 WgA]1RB]10,儿刊彦心10办 ~13.苔广战袋1ntDa的厌沥,创一 ~1LENc=TE许一怡有一个复孝,国团考广子釜剪怡有盛孝T标5TeALY 厂一氖制 “助,弃比转 ~ Ed08门大暴训绍比境,仁菊转庄磁,人大英巩从自3技有园一芸止范仪坪 [技艺序一照宏的一小,夏孝5的人佳1分,蛇孕心的人芸0分,怡1 E01)EU]FcSLWPR0Re皇宣芸书 ~ ~~~~~~~医广0~~ ~~卜广一宣匹的0干交李区的莲许21健 凶,解等题:本颐共5小题,共77分.解答应写巾文字说旭,证叫过程或演算步骤. 13.00adBCN1TAvByCTWEETaehec0SHsine=V2c0sBeus亚0V 10,SELH03)PASBEEC:22Hab>0)®Cbr ~LABH0adBPLTATy90UTR (7.403.[185P=ABCD.PfLSE1BCH.PA-AC=2.BC=14B=\3.~ SE1NEET$$RY ™ M - , \1eft(\right) , 库 / 飞 7 uy A u0 2 B. 必 \1eft(G2V2.0\right) 亡 C 一 es a , - C C 仁 答 一 裂 广 朋 成 的 练 圭 怎 朋 咤 一 等 办 1 D Ar\right) EC \1eft[网 , 人 与 T 一 3 , 塌 空 题 : 本 题 共 3 小 题 , 每 小 题 5 分 , 共 15 分 . 2 佳 人 卵 炳 C 一 Mah FRE FT BLE PY A HEC TB i0 0 吊 , 命 | 1RB\right] 10, TC Ry . BREA ex A \1eft(0\right) 业 的 厌 绑 历 江 助 绍 T 1nCr Da Bi1e. Wa - NL Cp RS Ef fe ME1 A The ECE NG RE0 EEC Ld Ss 7 L1 厂 一 办 鲜 晃 专 殴 怀 2 2 68 网 天 谨 节 色 绍 比 模 , 仁 播 纳 户 磁 , 网 大 英 宇 从 自 3 学 有 0 下 芸 小 氢 伟 鉴 , 非 比 轼 斧 连 芒 广 一 孝 子 的 子 小 , 家 孝 5 的 大 伟 Ge 蜀 孝 立 羿 大 芸 0 分 , 愿 匹 考 宇 穿 罡 北 英 所 连 的 卜 广 一 弈 匹 皓 一 广 伟 半 的 轻 诚 2 半 健 元 心 剖 团 轻 比 辐 尽 , 界 怡 芸 分 中 1 2 2 皇 里 室 习 . 凹 , 解 答 题 : 本 翩 共 5 小 颜 , 共 77 分 . 解 答 应 写 巾 文 字 说 旭 , 证 叫 过 程 坤 演 算 步 骆 . 15. 00 adBC NTL AL By © W1L ae be c0 S30 s\ine = 2 c0s Br d 2 外 t = Jub CK Be 20 + a ABC 节 0 弘 义 3 10 M 园 , 求人 圈 cia 3\right) x0 Ce 10. F003\right) 卯 人 32\right] 义 李 团 C 一 z 1u b>\right) ni. 1 2 ub 1 浩 0 片 西 心 故 : 31 不 沥 习 皓 应 2 宇 C 一 0 一 余 身 , 版 a4BP 的 定 弓 办 9, 汀 的 一 积 , 17. 利 叶 , AE P0 ABCD. Pa LAGE BCD. PA- AC =2. , BCL4B 一 史 . RE1NER 1$$

---
title: 数学试卷
date: 2025-06-07
type: math_paper
version: 1.3.1
---

~ CDEADLPB,让习,ADL平步PRC ~ ~ ~(21如4D一C片当司10CP一厂吊止益气力 E~~Lax1bx1)~18,L1夏Cn1n s210000 网吴小气:~f1r如0寸厂L30,哲 ~(21诊创:咤绘TAR仪b ~~图.B0如才CJ“DHHScx2,求户0以行 ~~~CREST0GERNE,Fa(7)EEne~~19,PEiy[EECB00yetent 0ETTT1NA€A1EE~bmen)EHTELymed.H0RE4 烈刹. “皓应月,1TET世6,仪复如d居(自月一可分颊红:~ ~C3Em23ENBEdyed,尿(2.13]一史劣蜀剁: ~E30BL2A=20EAEA)nHdyed(TL)A为 朋H刀>一,> ERNE$$r SN p . 人 伟 C 人 一 D EAD LPB. G1: ADL TH PRC: , 命 M 2 不 4D 一 PC, HR A= CPD BEETS dD. , PET Ry 1 18 L 氓 夏 U “ 1n 一 T 1 by 1\right) 2 10000 fh 不 b 一 0, 10200 Ra Tn; 021 TRU PH | P0T NE L 仪 | 医 春 81 不 一 UF DHE Lx dL RA1SE, 19, 渡 厌 ESC M00\right] htc 是 芸 崴 1 寸 的 学 暗 观 刑 , 普 认 C 深 志 队 河 @ 知 Q \1eft(Ff\right) TH Sn 渡 可 教 平 自 氖 为 工 命 , 肉 霜 玲 训 子 个 数 训 国 肺 戈 学 荣 烈 如 , 刑 弥 炳 休 da RAL\right) = 凯 切 D TREE EEA\right) 1Si< SE. {E1 gate, 尿 \1eft(自 月 2 可 分 观 如 : 1 ER1E Ce KA\right) ded, 尿 \1eft(2.13\right] 一 可 分 氧 们 : 1 尿 一 2 2 2 1 一 许 秉 沥 国 个 芸 知 月 交 月 , 记 葛 创 da 坂 \1eft(东 月 一 可 分 孕 奶 0 位 芸 为 , 1 月 许 0 , 月 > 工 > ERNE 1$$

---
title: 数学试卷
date: 2025-06-07
type: math_paper
version: 1.3.1
---

绳密x启用前 2024年普通高等学校招生全国统一考试((新课标[卷> 数学 本试卷共10页,19小题,满分150分. 注意予项: 1.答颐前,先将自己的姝叶,准考证0,考场0,座位史填写坚试卷和答颐卡10000,并将准考证 号条形码粘贴衬答题卡上的指定位置. 2.选择题的作答:每小题选水答案后,用28铅笔把答题卡上对广题目的答案标0涂黑.写地试 卷,草稿纸和答题卡上的非答题区域均无效. 3.填空题和解答题的作答:用黑色签字笔直接答坎答题卡上对应的答题区域内.写砂试卷,草 稿纸和答题卡上的冶答题区域均无效. 4.考试结束后,请将本试卷和答题卡一并上交. C0y送择题:本题共8小题,每小题5分,共40分.在每小题给出的4个选项小,只有 --个选项是正确的.请把正确的选项填涂在笑题下相应的位置上. [~ ~ ~ SE1NE$$绝 密 文 启 用 前 2024 年 普 通 高 等 学 校 招 生 全 国 统 一 考 试 \1eft(新 课 标 \1eft[卷 > 数 学 本 试 巷 共 10 页 ,19 小 题 , 满 分 150 分 . 注 意 予 项 : 1. 答 意 前 , 先 将 自 己 的 姊 叶 , 准 考 证 0 , 考 场 弓 , 座 位 句 填 写 亦 试 巷 和 答 翩 卡 上 , 些 将 准 考 证 号 条 形 码 粘 贴 衰 答 题 卡 上 的 指 定 位 置 . 2. 选 择 魉 的 作 答 : 每 小 题 选 水 答 案 后 , 用 28 铅 笔 把 答 婷 卡 上 对 广 题 目 的 答 案 标 0 涂 黑 . 写 地 试 卷 , 草 稿 纸 和 答 愚 卡 上 的 水 答 魉 区 域 均 无 效 . 3. 填 空 魇 和 解 答 题 的 作 答 : 用 黑 色 签 字 笔 直 接 答 衰 答 魇 卡 上 对 应 的 答 题 区 域 内 . 写 坂 试 巷 , 草 稿 纸 和 答 颌 卡 上 的 冬 答 题 区 域 均 无 效 . + 者 试 结 柬 后 , 训 将 本 试 卷 和 答 魇 卡 一 些 上 交 . , 坭 择 题 , 永 题 共 8 小 题 , 每 小 题 5 分 , 共 40 分 . 在 每 小 题 给 出 的 4 个 选 项 小 , 只 有 - 个 选 项 是 正 确 的 . 请 把 正 确 的 坪 项 填 涂 在 符 题 下 相 应 的 位 置 一 . 〖 盂 怡 致] \1eft[3%\right] A \1eft[27%\right] \1eft[GE NE \1eft[37%\right] [志 素] \1eft[| \1eft[5\right] A [5 玖 怡 致] \1eft[+518 〖6 不 怡 致] \1eft[+518 \1eft[7:5 7% 4%\right] \1eft[GE 1Q 命 5 2 7 林 2 人$$

---
title: 数学试卷
date: 2025-06-07
type: math_paper
version: 1.3.1
---

~ 一,选择题:本题共3小题,每小题6分,共18分.在每小题给出的选项小,有多项符合 题月耐求.伟部选对得6分,部分选对的得部分分,选对但不伟的得部分分,有选错的得0 分. :永题共3小题,每小题5分,共15分. ~ ~ 2r60e2r0,21首51刹2卵为3 〖17途余芒] [G5FARRER E300h 第6节/对7页$$\1eft[CRUE | 〖 林 一 , 选 择 题 , 本 题 共 3 小 颐 , 每 小 题 6 分 , 共 18 分 . 在 钗 小 题 给 出 的 选 项 小 , 有 多 项 符 合 题 目 耍 求 . 伟 部 选 对 得 6 分 , 部 分 选 对 的 御 部 分 分 , 选 对 但 不 全 的 御 部 分 分 , 有 选 错 笃 得 0 分 . \1eft[GRUBER \1eft[5%\right] Be 〖10 逊 伟 关] 〖 兵 林]ACD 〖11 ants i\right) \1eft[+4\right] ABD 3 , 塌 空 题 : 本 题 共 3 小 题 , 每 小 题 5 分 , 共 15 分 . 〖12 逊 伟 关] \1eft[GEE 2 〖 3 达 . \1eft[5%\right] 1n 〖 逊 伟 关] [李] 05 4 , 解 答 题 : 本 题 共 s 小 题 , 共 77 分 . 解 答 应 写 出 文 宁 说 明 , 证 朋 过 积 战 演 算 步 骤 . \1eft[ARERR \1eft[asd B=" 2\right) 23 [逊 伟 关] 〖 林 1 目 21 前 2 郎 义 3260 成 2 0. 〖17 逊 伟 吴] \1eft[EET RARER RET £203 家 6 Rr TN$$

---
title: 数学试卷
date: 2025-06-07
type: math_paper
version: 1.3.1
---

~$$\1eft[\1eft[EER1E . 颂 芸 诊 2 2 创 见 绘 沥 cx bx 下 R 〖19 逊 余 关] \1eft[0n\right] \1eft(L2\right).\1eft(L6\right).{56\right) 2 训 司 见 维 沥 31 1 司 见 维 沥 SET TN$$at0 ~ 7a7
2025-06-07 01:32:14 - MathPaperConverter - DEBUG - --------------------------------------------------
2025-06-07 01:32:14 - MathPaperConverter - INFO - 开始转换为Markdown格式
2025-06-07 01:32:14 - MathPaperConverter - INFO - 已生成 Markdown 文件：output/2024_math_nation_newI_20250607_013214.md
2025-06-07 01:32:14 - MathPaperConverter - ERROR - 处理文件 2024_math_nation_newI.pdf 时出错：unsupported format character '?' (0x8bbe) at index 239
2025-06-07 01:32:14 - MathPaperConverter - INFO - 转换日志已保存到：output/2024_math_nation_newI_20250607_013214_conversion.json
2025-06-07 01:32:14 - MathPaperConverter - INFO - 当前版本（v1.3.1）主要特性：
2025-06-07 01:32:14 - MathPaperConverter - INFO - - 修复LaTeX模板处理问题
2025-06-07 01:32:14 - MathPaperConverter - INFO - - 改进日志系统版本记录
2025-06-07 01:32:14 - MathPaperConverter - INFO - - 优化错误处理和报告
2025-06-07 01:32:14 - MathPaperConverter - INFO - - 修复编码问题
2025-06-07 01:32:14 - MathPaperConverter - INFO - - 添加版本信息到输出文件
2025-06-07 01:32:14 - MathPaperConverter - ERROR - 处理文件 2024_math_nation_newI.pdf 时出错：unsupported format character '?' (0x8bbe) at index 239
