2025-06-07 01:24:18 - MathPaperConverter - INFO - 日志文件位置: output/logs/20250607/converter_20250607_012418.log
2025-06-07 01:24:18 - MathPaperConverter - INFO - 当前版本: v1.3.1
2025-06-07 01:24:18 - MathPaperConverter - INFO - 操作系统: Darwin 24.5.0
2025-06-07 01:24:18 - MathPaperConverter - INFO - Python版本: 3.10.13 (main, Sep 11 2023, 08:24:56) [Clang 14.0.6 ]
2025-06-07 01:24:18 - MathPaperConverter - INFO - Tesseract版本: 5.5.1
2025-06-07 01:24:18 - MathPaperConverter - INFO - OpenCV版本: 4.11.0
2025-06-07 01:24:18 - MathPaperConverter - INFO - 初始化配置:
2025-06-07 01:24:18 - MathPaperConverter - INFO - - 输入目录: input
2025-06-07 01:24:18 - MathPaperConverter - INFO - - 输出目录: output
2025-06-07 01:24:18 - MathPaperConverter - INFO - - 模板目录: templates
2025-06-07 01:24:18 - MathPaperConverter - INFO - - 临时目录: temp
2025-06-07 01:24:18 - MathPaperConverter - INFO - - 日志目录: output/logs
2025-06-07 01:24:18 - MathPaperConverter - INFO - OCR配置已更新：
2025-06-07 01:24:18 - MathPaperConverter - INFO - - 普通文本：--oem 1 --psm 3 -l chi_sim+eng -c preserve_interword_spaces=1 -c tessedit_char_blacklist=|~`@#$%^&* -c textord_tabfind_find_tables=0
2025-06-07 01:24:18 - MathPaperConverter - INFO - - 数学公式：--oem 1 --psm 6 -l chi_sim+eng -c tessedit_char_whitelist="0123456789ABCDEFGHIJKLMNOPQRSTUVWXYZabcdefghijklmnopqrstuvwxyz+-=×÷<>≤≥≠≈∈∉⊆⊂⊇⊃∪∩∅∞∫∑∏√∂∇∆∵∴⊥∥∠∟∣∤∥∦∧∨∩∪⊕⊗" -c preserve_interword_spaces=1 -c tessedit_char_blacklist=|~`@#$%^&* -c textord_tabfind_find_tables=0
2025-06-07 01:24:18 - MathPaperConverter - INFO - MathPaperConverter 版本 1.3.1 初始化完成
2025-06-07 01:24:18 - MathPaperConverter - INFO - 开始批量处理文件
2025-06-07 01:24:18 - MathPaperConverter - INFO - 在输入目录中找到 1 个文件
2025-06-07 01:24:18 - MathPaperConverter - INFO - 开始处理文件: 2024_math_nation_newI.pdf
2025-06-07 01:24:18 - MathPaperConverter - INFO - 开始处理文件：2024_math_nation_newI.pdf
2025-06-07 01:24:18 - MathPaperConverter - INFO - 开始处理PDF文件: input/2024_math_nation_newI.pdf
2025-06-07 01:24:19 - MathPaperConverter - INFO - PDF共 7 页
2025-06-07 01:24:19 - MathPaperConverter - INFO - 处理第 1/7 页
2025-06-07 01:24:29 - MathPaperConverter - INFO - 处理第 2/7 页
2025-06-07 01:24:39 - MathPaperConverter - INFO - 处理第 3/7 页
2025-06-07 01:24:49 - MathPaperConverter - INFO - 处理第 4/7 页
2025-06-07 01:24:55 - MathPaperConverter - INFO - 处理第 5/7 页
2025-06-07 01:25:02 - MathPaperConverter - INFO - 处理第 6/7 页
2025-06-07 01:25:06 - MathPaperConverter - INFO - 处理第 7/7 页
2025-06-07 01:25:09 - MathPaperConverter - DEBUG - OCR 识别结果:
2025-06-07 01:25:09 - MathPaperConverter - DEBUG - --------------------------------------------------
2025-06-07 01:25:09 - MathPaperConverter - DEBUG - ---
title: 数学试卷
date: 2025-06-07
type: math_paper
version: 1.3.1
---

绝密女启用前 2024年普通高等学校招生全国统一考试《新课标[卷 数学 本试卷共10页,19小题,满分150分. 注意事项: 1.答题前,先将自己的姚叶,准考证号,考场弓,座位号塔写视试卷和答题卡,并将准考证 弛条形码粉贴东答题卡一的指定位置, 2选择题的作答,每小题选巾答案后,用28铅笔把答题卡对应题日的答案标史涂黑.写圭试 卷,草稿纸和答题卡万的非答题区域均无效 3.填空题和解答题的作答,用黑色笼字笔直揉答坚答题卡F对应的答题区域内.写在试卷,草 稿纸和答题卡万的汀答题区域均无效 4考试结束后,请将本试卷和答题卡一些万交. ,送择题,本题共8小题,每小颌5分,共40分.在律小题给出的四个选项丨,只有 -个适项是正确的,请抓正确的送项填涓在符题卡相应的位置上, fv50v5!!C1e5s王 子L0238ng ~ [REET!) A一余8.(2.3!C13L0DL022 3—1i.刚=.)“z0 A|i8.|ic01iD11 EAd=(0.10.5=(2.x)Eh_(h—4a)-Hx=d A28.|C1D.2 才C1c0s(efF)川tanC1an尸2.0Me0sta“厂1 仁.仪A8. =C五D.3m-a1 5LPRE5FAAfAEe(AAH5)ehNER兀园英的余生加) AV8.303mc0inD9Vaz 用.CT2uxaux<0CL6.LAERTyf(x)C0RCATEWp洁仁月水团厌1) .11n(x1-宇0 绍1吴7颂 $$绝 密 文 启 用 前 2024 年 普 通 高 等 学 校 招 生 全 国 统 一 考 试 \1eft( 新 课 标 \1eft[ 卷 》 数 学 本 试 巷 共 10 页 ,19 小 题 , 满 分 150 分 . 注 意 予 项 : 1. 答 意 前 , 先 将 白 己 的 姊 叶 , 准 考 证 口 , 考 场 弓 , 座 位 句 填 写 亦 试 巷 和 答 意 卡 上 , 幸 将 准 考 证 号 条 形 码 粘 贴 上 答 题 卡 上 的 指 定 位 置 . 2. 选 择 起 的 作 答 : 每 小 题 选 水 答 案 后 , 用 28 铅 笔 把 答 愚 卡 上 对 广 题 日 的 答 案 标 口 涂 黑 . 写 地 试 卷 , 草 稿 纸 和 答 颜 卡 上 的 : 卜 : 答 魉 区 域 均 无 效 . 3. 填 空 魇 和 解 答 题 的 作 答 : 用 黑 色 签 字 笔 直 接 答 上 答 颜 卡 上 对 应 的 答 题 区 域 内 . 写 坚 试 巷 , 草 稿 纸 和 答 颐 卡 上 的 非 答 逵 区 域 均 无 效 . 4. 者 试 结 柬 后 , 训 将 本 试 卷 和 答 魇 卡 一 些 上 交 . , 坭 择 题 , 永 题 共 8 小 题 , 每 小 题 5 分 , 共 40 分 . 在 每 小 题 给 出 的 四 个 选 项 小 , 只 有 - 十 选 项 是 正 确 的 . 请 把 正 确 的 迪 项 填 涂 在 符 题 下 相 应 的 位 置 上 . 10d wg! E5 FAR 10.2.3 AN8 \right) 一 余 8. 1.3 C 主 师 一 D 王 102 HE 1ric mz \right) ALi 8. 1 i c01i D01i 弓 口 史 司 或 二 二 \1eft( 历 二 \1eft( 5h _\1eft(h—4a\right). 网 土 一 , \right) A 2 8. 1 C 1 D.2 里 司 e0s{e Cf\right) tanC tan 尸 2 刀 e0st “ 厂 \right) \right) A 3m 80 不 cz D, 3 3 3 50U L1 RE AR TRAE LAAN H5 Re JR , 更 国 芸 的 体 弘 办 , \right) A,2V2T 8. \frac{3}{3}n C. 6\3n D. 93x , . CX 2Qr r<0 , ear Cerne 0L dy 51\right) CER ARE5 Wy URC RR \right) : T1nCr x20 HELE Ti$$

---
title: 数学试卷
date: 2025-06-07
type: math_paper
version: 1.3.1
---

a(v08.[L0c1L1D,0.=7) ar.日:1LE亿r0yar7.5a10.22]E市绍T一5inxT28i nr一余四仁烈刊)1\6 A8.4C0D.§ RCEf0EeChicRe00>5eDe2).E5ix3Efe)网上切. 定正院的挂0 A00>1008(20)>1000 CLD)<1000D,£(20)<10000 一,选择题:本颌共3小题,每小题6分,共18分.孛每小颖给川的选项中,有多项符合 顺日要求.全郜选对征6分,郜分选对的徒郜分分,选对但不全的彼部分分,有选错的得0 CaiUEAEeTGakee8EEEREAERT5认医文言染本~ ~内仁玮一2.1,邹T0Q.00.AEE1ERLAV朋友正蛭芒有标(L80厂],余设淅英~ F00TEDAYAEE5N(vest),则ELE2EEAN(a) P2<ua=0.843) APLV>2)5008.P(N>2)<0.5 CP0s2)505nD.PY>2)<08 10.许~f=x=1(x—4).1:1 Ax=REAEV8.当0<a“<11[x)=f(x) 《一L<t.12司,扎<12x1)<0PD.当二|Xi0时,个(21>丨() ~~~,渡型河张能敌U5EETRE1TRCLLEC许圭怡一止0,才C的成沥县恺不 佳一广2F0P020)[FETETEHY~a1a=0)[5ARE4刑) $$A C 80 \1eft[L0\right] e0 L 1 D 10.7\right) 7. 5a L02x\right] F0 f∈d y —s∈x 日 ERTHER 2s E0 Ad 8. 4 C00 D.§ 50EWEE0Y M0E LER 00> fe De 2 E5 3 51\right) x TR\right) 5EER a 一 001>100 8 一 0 > 1000 C 一 \1eft(0\right) 1000 D 一 C201<10MM1 一 , 选 招 颖 : 本 颌 兆 3 小 颌 , 每 小 逵 6 分 , 共 18 分 . 亦 每 小 煌 给 小 的 选 项 中 , 有 多 项 符 合 羿 日 耐 求 . 全 郁 选 对 征 6 分 , 郜 分 选 对 的 舟 郜 分 分 , 述 对 但 不 全 的 征 郜 分 分 , 月 选 键 的 征 0 分 . 0 yy ERC VTE 5FA CTs T1 Fi ACRE EERE re F0 5i AL EE 8y T= 200 HEA g5 = 0.01. 2a 10 RL i AN 朋 及 正 愚 节 有 邹 \1eft( 命 0 LE F 吊 的 宏 伟 子 汀 明 正 恭 分 市 士 \1eft( \right] , 刑 , 首 命 人 圭 野 子 弘 东 止 恭 分 市 \1eft(a\right) P 人 < 0\right)=08413\right) A PA > 21 > 0.2 8V >21 0.3 C PG > 21> 0.3 Dp. PY > 2\right) <0.8 10, 伟 口 赉 才 C 一 Cr D C 丁 , 刀 \right) A 王 一 3 是 A 1RL 8. 当 80<x<1 . AC r C. 与 L<x.:2 司 , 4< 2x <0 D. 当 - 团 , 520 > 一 \right) 1 h0r, A FAL5E ETD R1E5: CLE UE CUHK\right) 0,9 C1 单一 芸 20 RP0\right) TLR M5 Ya1a 50\right) 5AREE We \right) HE1NE RT$$

---
title: 数学试卷
date: 2025-06-07
type: math_paper
version: 1.3.1
---

~ ~ Aa=28.儿(2V2.0)c1 ~CCERYLE ~绘坂快刊咤公伦加1DDTUKHA51a11日,40不1 三,填空题:A81L3小题,每小题5分,共15分. [=r0b0)8TF81Fe8ELTR1EEEC丁a一i04 LgPA]1R8]10,儿C刀宣心十办 ~炳T1nDa的D刑一 LAE=1RRFEHEAR5a=1AVT35FRANRAN ~~EEDELE172:iL0LVNTEeWLr=VREen伟鉴 ~F08REEVdECE581R5CENAR10.81TRE 88CR1EDHAR 凶,解答题:本题共5小颚,共77分.解答应写出文字说旭,证叫过程或演算步骆. 15.0ad8CHTAL8yCHRyahec一刑sinC"一V2e0s8,命一厌一t一ub ~~CPARGAE81皇切千丨一2刊1 f15E10.5ELM03) PA58EECHb>0)0000 ~ 21=PG1E5ECni880ad8PETA生加90531白积. 17.刑叶,[EEP=A8CD.PfL5E8CH.PA—AC=2.8C=148=\3.~ RE1NER $$\ RY ™ M - , \1eft(\right) , 库 / 气 _ A u0 2 8. 必 \1eft(2V2.0\right) 亡 C 1L a dv - C00PERATE TR 1 D5N\right) CE 皋 三 T 一 三 , 塌 空 题 : 本 题 共 3 小 题 , 每 小 题 5 分 , 共 15 分 . 12 PERE CT 0h 0 0y FL FE PT PE EE C Ft 日 i 4 r 考 | 1R8\right] 10, TC 8EE 1y . 1 菊 广 缕 e T A50\right) R1E5 RE 1n Da E1ite 则 4 一 . 1 CRE RG 8E 弱 芒 沥 , 霍 弯 口 沥 尸 怡 有 一 个 敷 孝 , 园 国 口 庞 子 釜 剪 怡 有 氧 孝 1 85 7 AEG RU8E 1ED de0 Ne 门 大 谅 节 色 英 比 城 , 仁 霜 绍 工 视 , 肉 大 芒 巩 从 自 己 孙 有 医 下 交 小 英 仁 益 弥 , 非 比 轼 斧 施 考 干 一 城 孙 皓 子 小 , 蜀 宏 大 除 大 霜 一 列 , 敲 孕 竖 皇 人 芸 0 分 , 愿 怀 口 广 定名 扬 轮 所 施 的 卜 干 一 弈 春 的 芍 片 虎 李 匹 的 轻 诚 人 十 佳 仁 心 剧 国 轻 比 碧 吊 , 印 医 恩 英 分 丨 中 一 2 皇 冠 对 为 . 凹 , 解 答 颐 : 本 愚 共 5 小 煜 , 共 77 分 . 解 答 应 写 巾 文 字 说 明 , 证 叫 过 程 战 演 算 步 骤 . 15.50 ad8C HE AL 8e C1V1L ae hc 习 s5∈Cr 二 V2e0s88, d 外 一 一 yu \1eft( 求 不 : £20 不 aJ8C HAN1A 求人 圆 m CE Ce 10. 5E140.3\right) ∈ Pa1 8HC: = == 1a b>\right) ML E 一 U 一 CD 浩 口 门 一 心 河 : 121 不 沥 习 的 虑 88 宇 C 一 肖 丞 力 , 版 a48P 的 定 弓 习 9, 朱 的 一 称 , 17. 助 司 , 色 成 倦 Pm A8CD. Pa LAE 8CD. PJ- AC=2. 8C=1.A8—3. R1NE TT$$

---
title: 数学试卷
date: 2025-06-07
type: math_paper
version: 1.3.1
---

~ (如少D一P8EYADL平业PRC ~~20女4D一DC,月-当司C一厂山 一~~Lax1b1y1)~18.LiCEM)1 n 1E=h=0.03)200saEm: ~C3EU5EY—0)LT ~31如丨1X)“1NHcx2hE ~~刑gems,TE2555{f0Jy0的学宣~19,陶小汀万意蝶,煌创add ~戊一宏烈奶~FadnfETEmAHL H0), (if)15i<[<6[8adear,8e(dJ)=a05H40~ 131ER1E81)yd,尿(2.13]一可仁取佳: ~CA应2才历二2小RA0AF(T)DR1etra,8E)=TRGGL P00.p0st“>8 河寸方4本了人 $$r LN D 八 7 Tey 招 C u 一 V 一 Ch 如 小 D 工 P8 , 许 史 , AD1 TW PRC: , 吴 eg NE 2 = ADLDC. H0f A=CP=D 8EET JAD. , PET AY 1 18 L 氓 夏 L “ 1n 一 Tt 1 bx 1\right) 二 万 Ch Eh—0. 40200 sa 刹 亳 小 江 : C3 刑 ME = U = \1eft[LL ETE 3 = f1e\right) MEM5 <x 2 RA H0T. 19, 谚 厌 REC HE\right] ded F500 0 G0 8A WW Fa \1eft(0 J\right) TE 5dn n1 ET5 0N mT H0HE RR5 ACER ME ay dey FEE\right) 凯 切 C0 THE5 EEE\right) 1 5ic 5EL \1eft[0RY de, 8ed\right) = AT TRG C0 不厌 己 力 厂 E 8E dyed, 尿 \1eft(2.13\right] 一 可 分 家 刹 : C3 8L = 2 RE0 J\right) WR teed, Ke \1eft(Ff\right) = AT R5 a 为 , 1 P01a P0s gm RENE$$

---
title: 数学试卷
date: 2025-06-07
type: math_paper
version: 1.3.1
---

维密x启用前 2024年普通高等学校招生全国统一考试《新课标[卷 数学 本试卷共10页,19小题,满分150分. 注意予项: 1答题前,先将自己的姝叶,准考证号,考场弓,座位史填写坚试卷和答题卡一,并将准考证 号条形码粘贴孜答题卡上的指定位置. 2.选择题的作答:每小题选出答案后,用28铅笔把答题卡上对库题日的答案标句涂黑.写地试 卷,草稿纸和答题卡上的小答题区域均丁效. 3.填空题和解答题的作答,用黑色签字笔直接答上答题卡上对应的答题区域内.写砂试卷,草 稿纸和答题卡上的非答题区域均无效. 4考试结柬吹,请将本试卷和答题卡一并上交. ,选择题:永题共8小题,每小题5分,共40分.在每小题给出的四个选项小,只有 个选项是正确的,请把正确的选项填涂在笑题下相应的位置上. £15] ~ ~ ~ 5E1NE $$绝 密 w 启 用 前 2024 年 普 通 高 等 学 校 招 生 全 国 统 一 考 试 \1eft( 新 课 标 1 卷 \right) 数 学 本 试 巷 共 10 页 ,19 小 题 , 满 分 150 分 . 注 意 韦 项 : 1. 答 意 前 , 先 将 白 己 的 姊 叶 , 准 考 证 口 , 考 场 弓 , 座 位 句 填 写 亦 试 巷 和 答 意 卡 上 , 幸 将 准 考 证 号 条 形 码 粘 贴 上 答 题 卡 上 的 指 定 位 置 . 2. 选 择 起 的 作 答 : 每 小 题 选 水 答 案 后 , 用 28 铅 笔 把 答 愚 卡 上 对 广 题 日 的 答 案 标 口 涂 黑 . 写 地 试 巷 , 草 稿 纸 和 答 题 卡 上 的 非 答 颖 区 域 均 无 效 . 3. 填 空 魇 和 解 答 魇 的 作 答 : 用 黑 色 签 字 笔 直 接 答 上 答 顺 卡 上 对 应 的 答 题 区 域 内 . 写 砍 试 巷 , 草 稿 纸 和 答 颌 卡 上 的 非 答 题 区 域 均 无 效 . 4. 者 试 结 柬 后 , 讫 将 本 试 巷 和 答 魇 卡 一 并 上 交 . , 迪 择 题 , 本 题 共 8 小 题 , 每 小 题 5 分 , 共 40 分 . 在 每 小 题 给 出 的 四 个 选 项 小 , 只 有 - 个 选 项 是 正 确 的 . 请 把 正 确 的 坪 项 塌 涂 在 符 题 下 相 应 的 位 置 一 . 〖 不 公 标 \1eft(GER 1PN \1eft[CR185\right] \1eft[GER 1 \1eft[CR185\right] 〖 兵 李 D \1eft[ \1eft[ 5 不公 李 〖 兵 李 〗 \1eft[CR1E5\right] \1eft[GE5 H \1eft(74 4%\right] \1eft[GER 15 ERNE5T$$

---
title: 数学试卷
date: 2025-06-07
type: math_paper
version: 1.3.1
---

~ 一,选择题:本题共3小题,每小题6分,共18分.在每小题给出的选项小,有多项符合 题日耐求.企部选对得6分,部分选对的得部分分,选对但不伟的得部分分,有选错的得0 :水题共3小题,每小题5分,共15介. ~ 四,解答题:本题共5小题,共77分.解答应写出文宇说旭,证明过积或演算步骤. Es述中吴 Es)8=" 13)22 E10bis0d~~ Es1 fa日31刹万邹的3260sx2r0) £17述中 ~怀林口1哨见垮沥 550307 $$\1eft[CRE \1eft[GET 1Y 一 , 选 择 题 , 本 题 共 3 小 颌 , 每 小 题 6 分 , 共 18 分 . 圭 每 小 题 给 出 的 选 项 小 , 有 多 项 符 合 题 日 耍 求 . 伟 部 选 对 得 6 分 , 部 分 选 对 的 御 部 分 分 , 选 对 但 不 伟 的 御 部 分 分 , 有 选 错 笃 得 0 分 . \1eft[CHE5 \1eft[41 8e C10 述 余 关 〖 怀 李 ACD 〖11 司 伟 兰 \1eft[51 A8D 三 , 塌 空 题 : 本 题 共 3 小 题 , 每 小 题 5 分 , 共 15 分 . 〖12 述 何 关 园 〖 公 林 〗 一 〖 述 何 关 4%\right] 1n 2 〖14 述 余 关 \1eft[5%\right] 205 四 , 解 答 题 , 本 颌 共 5 小 颌 , 共 77 分 . 解 答 应 写 出 文 宁 说 旭 , 证 明 过 租 或 演 算 步 骤 . \1eft[GREER \1eft[esd 8=" EEN\right) 〖 述 余 关 〖 李 021 MRE ANY 2 6 0me 27 0 〖17 述 余 关 \1eft[5R5 FERRER EE 1 5 0d 7$$

---
title: 数学试卷
date: 2025-06-07
type: math_paper
version: 1.3.1
---

~ $$〖18 述 余 关 \1eft[e10n 2 21 训 司 面 城 沥 0b 2 〖19 述 伟 关 国 \1eft[EN 1 \1eft(L2\right).\1eft(1.6\right).{5.6\right) C20 司 见 城 沥 见 岩 沈 . 11 诊 切 面 城 沥 FA 7d 7$$ E 31认刀用基明131bY E19述中吴 〖林(12).(1.6).(5.6) 5RRER1ETEWFi 557a07
2025-06-07 01:25:09 - MathPaperConverter - DEBUG - --------------------------------------------------
2025-06-07 01:25:09 - MathPaperConverter - INFO - 开始转换为Markdown格式
2025-06-07 01:25:09 - MathPaperConverter - DEBUG - 输入文本长度: 8306 字符
2025-06-07 01:25:09 - MathPaperConverter - INFO - Markdown转换完成
2025-06-07 01:25:09 - MathPaperConverter - DEBUG - 输出文本长度: 8356 字符
2025-06-07 01:25:09 - MathPaperConverter - INFO - 已生成 Markdown 文件：output/2024_math_nation_newI_20250607_012509.md
2025-06-07 01:25:09 - MathPaperConverter - ERROR - 处理文件 2024_math_nation_newI.pdf 时出错：unsupported format character '?' (0x8bbe) at index 239
2025-06-07 01:25:09 - MathPaperConverter - INFO - 转换日志已保存到：output/2024_math_nation_newI_20250607_012509_conversion.json
2025-06-07 01:25:09 - MathPaperConverter - INFO - 当前版本（v1.3.1）主要特性：
2025-06-07 01:25:09 - MathPaperConverter - INFO - - 修复LaTeX模板处理问题
2025-06-07 01:25:09 - MathPaperConverter - INFO - - 改进日志系统版本记录
2025-06-07 01:25:09 - MathPaperConverter - INFO - - 优化错误处理和报告
2025-06-07 01:25:09 - MathPaperConverter - INFO - - 修复编码问题
2025-06-07 01:25:09 - MathPaperConverter - INFO - - 添加版本信息到输出文件
2025-06-07 01:25:09 - MathPaperConverter - ERROR - 处理文件 2024_math_nation_newI.pdf 时出错：unsupported format character '?' (0x8bbe) at index 239
