2025-06-07 00:20:13 - MathPaperConverter - INFO - 日志文件位置: output/logs/20250607/converter_20250607_002013.log
2025-06-07 00:20:13 - MathPaperConverter - INFO - 当前版本: v1.3.1
2025-06-07 00:20:13 - MathPaperConverter - INFO - 操作系统: Darwin 24.5.0
2025-06-07 00:20:13 - MathPaperConverter - INFO - Python版本: 3.10.13 (main, Sep 11 2023, 08:24:56) [Clang 14.0.6 ]
2025-06-07 00:20:13 - MathPaperConverter - INFO - Tesseract版本: 5.5.1
2025-06-07 00:20:13 - MathPaperConverter - INFO - OpenCV版本: 4.11.0
2025-06-07 00:20:13 - MathPaperConverter - INFO - 初始化配置:
2025-06-07 00:20:13 - MathPaperConverter - INFO - - 输入目录: input
2025-06-07 00:20:13 - MathPaperConverter - INFO - - 输出目录: output
2025-06-07 00:20:13 - MathPaperConverter - INFO - - 模板目录: templates
2025-06-07 00:20:13 - MathPaperConverter - INFO - - 临时目录: temp
2025-06-07 00:20:13 - MathPaperConverter - INFO - - 日志目录: output/logs
2025-06-07 00:20:13 - MathPaperConverter - INFO - OCR配置已更新：
2025-06-07 00:20:13 - MathPaperConverter - INFO - - 普通文本：--oem 1 --psm 3 -l chi_sim+eng -c preserve_interword_spaces=1
2025-06-07 00:20:13 - MathPaperConverter - INFO - - 数学公式：--oem 1 --psm 6 -l equ+chi_sim+eng -c tessedit_char_whitelist="0123456789ABCDEFGHIJKLMNOPQRSTUVWXYZabcdefghijklmnopqrstuvwxyz+-=×÷<>≤≥≠≈∈∉⊆⊂⊇⊃∪∩∅∞∫∑∏√∂∇∆∵∴⊥∥∠∟∣∤∥∦∧∨∩∪⊕⊗" -c preserve_interword_spaces=1
2025-06-07 00:20:13 - MathPaperConverter - INFO - MathPaperConverter 版本 1.3.1 初始化完成
2025-06-07 00:20:13 - MathPaperConverter - INFO - 开始批量处理文件
2025-06-07 00:20:13 - MathPaperConverter - INFO - 在输入目录中找到 1 个文件
2025-06-07 00:20:13 - MathPaperConverter - INFO - 开始处理文件: 2024_math_nation_newI.pdf
2025-06-07 00:20:13 - MathPaperConverter - INFO - 开始处理文件：2024_math_nation_newI.pdf
2025-06-07 00:20:13 - MathPaperConverter - INFO - 开始处理PDF文件: input/2024_math_nation_newI.pdf
2025-06-07 00:20:13 - MathPaperConverter - INFO - PDF共 7 页
2025-06-07 00:20:13 - MathPaperConverter - INFO - 处理第 1/7 页
2025-06-07 00:20:33 - MathPaperConverter - INFO - 处理第 2/7 页
2025-06-07 00:20:53 - MathPaperConverter - INFO - 处理第 3/7 页
2025-06-07 00:21:11 - MathPaperConverter - INFO - 处理第 4/7 页
2025-06-07 00:21:24 - MathPaperConverter - INFO - 处理第 5/7 页
2025-06-07 00:21:34 - MathPaperConverter - INFO - 处理第 6/7 页
2025-06-07 00:21:46 - MathPaperConverter - INFO - 处理第 7/7 页
2025-06-07 00:21:49 - MathPaperConverter - DEBUG - OCR 识别结果:
2025-06-07 00:21:49 - MathPaperConverter - DEBUG - --------------------------------------------------
2025-06-07 00:21:49 - MathPaperConverter - DEBUG - ---
title: 数学试卷
date: 2025-06-07
type: math_paper
version: 1.3.1
---

|国口町国园
园圈年日通高等学校招生全国统一考讪 吴
国国
1 |团团春国春春瑞
1
园吴吴口 兄8 > 出卡名,园吴命命命命国 炜位名交写左试卷和答颈-椿图 并将准考证
号条形码粘贴在答题卡上的指定位置

### 2.选择题的作答: 每小题选出答案后, 国国国明笔把答题卡上对应题日的答案标号涂黑.写在试

园嚎 草秆纸和答题卡上的非答题区域均无效

$$2024$$

$$≥⊃$$

$$⊂∑∂∅∫⊕⊂∣∏∂$$

### 3.填空题和解答题的作答: 用黑色签字笔直接答在答题卡上对应的答题区域内.写在试卷,喝

稿纸和答题卡上的非答题区域均无效

$$⊇∂∣∫≈⊕∣$$

$$∑∣⊆⊕≠⊥⊆∂⊇⊆⊇∅∏∂$$

$$≥≥≠∂∅∈∂⊃∏≤∅∅∪$$

### 4.考试结束后,请将本试卷和答题卡一刹国国

$$∫≈∠∣∑⊆∣⊂∣∈∏⊆∣∆∂∤∏∣$$

一,相命日命呤咤命咤日国和泉育日 国颜咤吴 工年小炼绘出弛工个达页丨,国国
一个选项是正确的,请把正确的选项填涂在答题卡相应的位置上.

$$⊕∑∂∣$$

1H a
g_
1 1 1 国国国
=0: J 1 -左
1 1 m1 国国
cn c0s(a + 8f) =m, tana tan § -量 | | 3 ( )
E mg 申震 一

$$∣⊃⊥∂∑∅$$

圈 己知园苑和圆侨的底面半径相等,侧面积相等,旦它们的高均为 /3 ,则圆锥的体积为 ( )

$$≠∣∈∠∥⊃∂≥∩∅$$

$$RE$$

$$∑∣≤∣∉⊇≤∈⊗∣∫∨∉∑∂$$

$$∣∉⊥∉∫∣∫∞∣⊇∣∏⊥∣∆≤∂∂∩∣$$

$$∩≤⊂⊃∅∂$$

$$⊂≤∩⊇⊂$$

$$TI$$

$$∂∣$$

$$⊂⊃∣$$

$$∑∥∂⊃ l 03$$

$$2$$

$$≤∑∏$$

$$∅∣∑≠∣$$

$$⊃⊃∣∏∑$$

$$x=$$

$$⊂⊇⊂∅⊇∪⊇∣⊆⊇∉⊇∣∞⊃∣$$

$$∣∣≠∠∣∂⊃$$

$$∣⊃∣⊇$$

$$∂∣≈∣$$

$$∠∟$$

$$⊃∑∣$$

$$∣∏$$

$$3$$

$$3$$

$$≤∣$$

$$∅∅$$

$$⊇⊃∪∂∣∏$$

$$⊂⊃∣∂√∑∏$$

$$∆⊇∑√∑∏$$

$$≠∑∠∩∣≠∠∠∂∑⊂∅$$

$$∈∪$$

$$≠∈∑≥⊥≠∪∣≥∂≥≤∫≤∏⊥∣⊇⊇∂∏∑∥$$

$$≠∆⊂∅≠∑∠∩∣≠∠∠∅∑⊂∅ ∪∅⊂∑⊃∑ ⊕∏∏⊂∑∣∏⊃≤⊃⊂≥∅$$

$$∂∣∂√∑∏$$

$$∣⊃∣∂√∑∏$$

$$∆∏≠∂∣∏$$

$$m$$

$$⊆∣∠⊆∑∏∣≠⊆∏∏⊂$$

$$∣∫∏∥∫∞≤⊂∂∠⊇$$

$$⊂⊃∣$$

$$∆∣≠∅$$

$$⊇⊇∇∆∅⊆⊥⊂∣⊆$$

$$≠∫≠∏$$

$$≠∫≠≤$$

$$∫∏≈∣∫∑≠$$

$$z$$

$$∆⊇≈∑≠∟∅≥$$

$$∣⊃∣≤∑≠∟∅⊃∑≥≈$$

$$∉∑⊃∂⊇≠$$

---
title: 数学试卷
date: 2025-06-07
type: math_paper
version: 1.3.1
---

仁为 £0 应 一王纳壮丨一
定正确的是 ( )
圈 J40 <1000 颠 /(20) <10000
=. 1 5h EE, 韦乡项竹各

$$∅∅∑≠∟∏$$

$$⊇∣∣∑≠∟⊂∏$$

$$∩⊥∂≤⊃∣∑∑≤∑∏∑≤$$

$$∑∅≤∑∥∏∏∣∣$$

$$3x-$$

$$∇∆≥∠∣∏$$

$$A3$$

$$∅∅∈$$

$$⊃≠∪∤∫⊂⊃⊂∅$$

$$∂∣$$

$$≠⊇⊃$$

$$∏≤∪⊂⊂∂∏⊂∫∫⊗⊂⊃∑∑$$

$$∫⊂⊃∅⊃≥∫⊂⊃⊂∩$$

$$∆∣$$

$$∂∣$$

$$∫∅∅⊃≥∑∅∅$$

$$∣⊃∣$$

$$⊂⊃∅$$

$$∈∂≥≈∣$$

$$∉⊃⊇∫∩∤∅$$

$$0$$

$$∅∂≥∩∣$$

$$∑∣≤∫⊆∏∑⊇≤∈∂∣∫∨⊇∣∏∠∉∣∣∇⊆∣∫∥⊇∣∏∑∑$$

$$∫⊂⊇⊗⊃≥∫⊗∅⊗$$

$$⊇∣∣∠⊥$$

$$⊇⊃∣⊗$$

$$≤∑∣∑$$

$$∤⊆∣≥⊇∤⊆⊃∂∅⊃≥∠≤∣≤∨∅∑∅∣∅∑$$

$$∣∣∫∨∩∣∑≥∂∅∣∫⊇⊃$$

$$C$$

$$Nxs$$

$$∫⊃⊂∑⊂∥∤∅∣⊃≈∅∣⊗∠∏∂⊃$$

$$iil ut$$

$$∆∏⊂≠∞∅∅∑∣$$

$$A$$

$$∩⊃∅∣⊇$$

$$∫⊃⊂∑⊃∑⊃⊃$$

$$⊂⊃∅$$

$$∣≥∅∣≤$$

$$⊂∫∣∩∣⊃⊂⊂∑∣$$

$$∥∏≤∪∑∣≥∠∑$$

$$⊃≈∏≥∩⊂≠∠∤⊃$$

$$∆∣∑≠∂∑∣⊇∣⊥⊃∫⊂∑⊃∣$$

$$⊇⊇∣≥∣∑∠∣∅⊂⊃⊂⊂∫∏≠∫⊇$$

$$≥∏⊂⊃⊂∠⊇∏≠∫∣$$

$$∣⊃∣$$

$$⊂⊃∅$$

$$∏∣$$

$$∂∣⊥⊆∑⊂⊇$$

$$⊃∤∅∣∂∂⊆∉≠⊇∣$$

$$∣∠∣∂∏⊆∥$$

$$⊃∑∠∑⊂∅⊂⊗⊃$$

$$∣≈∣∈∣∂∈∏$$

$$∪∑∠∣≠∑⊂⊃⊂⊂∅∏∇∫∂$$

$$⊂≠∫⊃⊂⊗$$

$$∫⊂⊇⊇$$

$$≠∠⊥⊂∫∅⊂∑∑∩$$

$$⊇⊃∉⊃≥∫⊂⊃⊂⊃$$

$$∫⊂∂⊂⊃≤∫∉⊃∅≥⊃$$

$$∫⊃⊂∑∫≥∑⊃⊃$$

$$∣≥⊇⊃⊂∅∣∑≥$$

$$∣⊃∣∫⊃∅∫⊃$$

$$∫⊃∩∩∑⊃⊂∅∣≤$$

国命国日人邰j为每 国国 并分迭汀的得部分分,选对但不全的得部分分,有选错的得国

$$⊆∣∠⊆⊇∏∣≠⊆∏∏⊂$$

| EATEN 国吴国嗣嚎 仁孢科柱区抽取挞本,得到推动出口后宗收人的样本
吴明H EE cnx amm0 x 朋从正忘分刊 吴咤啸
Ge 0 , 国 > (若随机变晔园吴从正志分园圃
1 c mE
|
1 mes EEN
腾嚎适型jc可以偷成美丽的卡带, 将其看作囡中曲线 C w— 11e 过尘标原 5R vn
命国 加700 wns as JRE E1 ,

---
title: 数学试卷
date: 2025-06-07
type: math_paper
version: 1.3.1
---

m 1
8C 在第一多限的点的纲坐标的最大值为 1 |命6 一
1 0s

$$O$$

国命 若凶线 = 0i1s (01) 处的切线也是曲线 y命-
> 4 方 口 一,园 人月 一 个 政子,伟 介九人方 政子园 |
国井5李方 放九命命命嗣嗣嚎 一人逃行四轮比赘,在每轮比赛中,丽人各自从自己持有的卡片中随机选
国国 弓芸弃s&卡片万敌字的大小,敬字大的人得 盟嘴 数字小的人得围 然后各自弃置此轮所选的
园国 (弃罡屹卡片在止后的轮次中不能任用〉 .则四物比赛后,甲的总得分不小于国围国 “
园朔 #一语日,诊朋过程或演算正弯
— [一
团团国
H+ , 瞅-
rs

$$∆∏∠∑≠≠⊇$$

$$cL$$

$$∣⊇∅∣≥∣⊂∑√∑∅∏⊆$$

$$⊇⊃∣∪∑∠∣∣∣≤∉∫∅∅⊃∣∅⊃∂∈$$

$$⊃⊂⊕⊇∣≈∑$$

$$Yo$$

$$⊂∣$$

$$⊆⊂∣⊇⊇≤∂≥∏$$

$$∑∣⊆∣≥∣∣⊇⊆≠∣⊆∂∣∫∨∉⊆∣$$

$$∑⊇∣$$

$$oe a$$

$$∣⊂∉∑∠∠∣∣∂$$

$$⊇∏⊇∠∉∣⊂⊇∂≤∣∣∉∂∣≠∑⊗⊇$$

$$2$$

$$∑∂∆$$

$$+$$

$$∂∑$$

$$∟∂∣≤⊃∇∣$$

$$∫∠∟⊆∣⊇≈$$

$$∅∣∂∣$$

$$⊆⊇∣∠∟$$

$$a$$

$$047$$

$$Fr$$

$$FRR$$

$$⊇⊃⊇∇∇∅∣$$

$$∑∣≤∣⊆∏⊆⊇≤⊆≤∣∫∏⊇∂∠∑∣$$

$$∣∠∑∣$$

$$∣⊃∣⊂∣$$

$$∏⊃⊇∣∟∠≥$$

$$∑≤∆⊕∂∆∣⊥∂⊂$$

$$∣∣≠∏≠∇∂∠∠∟∂≈$$

$$⊂∑⊃$$

$$≤∣⊇∇∅∆∣∫∂⊂∣$$

$$2$$

$$≤∫⊂∅⊃∣∂≥∅∪⊃∏∏∣⊆$$

$$≠⊇ a$$

$$∫∈∆∈∣∉∏∠⊂∅⊃∂⊃$$

$$∪⊃∑∫≈≥$$

$$D$$

$$∣∂∣$$

$$⊂∑⊃∥∤⊃≥≥∏∑∫⊃$$

$$∣∅∣∉∠≥⊂∠⊃∣$$

$$BC$$

$$∫⊃∠∉≤$$

$$AC$$

$$⊂⊇$$

$$∏∆∠∑∏∫⊇∣$$

$$∫∆∏∂⊥⊇∈≥∪⊃≠$$

$$≤∟∠∂⊂√∑$$

$$3 p3 NREEC$$

$$∠∑∅∤∑⊃∅≠⊂∅∑ J2ab$$

$$∈∆∣∩∣∫⊂∏≤≤∏⊂⊂√∑∞⊆∂≥$$

$$HERR$$

$$⊆∣∠⊆∂∏∣≠⊆∏∏⊂$$

$$∣⊆∣∫∨≥∣∣∣∂⊆⊆∅∣$$

$$⊂⊥∫∏∣∣$$

$$4$$

HEE 3 E.appimi0dfi1] 求1的方程.
吴吴哚 命吴吴5C5 “, > , n TFT

---
title: 数学试卷
date: 2025-06-07
type: math_paper
version: 1.3.1
---

吊哩唐命命寸 国国国国F 25C
1 1 国
xX
EE 1

$$t h y ky SN o v 3 C e AC Cr rd Seal kd B$$

兀
1 园明明5
C0 Teen
C
1 5c. ... 是介巩不书国的笑关放刃,国国胡\州去万项c 加 (园圆命喜
的 am 项可被平均分为7 组,囹图图国圃个敌都能构成等差数列,则秒数列 au0,,..,c,, 国国
国国
吴吴吴吴命| E 0 ... ( 国国国圆
1 0.00 JE
[吴吴吴吴育吴吴一欠仪x丨改 园园 3 .国国225

$$⊇⊆∉∠∠∩⊃⊥∫⊃∂$$

$$∣∫∂∥∩$$

$$∪⊃$$

$$∣√∂$$

$$⊥∑∟⊃∏∑∪∣⊇∠∟⊂∇∫⊃≠∂$$

$$⊂∑⊃$$

$$7$$

$$RAD$$

$$∑∫⊂⊃⊂⊃∑≤$$

$$⊇∑∏$$

$$⊃≠∣≠∣⊃⊂⊃⊂≠∪∂$$

$$∑∫≥∅∣≠∣∣∥∣∈∣∠∣∫∑∉⊆∑≤$$

$$0$$

$$⊂⊇⊃≥∑∏∫⊇⊃$$

$$∉∥∣≥⊥∣⊃∣≠∫⊂∑∣⊃$$

$$⊂∂∩⊃≠$$

$$⊇∫⊂⊃⊂⊃≥≠∑≥∣∣⊥⊆∥∑≥∏⊂⊃⊂⊂⊇∂∑∫≥∂$$

$$⊂∪⊇∣⊇∣∠∂∑∅∂∏∫∣⊂⊃⊂⊃≥∤$$

$$0$$

$$∑∂∏∟≤≥∣∥√∫∑∏≥≤≤∤∣≤∉∆∑$$

$$⊇⊇≥∠∂⊥∠⊃⊂≤$$

$$∫⊇≈∣⊕∣≠⊥∣⊆∏∂∠∏∣$$

$$∪⊃⊆⊃∦≤∫≤∫∏∂∦∂∏⊂∑∅∫∏$$

$$∫⊃≠∏∂⊃∞≥≤≤≤∅∥⊇$$

$$1<i<j<6$$

$$∂⊃≠∏∫∂∫⊗⊇∑∉∑∂∥⊆$$

$$⊂⊇⊃≥∣∏∏≥∂∑$$

$$⊕∏≤∏∫∂≠$$

$$∣∫∣⊂∣∵⊂∫∣⊃$$

$$≥∑∣⊇∈⊂∣⊇∫∣⊃∠∣$$

$$∂∠∣∣∏≠∣≈∑$$

$$⊂∂⊃⊥∧∟∑∂∥∣⊃∠$$

$$nm$$

$$>= 8$$

$$⊆∣∠⊆∠∣∏∣≠⊆∏∏⊂$$

---
title: 数学试卷
date: 2025-06-07
type: math_paper
version: 1.3.1
---

C
园圈卉英通高等学校招生全国统一考试 国俊
国唐
园吴吴口 兄8 > 出卡名,园吴命命命命国 炜位名交写左试卷和答颈-椿图 并将准考证
号条形码粘贴在答题卡上的指定位置

### 2.选择题的作答: 每小题选出答案后, 国国国明笔把答题卡上对应题日的答案标号涂黑.写在试

园嚎 草秆纸和答题卡上的非答题区域均无效

### 3.填空题和解答题的作答: 用黑色签字笔直接答在答题卡上对应的答题区域内.写在试卷,喝

稿纸和答题卡上的非答题区域均无效

$$2024$$

$$≥⊃$$

$$⊂∑∂∅∫⊕⊂∣∏∂$$

### 4.考试结束后,请将本试卷和答题卡一刹国国

一,相命日咤呤咤 响咤日春命咤育日 国颜颊吴 工年小火绘出弛工个达页丨,国国

$$⊇∂∣∫≈⊕∣$$

$$∑∣⊆⊕≠⊥⊆∂⊇⊆⊇∅∏∂$$

$$≥≥≠∂∅∈∂⊃∏≤∅∅∪$$

一个选项是正确的,请把正确的选项填涂在答题卡相应的位置上.

$$∫≈∠∣∑⊆∣⊂∣∈∏⊆∣∆∂∤∏∣$$

$$⊕∑∂∣$$

$$∣⊃⊥∂∑∅$$

$$∣∉⊥∉∫∣∫∞∣⊇∣∏⊥∣∆≤∂∂∩∣$$

$$∑∣≤∣⊕⊇≤∈⊗∣∫∨∉∑∂$$

$$RE$$

$$≠∣∈∠∥⊃∂≥∩∅$$

$$∣∣∣≥∣∉⊆∂∉∣∆$$

$$∣∧∠≥∣∉⊆∈∥⊃$$

$$∣∠⊥≥∑∩≥∣∠≈∣≠∣$$

$$∣∣∣⊃≥∣⊂⊆∈∣∆$$

$$∥≥∣∈⊇∅⊇∥≥$$

$$∣∣∣≥∣∉⊆⊇∥≥$$

$$⊆∣∠⊆≤∏∣≠⊆∏∏⊂$$

---
title: 数学试卷
date: 2025-06-07
type: math_paper
version: 1.3.1
---

=. 1 1 as ism, HERE
8E =v 11 5 snEnss, 8H ERANER55, Fase
[1]
| Ee EN yee)
: ‖
渡

$$∣∤∣≤∫∇∣∫∣ ∟∣⊂∣∆⊆⊇∤≤∥⊇$$

E

$$∈∅∩∣$$

$$∂∦∈∥≥∂≥∏$$

$$0$$

$$∈∂≥∣$$

$$∑∣⊆∣⊆∣∏⊥∂⊇⊃⊆∂∣∫≈⊕∣∣⊆∣∫≤⊕$$

办 一1
>4
f1]

$$∣∣∟∣∠≈⊆∂∥≥⊂$$

沙
Ww
=

$$∣∣∟≤⊆∂∣∆⊂⊇⊃$$

py ‖
造

$$∣∣∟∠∣≈⊆∂∣∆∂∣⊃$$

民
=

$$∅≠∥⊇∆⊇≤∂≥∏$$

$$∑∣⊆∣≥∣∣⊇⊆≠∣⊆∂∣∫∨⊆∏⊆∣$$

$$∣⊆∣∫∞∣⊆∏⊆≤∅∣$$

$$2$$

=
=

$$∑∤∣∣⊂∣≤⊆⊆∣⊆∣∣∏∑$$

$$∣∣∟≤⊆∂∣∑≠∦∉∉∅⊇≤$$

$$∑∣∑∣≥∉⊇⊃⊆≤∣∫∨∉∣$$

$$⊇⊇∇∇∂⊃∑$$

$$221B==$$

$$⊂⊇⊃∑√∑$$

$$∣∣∟∣∠≈⊆∂∥∪$$

$$⊇∑⊃∣≠∈∑∅⊆∆≥⊥∩$$

$$≠∑⊃∣∑∅⊇$$

$$⊂⊇⊃$$

$$⊂∑⊃√∑$$

$$⊆∣∠⊆∈∏∣≠∣∈∇∅∏⊂$$

---
title: 数学试卷
date: 2025-06-07
type: math_paper
version: 1.3.1
---

——
1
1 (1.2).(16).(5,6)
8c ny Es

$$⊂∂⊇⊆⊆∠∑⊆∣⊂∪≠∑$$

$$∣⊃≥≠⊇ 3$$

$$3$$

$$⊂∑⊃$$

$$∣∣∟∣∠≈⊆∂∥∪$$

$$⊂∂⊃$$

$$⊂⊇⊃$$

$$⊆∣∠⊆∇∏∣≠⊆∏∏⊂$$
2025-06-07 00:21:49 - MathPaperConverter - DEBUG - --------------------------------------------------
2025-06-07 00:21:49 - MathPaperConverter - INFO - 开始转换为Markdown格式
2025-06-07 00:21:49 - MathPaperConverter - DEBUG - 输入文本长度: 6135 字符
2025-06-07 00:21:49 - MathPaperConverter - INFO - Markdown转换完成
2025-06-07 00:21:49 - MathPaperConverter - DEBUG - 输出文本长度: 5125 字符
2025-06-07 00:21:49 - MathPaperConverter - DEBUG - Markdown 转换结果:
2025-06-07 00:21:49 - MathPaperConverter - DEBUG - --------------------------------------------------
2025-06-07 00:21:49 - MathPaperConverter - DEBUG - ---
title: 数学试卷
date: 2025-06-07
type: math_paper
version: 1.3.1
---

---
title: 数学试卷
date: 2025-06-07
type: math_paper
version: 1.3.1
---

|国口町国园
园圈年日通高等学校招生全国统一考讪 吴
国国
1 |团团春国春春瑞
1
园吴吴口 兄8 > 出卡名,园吴命命命命国 炜位名交写左试卷和答颈-椿图 并将准考证
号条形码粘贴在答题卡上的指定位置

### 2.选择题的作答: 每小题选出答案后, 国国国明笔把答题卡上对应题日的答案标号涂黑.写在试

园嚎 草秆纸和答题卡上的非答题区域均无效

2024

≥⊃

⊂∑∂∅∫⊕⊂∣∏∂

### 3.填空题和解答题的作答: 用黑色签字笔直接答在答题卡上对应的答题区域内.写在试卷,喝

稿纸和答题卡上的非答题区域均无效

⊇∂∣∫≈⊕∣

∑∣⊆⊕≠⊥⊆∂⊇⊆⊇∅∏∂

≥≥≠∂∅∈∂⊃∏≤∅∅∪

### 4.考试结束后,请将本试卷和答题卡一刹国国

∫≈∠∣∑⊆∣⊂∣∈∏⊆∣∆∂∤∏∣

一,相命日命呤咤命咤日国和泉育日 国颜咤吴 工年小炼绘出弛工个达页丨,国国
一个选项是正确的,请把正确的选项填涂在答题卡相应的位置上.

⊕∑∂∣

1H a
g_
1 1 1 国国国
=0: J 1 -左
1 1 m1 国国
cn c0s(a + 8f) =m, tana tan § -量 | | 3 ( )
E mg 申震 一

∣⊃⊥∂∑∅

圈 己知园苑和圆侨的底面半径相等,侧面积相等,旦它们的高均为 /3 ,则圆锥的体积为 ( )

≠∣∈∠∥⊃∂≥∩∅

RE

∑∣≤∣∉⊇≤∈⊗∣∫∨∉∑∂

∣∉⊥∉∫∣∫∞∣⊇∣∏⊥∣∆≤∂∂∩∣

∩≤⊂⊃∅∂

⊂≤∩⊇⊂

TI

∂∣

⊂⊃∣

∑∥∂⊃ l 03

2

≤∑∏

∅∣∑≠∣

⊃⊃∣∏∑

x=

⊂⊇⊂∅⊇∪⊇∣⊆⊇∉⊇∣∞⊃∣

∣∣≠∠∣∂⊃

∣⊃∣⊇

∂∣≈∣

∠∟

⊃∑∣

∣∏

3

3

≤∣

∅∅

⊇⊃∪∂∣∏

⊂⊃∣∂√∑∏

∆⊇∑√∑∏

≠∑∠∩∣≠∠∠∂∑⊂∅

∈∪

≠∈∑≥⊥≠∪∣≥∂≥≤∫≤∏⊥∣⊇⊇∂∏∑∥

≠∆⊂∅≠∑∠∩∣≠∠∠∅∑⊂∅ ∪∅⊂∑⊃∑ ⊕∏∏⊂∑∣∏⊃≤⊃⊂≥∅

∂∣∂√∑∏

∣⊃∣∂√∑∏

∆∏≠∂∣∏

m

⊆∣∠⊆∑∏∣≠⊆∏∏⊂

∣∫∏∥∫∞≤⊂∂∠⊇

⊂⊃∣

∆∣≠∅

⊇⊇∇∆∅⊆⊥⊂∣⊆

≠∫≠∏

≠∫≠≤

∫∏≈∣∫∑≠

z

∆⊇≈∑≠∟∅≥

∣⊃∣≤∑≠∟∅⊃∑≥≈

∉∑⊃∂⊇≠

---
title: 数学试卷
date: 2025-06-07
type: math_paper
version: 1.3.1
---

仁为 £0 应 一王纳壮丨一
定正确的是 ( )
圈 J40 <1000 颠 /(20) <10000
=. 1 5h EE, 韦乡项竹各

∅∅∑≠∟∏

⊇∣∣∑≠∟⊂∏

∩⊥∂≤⊃∣∑∑≤∑∏∑≤

∑∅≤∑∥∏∏∣∣

3x-

∇∆≥∠∣∏

A3

∅∅∈

⊃≠∪∤∫⊂⊃⊂∅

∂∣

≠⊇⊃

∏≤∪⊂⊂∂∏⊂∫∫⊗⊂⊃∑∑

∫⊂⊃∅⊃≥∫⊂⊃⊂∩

∆∣

∂∣

∫∅∅⊃≥∑∅∅

∣⊃∣

⊂⊃∅

∈∂≥≈∣

∉⊃⊇∫∩∤∅

0

∅∂≥∩∣

∑∣≤∫⊆∏∑⊇≤∈∂∣∫∨⊇∣∏∠∉∣∣∇⊆∣∫∥⊇∣∏∑∑

∫⊂⊇⊗⊃≥∫⊗∅⊗

⊇∣∣∠⊥

⊇⊃∣⊗

≤∑∣∑

∤⊆∣≥⊇∤⊆⊃∂∅⊃≥∠≤∣≤∨∅∑∅∣∅∑

∣∣∫∨∩∣∑≥∂∅∣∫⊇⊃

C

Nxs

∫⊃⊂∑⊂∥∤∅∣⊃≈∅∣⊗∠∏∂⊃

iil ut

∆∏⊂≠∞∅∅∑∣

A

∩⊃∅∣⊇

∫⊃⊂∑⊃∑⊃⊃

⊂⊃∅

∣≥∅∣≤

⊂∫∣∩∣⊃⊂⊂∑∣

∥∏≤∪∑∣≥∠∑

⊃≈∏≥∩⊂≠∠∤⊃

∆∣∑≠∂∑∣⊇∣⊥⊃∫⊂∑⊃∣

⊇⊇∣≥∣∑∠∣∅⊂⊃⊂⊂∫∏≠∫⊇

≥∏⊂⊃⊂∠⊇∏≠∫∣

∣⊃∣

⊂⊃∅

∏∣

∂∣⊥⊆∑⊂⊇

⊃∤∅∣∂∂⊆∉≠⊇∣

∣∠∣∂∏⊆∥

⊃∑∠∑⊂∅⊂⊗⊃

∣≈∣∈∣∂∈∏

∪∑∠∣≠∑⊂⊃⊂⊂∅∏∇∫∂

⊂≠∫⊃⊂⊗

∫⊂⊇⊇

≠∠⊥⊂∫∅⊂∑∑∩

⊇⊃∉⊃≥∫⊂⊃⊂⊃

∫⊂∂⊂⊃≤∫∉⊃∅≥⊃

∫⊃⊂∑∫≥∑⊃⊃

∣≥⊇⊃⊂∅∣∑≥

∣⊃∣∫⊃∅∫⊃

∫⊃∩∩∑⊃⊂∅∣≤

国命国日人邰j为每 国国 并分迭汀的得部分分,选对但不全的得部分分,有选错的得国

⊆∣∠⊆⊇∏∣≠⊆∏∏⊂

| EATEN 国吴国嗣嚎 仁孢科柱区抽取挞本,得到推动出口后宗收人的样本
吴明H EE cnx amm0 x 朋从正忘分刊 吴咤啸
Ge 0 , 国 > (若随机变晔园吴从正志分园圃
1 c mE
|
1 mes EEN
腾嚎适型jc可以偷成美丽的卡带, 将其看作囡中曲线 C w— 11e 过尘标原 5R vn
命国 加700 wns as JRE E1 ,

---
title: 数学试卷
date: 2025-06-07
type: math_paper
version: 1.3.1
---

m 1
8C 在第一多限的点的纲坐标的最大值为 1 |命6 一
1 0s

O

国命 若凶线 = 0i1s (01) 处的切线也是曲线 y命-
> 4 方 口 一,园 人月 一 个 政子,伟 介九人方 政子园 |
国井5李方 放九命命命嗣嗣嚎 一人逃行四轮比赘,在每轮比赛中,丽人各自从自己持有的卡片中随机选
国国 弓芸弃s&卡片万敌字的大小,敬字大的人得 盟嘴 数字小的人得围 然后各自弃置此轮所选的
园国 (弃罡屹卡片在止后的轮次中不能任用〉 .则四物比赛后,甲的总得分不小于国围国 “
园朔 #一语日,诊朋过程或演算正弯
— [一
团团国
H+ , 瞅-
rs

∆∏∠∑≠≠⊇

cL

∣⊇∅∣≥∣⊂∑√∑∅∏⊆

⊇⊃∣∪∑∠∣∣∣≤∉∫∅∅⊃∣∅⊃∂∈

⊃⊂⊕⊇∣≈∑

Yo

⊂∣

⊆⊂∣⊇⊇≤∂≥∏

∑∣⊆∣≥∣∣⊇⊆≠∣⊆∂∣∫∨∉⊆∣

∑⊇∣

oe a

∣⊂∉∑∠∠∣∣∂

⊇∏⊇∠∉∣⊂⊇∂≤∣∣∉∂∣≠∑⊗⊇

2

∑∂∆

+

∂∑

∟∂∣≤⊃∇∣

∫∠∟⊆∣⊇≈

∅∣∂∣

⊆⊇∣∠∟

a

047

Fr

FRR

⊇⊃⊇∇∇∅∣

∑∣≤∣⊆∏⊆⊇≤⊆≤∣∫∏⊇∂∠∑∣

∣∠∑∣

∣⊃∣⊂∣

∏⊃⊇∣∟∠≥

∑≤∆⊕∂∆∣⊥∂⊂

∣∣≠∏≠∇∂∠∠∟∂≈

⊂∑⊃

≤∣⊇∇∅∆∣∫∂⊂∣

2

≤∫⊂∅⊃∣∂≥∅∪⊃∏∏∣⊆

≠⊇ a

∫∈∆∈∣∉∏∠⊂∅⊃∂⊃

∪⊃∑∫≈≥

D

∣∂∣

⊂∑⊃∥∤⊃≥≥∏∑∫⊃

∣∅∣∉∠≥⊂∠⊃∣

BC

∫⊃∠∉≤

AC

⊂⊇

∏∆∠∑∏∫⊇∣

∫∆∏∂⊥⊇∈≥∪⊃≠

≤∟∠∂⊂√∑

3 p3 NREEC

∠∑∅∤∑⊃∅≠⊂∅∑ J2ab

∈∆∣∩∣∫⊂∏≤≤∏⊂⊂√∑∞⊆∂≥

HERR

⊆∣∠⊆∂∏∣≠⊆∏∏⊂

∣⊆∣∫∨≥∣∣∣∂⊆⊆∅∣

⊂⊥∫∏∣∣

4

HEE 3 E.appimi0dfi1] 求1的方程.
吴吴哚 命吴吴5C5 “, > , n TFT

---
title: 数学试卷
date: 2025-06-07
type: math_paper
version: 1.3.1
---

吊哩唐命命寸 国国国国F 25C
1 1 国
xX
EE 1

t h y ky SN o v 3 C e AC Cr rd Seal kd B

兀
1 园明明5
C0 Teen
C
1 5c. ... 是介巩不书国的笑关放刃,国国胡\州去万项c 加 (园圆命喜
的 am 项可被平均分为7 组,囹图图国圃个敌都能构成等差数列,则秒数列 au0,,..,c,, 国国
国国
吴吴吴吴命| E 0 ... ( 国国国圆
1 0.00 JE
[吴吴吴吴育吴吴一欠仪x丨改 园园 3 .国国225

⊇⊆∉∠∠∩⊃⊥∫⊃∂

∣∫∂∥∩

∪⊃

∣√∂

⊥∑∟⊃∏∑∪∣⊇∠∟⊂∇∫⊃≠∂

⊂∑⊃

7

RAD

∑∫⊂⊃⊂⊃∑≤

⊇∑∏

⊃≠∣≠∣⊃⊂⊃⊂≠∪∂

∑∫≥∅∣≠∣∣∥∣∈∣∠∣∫∑∉⊆∑≤

0

⊂⊇⊃≥∑∏∫⊇⊃

∉∥∣≥⊥∣⊃∣≠∫⊂∑∣⊃

⊂∂∩⊃≠

⊇∫⊂⊃⊂⊃≥≠∑≥∣∣⊥⊆∥∑≥∏⊂⊃⊂⊂⊇∂∑∫≥∂

⊂∪⊇∣⊇∣∠∂∑∅∂∏∫∣⊂⊃⊂⊃≥∤

0

∑∂∏∟≤≥∣∥√∫∑∏≥≤≤∤∣≤∉∆∑

⊇⊇≥∠∂⊥∠⊃⊂≤

∫⊇≈∣⊕∣≠⊥∣⊆∏∂∠∏∣

∪⊃⊆⊃∦≤∫≤∫∏∂∦∂∏⊂∑∅∫∏

∫⊃≠∏∂⊃∞≥≤≤≤∅∥⊇

1<i<j<6

∂⊃≠∏∫∂∫⊗⊇∑∉∑∂∥⊆

⊂⊇⊃≥∣∏∏≥∂∑

⊕∏≤∏∫∂≠

∣∫∣⊂∣∵⊂∫∣⊃

≥∑∣⊇∈⊂∣⊇∫∣⊃∠∣

∂∠∣∣∏≠∣≈∑

⊂∂⊃⊥∧∟∑∂∥∣⊃∠

nm

>= 8

⊆∣∠⊆∠∣∏∣≠⊆∏∏⊂

---
title: 数学试卷
date: 2025-06-07
type: math_paper
version: 1.3.1
---

C
园圈卉英通高等学校招生全国统一考试 国俊
国唐
园吴吴口 兄8 > 出卡名,园吴命命命命国 炜位名交写左试卷和答颈-椿图 并将准考证
号条形码粘贴在答题卡上的指定位置

### 2.选择题的作答: 每小题选出答案后, 国国国明笔把答题卡上对应题日的答案标号涂黑.写在试

园嚎 草秆纸和答题卡上的非答题区域均无效

### 3.填空题和解答题的作答: 用黑色签字笔直接答在答题卡上对应的答题区域内.写在试卷,喝

稿纸和答题卡上的非答题区域均无效

2024

≥⊃

⊂∑∂∅∫⊕⊂∣∏∂

### 4.考试结束后,请将本试卷和答题卡一刹国国

一,相命日咤呤咤 响咤日春命咤育日 国颜颊吴 工年小火绘出弛工个达页丨,国国

⊇∂∣∫≈⊕∣

∑∣⊆⊕≠⊥⊆∂⊇⊆⊇∅∏∂

≥≥≠∂∅∈∂⊃∏≤∅∅∪

一个选项是正确的,请把正确的选项填涂在答题卡相应的位置上.

∫≈∠∣∑⊆∣⊂∣∈∏⊆∣∆∂∤∏∣

⊕∑∂∣

∣⊃⊥∂∑∅

∣∉⊥∉∫∣∫∞∣⊇∣∏⊥∣∆≤∂∂∩∣

∑∣≤∣⊕⊇≤∈⊗∣∫∨∉∑∂

RE

≠∣∈∠∥⊃∂≥∩∅

∣∣∣≥∣∉⊆∂∉∣∆

∣∧∠≥∣∉⊆∈∥⊃

∣∠⊥≥∑∩≥∣∠≈∣≠∣

∣∣∣⊃≥∣⊂⊆∈∣∆

∥≥∣∈⊇∅⊇∥≥

∣∣∣≥∣∉⊆⊇∥≥

⊆∣∠⊆≤∏∣≠⊆∏∏⊂

---
title: 数学试卷
date: 2025-06-07
type: math_paper
version: 1.3.1
---

=. 1 1 as ism, HERE
8E =v 11 5 snEnss, 8H ERANER55, Fase
[1]
| Ee EN yee)
: ‖
渡

∣∤∣≤∫∇∣∫∣ ∟∣⊂∣∆⊆⊇∤≤∥⊇

E

∈∅∩∣

∂∦∈∥≥∂≥∏

0

∈∂≥∣

∑∣⊆∣⊆∣∏⊥∂⊇⊃⊆∂∣∫≈⊕∣∣⊆∣∫≤⊕

办 一1
>4
f1]

∣∣∟∣∠≈⊆∂∥≥⊂

沙
Ww
=

∣∣∟≤⊆∂∣∆⊂⊇⊃

py ‖
造

∣∣∟∠∣≈⊆∂∣∆∂∣⊃

民
=

∅≠∥⊇∆⊇≤∂≥∏

∑∣⊆∣≥∣∣⊇⊆≠∣⊆∂∣∫∨⊆∏⊆∣

∣⊆∣∫∞∣⊆∏⊆≤∅∣

2

=
=

∑∤∣∣⊂∣≤⊆⊆∣⊆∣∣∏∑

∣∣∟≤⊆∂∣∑≠∦∉∉∅⊇≤

∑∣∑∣≥∉⊇⊃⊆≤∣∫∨∉∣

⊇⊇∇∇∂⊃∑

221B==

⊂⊇⊃∑√∑

∣∣∟∣∠≈⊆∂∥∪

⊇∑⊃∣≠∈∑∅⊆∆≥⊥∩

≠∑⊃∣∑∅⊇

⊂⊇⊃

⊂∑⊃√∑

⊆∣∠⊆∈∏∣≠∣∈∇∅∏⊂

---
title: 数学试卷
date: 2025-06-07
type: math_paper
version: 1.3.1
---

——
1
1 (1.2).(16).(5,6)
8c ny Es

⊂∂⊇⊆⊆∠∑⊆∣⊂∪≠∑

∣⊃≥≠⊇ 3

3

⊂∑⊃

∣∣∟∣∠≈⊆∂∥∪

⊂∂⊃

⊂⊇⊃

⊆∣∠⊆∇∏∣≠⊆∏∏⊂
2025-06-07 00:21:49 - MathPaperConverter - DEBUG - --------------------------------------------------
2025-06-07 00:21:49 - MathPaperConverter - INFO - 已生成 Markdown 文件：output/2024_math_nation_newI_20250607_002149.md
2025-06-07 00:21:49 - MathPaperConverter - INFO - 转换日志已保存到：output/2024_math_nation_newI_20250607_002149_conversion.json
2025-06-07 00:21:49 - MathPaperConverter - INFO - 当前版本（v1.3.0）主要特性：
2025-06-07 00:21:49 - MathPaperConverter - INFO - - 集成equ训练数据支持数学公式识别
2025-06-07 00:21:49 - MathPaperConverter - INFO - - 添加数学符号白名单
2025-06-07 00:21:49 - MathPaperConverter - INFO - - 智能数学公式区域检测
2025-06-07 00:21:49 - MathPaperConverter - INFO - - 自适应图像增强处理
2025-06-07 00:21:49 - MathPaperConverter - INFO - - 数学文本智能校正
2025-06-07 00:21:49 - MathPaperConverter - INFO - - 改进的日志系统（按时间戳分类）
2025-06-07 00:21:49 - MathPaperConverter - INFO - 成功处理：2024_math_nation_newI.pdf
