2025-06-07 01:21:36 - MathPaperConverter - INFO - 日志文件位置: output/logs/20250607/converter_20250607_012136.log
2025-06-07 01:21:36 - MathPaperConverter - INFO - 当前版本: v1.3.1
2025-06-07 01:21:36 - MathPaperConverter - INFO - 操作系统: Darwin 24.5.0
2025-06-07 01:21:36 - MathPaperConverter - INFO - Python版本: 3.10.13 (main, Sep 11 2023, 08:24:56) [Clang 14.0.6 ]
2025-06-07 01:21:36 - MathPaperConverter - INFO - Tesseract版本: 5.5.1
2025-06-07 01:21:36 - MathPaperConverter - INFO - OpenCV版本: 4.11.0
2025-06-07 01:21:36 - MathPaperConverter - INFO - 初始化配置:
2025-06-07 01:21:36 - MathPaperConverter - INFO - - 输入目录: input
2025-06-07 01:21:36 - MathPaperConverter - INFO - - 输出目录: output
2025-06-07 01:21:36 - MathPaperConverter - INFO - - 模板目录: templates
2025-06-07 01:21:36 - MathPaperConverter - INFO - - 临时目录: temp
2025-06-07 01:21:36 - MathPaperConverter - INFO - - 日志目录: output/logs
2025-06-07 01:21:36 - MathPaperConverter - INFO - OCR配置已更新：
2025-06-07 01:21:36 - MathPaperConverter - INFO - - 普通文本：--oem 1 --psm 3 -l chi_sim+eng -c preserve_interword_spaces=1 -c tessedit_char_blacklist=|~`
2025-06-07 01:21:36 - MathPaperConverter - INFO - - 数学公式：--oem 1 --psm 6 -l chi_sim+eng -c tessedit_char_whitelist="0123456789ABCDEFGHIJKLMNOPQRSTUVWXYZabcdefghijklmnopqrstuvwxyz+-=×÷<>≤≥≠≈∈∉⊆⊂⊇⊃∪∩∅∞∫∑∏√∂∇∆∵∴⊥∥∠∟∣∤∥∦∧∨∩∪⊕⊗" -c preserve_interword_spaces=1 -c tessedit_char_blacklist=|~`
2025-06-07 01:21:36 - MathPaperConverter - INFO - MathPaperConverter 版本 1.3.1 初始化完成
2025-06-07 01:21:36 - MathPaperConverter - INFO - 开始批量处理文件
2025-06-07 01:21:36 - MathPaperConverter - INFO - 在输入目录中找到 1 个文件
2025-06-07 01:21:36 - MathPaperConverter - INFO - 开始处理文件: 2024_math_nation_newI.pdf
2025-06-07 01:21:36 - MathPaperConverter - INFO - 开始处理文件：2024_math_nation_newI.pdf
2025-06-07 01:21:36 - MathPaperConverter - INFO - 开始处理PDF文件: input/2024_math_nation_newI.pdf
2025-06-07 01:21:36 - MathPaperConverter - INFO - PDF共 7 页
2025-06-07 01:21:36 - MathPaperConverter - INFO - 处理第 1/7 页
2025-06-07 01:22:00 - MathPaperConverter - INFO - 处理第 2/7 页
2025-06-07 01:22:12 - MathPaperConverter - INFO - 处理第 3/7 页
2025-06-07 01:22:23 - MathPaperConverter - INFO - 处理第 4/7 页
2025-06-07 01:22:28 - MathPaperConverter - INFO - 处理第 5/7 页
2025-06-07 01:22:49 - MathPaperConverter - INFO - 处理第 6/7 页
2025-06-07 01:23:01 - MathPaperConverter - INFO - 处理第 7/7 页
2025-06-07 01:23:02 - MathPaperConverter - DEBUG - OCR 识别结果:
2025-06-07 01:23:02 - MathPaperConverter - DEBUG - --------------------------------------------------
2025-06-07 01:23:02 - MathPaperConverter - DEBUG - ---
title: 数学试卷
date: 2025-06-07
type: math_paper
version: 1.3.1
---

绝密x启用前 2024年普通高等学校招生全国统一考试(新课标[卷》 数学 本试卷共10页,19小题,满分150分. 注意事项: 1.答题前,先将自己的姝叶,准考证号,考场弓,座位号塔写在试卷和答题卡卜,并将准考证 时条形码粉贴在答题卡上的指定位置. 2.选择题的作答:每小适选片答案后,用28铅笔把答题卡上对应题日的答案标号涂黑.写地试 卷,草稿纸和答题卡上的非答题区域均无效 3.填空题和解答题的作答:用黑色签字笔直接答上答题卡上对应的答题区域内.写坚试卷,草 稿纸和答题卡上的非答题区域均无效 4考试结束后,请将本试卷和答题卡一并上交. -,选择题,本题共8小题,每小题5分,共40分.在律小题给出的四个选项小,只有 .个选项是正确的,请把正确的选项填涂在符题卡相应的位置上. |J,1EELA1ENU $$迩$$ $$择 题$$ $$本 题 共$$ $$题$$ $$婉$$ $$题$$ $$共$$ 莲1 $$在 每$$ $$题$$ $$给 出$$ $$的 四 个$$ $$选 项 丨$$ $$只 有$$ ~ ,司素合,t) A $$考 试$$ LL $$结 束 后$$ 0 $$诬$$ $$将 本 试$$ 8 $$卷 和$$ .13 $$颐 卡$$ $$并$$ $$交$$ C0raD402 $$稿 纸 和 答 题 卡$$ TELimes $$答 题 区 基$$ )CT $$均 无 效$$ A $$塔$$ 1 $$颐 和$$ $$解$$ $$题$$ $$作 答$$ 8. $$HEM$$ 1 $$签$$ $$字 笔 直 接 答 在$$ C01 $$颐 卡$$ $$对 应$$ $$题 区 基 内$$ D00 $$写 垃$$ $$试 巷$$ $$草$$ $$卷$$ aU $$草 稿 纸 和$$ Aad=(0 $$颜 卡$$ .00.h=x). $$题 区$$ Eh $$城 均 无 效$$ _(b-day.刑土一,1 A2 $$贴 在$$ $$答 题 卡$$ 8. $$指$$ 1 $$位 置$$ C1D.2 子 $$谷 题 利$$ Le0s( $$先 将 自$$ eCf) $$己$$ met $$姓 名$$ anatan $$准 者 证$$ 尸2,刑e $$考 场$$ 0st“厂) $$座 位$$ $$塔 写$$ ) $$地 试 卷 和 答 题 卡$$ $$并 将 准 者 证$$ $$注$$ $$韧 项$$ 伟L0mA.3m8. 丁C五D.3m-A1 $$本 试 巷 共$$ 5.CPPR $$页$$ 8FAC $$题$$ FN $$漓 分$$ TER $$分$$ ANTH5EREJRTM8, AV8.33xC6finD.9J2z 寸 $$文$$ 一Q一6.口史玟煌汀一C一,佳AREALWgATTRE) $$纯 密$$ $$启 用 前$$ :T1nCv1D三0 EET $$尸$$ $$NEY$$ $$位 罪$$ $$许 把 正$$ $$工$$ $$涂 在 符 题$$ $$项 塌$$ $$的 迪$$ $$的$$ $$个 选 项 是 正$$ $$相 应 的$$ $$对 应 题$$ $$题 选 水 答 案 后$$ $$写 坎$$ $$涂 黑$$ $$颜 卡$$ $$用$$ $$选 择 起$$ $$试$$ $$答 案 村$$ $$铈 笔 把$$ $$每$$ $$作 答$$ $$条 形 码$$ $$数 学$$ $$标$$ $$新 课$$ $$考 诙$$ $$生 全 国 统$$ $$校 招$$ $$商 等 学$$ $$年 普 通$$ $$3$$

---
title: 数学试卷
date: 2025-06-07
type: math_paper
version: 1.3.1
---

a(v08.[L0CLLD10.zxJ f元1E一 国定顶个斋有!(67.5ei[027]F0esv—sinyfy2sin A18.4C0D.8 5CEAfLhRe0>f1eDe2)口一351)xEdt)- 5ERRE) A500 $$Y0$$ )>100 $$休$$ 8.£120)>[000 CL00<1000D一C20)<10000 一,选择题:本颊共3小题,每小题6分,共18分.孜每小题给小的选项中,有多项符合 颖日要求.全郜选对彼6分,郜分选对的徒郜分分,选对但不全的得郡分分,有选错的彼0 Ca1EETAEeTkee80EETREAERTAAL5~ ~的气王一2.1,作5二0.01二史8志友传芸的巾挂人一耿及正恭万月X(L80.1)仪诚淅咤~ F时前宏俊A日重春止愚分市考58]则.普范伟圭量子重春止恕分市(U.a7], P2<ua=08+13) APLV>2)5008.PV>2)<03 CPG>21>0.5nD.PY>2)<0.8 $$超$$ 10,P $$耐 求$$ EE $$全 郜 选 对 彼$$ (=(x=)(x= $$分$$ 4). $$郜 分 适 对$$ 1)~ $$裙 邛$$ $$分 分$$ $$选 对 但$$ $$不 全$$ $$彼 郜 分 分$$ $$有 选 销$$ $$舟$$ AL干 $$选 择 起$$ 一明T $$本 题 共$$ 的展小有止 $$题$$ $$每$$ $$题$$ $$分$$ $$共$$ 8.50 $$分$$ <y- $$亥 每$$ 119. $$颜 给$$ f1x $$十$$ )-f $$选 项 中$$ (x) $$有 多 项 符$$ C不L<x2司,<C0<0D.当0团,一(>一( ~~~(RRR)5TURNEEEE=AhatTY||FYaRARR0NENaR议坤怡虐庞0,WYARRE0)RE ~棣一芸20Fa1FC0GFETTRE0EE1ENd1e50)厂吴富心诚办十,刑:) $$分$$ $$休$$

---
title: 数学试卷
date: 2025-06-07
type: math_paper
version: 1.3.1
---

~ ~ $$厂$$ A一28.怡(2V2.0)交C万 ~C0CRf ~绘坂怎刊咤亢伦力1D.当顶(庆 C,不 1 三,填空题:水题共3小题,每小题5分,共15分. 12余人卵缘C一咤Wa $$NE\right)$$ 0h0y朋光肉怀宣全驿方月,友途伟代干认二吴的十吴宇干少孙0 5iEA]TR8]10,干C刊烈心生为 ~v01nfra的厌洁,创一 1人,一成大子有[张卜水.怡有一个复孝,留医考广一釜剪怡有复孝TNLPY5EANRAN ~证0一如比垒,一李绍户碑|日大英庆打自己招有氏一交止河伟苔~厂 弥,招E轼智途英坤一煌家的子小,蝉孝一的大伟EE08AR055E~~ ~卜广一宣匹的口干交李区的莲许千傲友心列团轩比弼吊,屹臣怡芒分个中二2切 凶, $$广$$ 解管题:本题共5小题,共77分.解答广写巾文字说旭,证叫过程或演算步骤. 15.0ad8CHTAL8yCH8yahec一刑5inC2c0s8e余二多一0一V2up ~ 20w=ad8C节口弓义3+,朱山 f1c0园10,5ELH03) 卷月子五|为李团C志万1>01国00040 ~ 31不沥办皓肉88宇C一加丞孙,片a小8P的定生办9 $$J?$$ ,朱的一称, ~17.4013[EEP=A8CD.PfL58CD.PA—AC=2.8C=148—3. 5E1NE $$解 答 皮 写 巾$$ $$证$$ $$字 说 旭$$ $$题$$ $$本 题 兴$$ $$解 答 顺$$ $$凶$$ $$过 程 坂 演 算 步 骤$$ $$文$$ $$分$$ $$共$$ $$均 空 题$$ $$共$$ $$题$$ $$题$$ $$水 题 共$$ $$维$$ $$门$$ $$一 一$$

---
title: 数学试卷
date: 2025-06-07
type: math_paper
version: 1.3.1
---

~ CD如小D一P8,训切,ADL平步PRC ~(21如4D一C,HEEA-CP=D ~ a11ax|h(xh n’~~FE)1ns fhEh=004M0200a5p1: ~(21诊创,|F0REEAR01EP ~80Efy)DHH5exgh1NE ~~~1烈剔ddd椿芸深丨加的学深烈刑,~ETRE19.团my1 ~戊一沥烈奶,~5d河叫酸平土氖为孕命,一 H0u), 腐色月,T5[<6[0Hhatter,5e(Ff)A5040~ 20EEECe8add,怀(2413]一叮动攸刑: ~A8L2d=20EAAT)detent,坂(交月二可呆葛如片余( p00 $$厂 一$$ p0 $$厂$$ st> 定寸二7林了人 $$厂 7$$

---
title: 数学试卷
date: 2025-06-07
type: math_paper
version: 1.3.1
---

绝密文启用前 2024年普通高等学校招生全国统一考试(新课标[卷》 数学 本试卷共10页,19小题,满分150分. 注意予项: 1.答题前,先将自己的姝叶,准考证口,考场弓,座位史填写亦试卷和答题卡万,并将准考证 号条形码粘贴上答题卡上的指定位置. 2.选择题的作答:每小题选水答案后,用28铅笔把答题卡上对广题日的答案标口涂黑.写圭试 卷,草稿纸和答题卡上的i卜答题区域均无效. 3.填空题和解答题的作答,用黑色签字笔直接答坎答题卡上寺应的答题区域内.写砂试卷,草 稿纸和答题卡上的对答题区域均无效. 4.考试结束后,请将本试卷和答题卡一并上交. --,送择题,本题共8小题,每小题5分,共40分.在每小题给出的四个选项小,只有 --个选项是正确的.请把正确的选项填涂在笑题下相应的位置上. E $$个 选 项 是 正$$ 不怀标 $$的$$ $$许 把 正$$ $$的 迪$$ $$项 塌$$ $$涂 在 符 题$$ $$相 应 的$$ $$位 罪$$ $$工$$ ~ ~ $$谷 题 利$$ $$先 将 自$$ $$己$$ $$姓 名$$ $$准 者 证$$ $$考 场$$ $$座 位$$ $$塔 写$$ $$地 试 卷 和 答 题 卡$$ $$并 将 准 者 证$$ ~ $$文$$ 5E5ET $$的 四 个$$ $$只 有$$ $$选 项 丨$$ $$给 出$$ $$题$$ $$共$$ $$题$$ $$题$$ $$本 题 共$$ $$择 题$$ $$迩$$ $$在 每$$ $$婉$$ $$结 束 后$$ $$颐 卡$$ $$交$$ $$并$$ $$卷 和$$ $$将 本 试$$ $$诬$$ $$考 试$$ $$答 题 区 基$$ $$稿 纸 和 答 题 卡$$ $$均 无 效$$ $$对 应$$ $$写 垃$$ $$题 区 基 内$$ $$颐 卡$$ $$HEM$$ $$题$$ $$颐 和$$ $$试 巷$$ $$字 笔 直 接 答 在$$ $$签$$ $$作 答$$ $$解$$ $$塔$$ $$草$$ $$题 区$$ $$颜 卡$$ $$城 均 无 效$$ $$草 稿 纸 和$$ $$卷$$ $$对 应 题$$ $$题 选 水 答 案 后$$ $$写 坎$$ $$涂 黑$$ $$颜 卡$$ $$用$$ $$选 择 起$$ $$试$$ $$答 案 村$$ $$铈 笔 把$$ $$每$$ $$作 答$$ $$贴 在$$ $$条 形 码$$ $$位 置$$ $$指$$ $$答 题 卡$$ $$注$$ $$韧 项$$ $$页$$ $$分$$ $$漓 分$$ $$题$$ $$本 试 巷 共$$ $$数 学$$ $$标$$ $$新 课$$ $$考 诙$$ $$生 全 国 统$$ $$校 招$$ $$商 等 学$$ $$年 普 通$$ $$3$$ $$启 用 前$$ $$绘 密$$

---
title: 数学试卷
date: 2025-06-07
type: math_paper
version: 1.3.1
---

一,选择题:本题共3小题,每小题6分,共18分.圭每小题给出的选项小,有多项符合 题月耐求.伟部选对得6分,部分选对的得部分分,选对但不伪的得部分分,有选错的得0 ~ £51 $$厂$$ ACD E11选阮关 £551A8D 三,填空题:本题共3小题,每小题5分,共15分. $$四$$ E12 $$解$$ 途似 $$题$$ 关~ $$本 题 共$$ $$题$$ $$共$$ $$分$$ $$解$$ $$应 写 出 文$$ $$宁 说$$ $$证$$ $$朋 过$$ $$租 或 演 聚 步 骥$$ ~ 四,解答题:本题共5小题,共77分.解答应写出文宁说明,证明过租或演算步骤. £15 $$均 空 题$$ 造佳林~ $$本 题 共$$ $$题$$ $$维$$ $$题$$ $$共$$ faE5EE0N3DY60或20) $$题$$ 17遂河关 [R 13 命6二7杰了人 $$分$$ $$但 不$$ $$分 分$$ $$御 部$$ $$部 分$$ $$得$$ $$有 选 错$$ $$御 部 分 分$$ $$企$$ $$选$$ $$选$$ $$分$$ $$得$$ $$企 部 选$$ $$耍 求$$ $$本 题 共$$ $$选 择 题$$ $$有 多 项 符$$ $$选 项 小$$ $$题 给$$ $$题$$ $$题$$ $$出$$ $$在 绪$$ $$分$$ $$共$$ $$分$$ $$银$$

---
title: 数学试卷
date: 2025-06-07
type: math_paper
version: 1.3.1
---

~ wi1t C0RAEabX £19途俊李 Esudcn(L2)(L6)(5.6) E1NERF1NRA 857Tu
2025-06-07 01:23:02 - MathPaperConverter - DEBUG - --------------------------------------------------
2025-06-07 01:23:02 - MathPaperConverter - INFO - 开始转换为Markdown格式
2025-06-07 01:23:02 - MathPaperConverter - DEBUG - 输入文本长度: 5722 字符
2025-06-07 01:23:02 - MathPaperConverter - INFO - Markdown转换完成
2025-06-07 01:23:02 - MathPaperConverter - DEBUG - 输出文本长度: 4959 字符
2025-06-07 01:23:02 - MathPaperConverter - INFO - 已生成 Markdown 文件：output/2024_math_nation_newI_20250607_012302.md
2025-06-07 01:23:02 - MathPaperConverter - ERROR - 处理文件 2024_math_nation_newI.pdf 时出错：unsupported format character '?' (0x8bbe) at index 213
2025-06-07 01:23:02 - MathPaperConverter - INFO - 转换日志已保存到：output/2024_math_nation_newI_20250607_012302_conversion.json
2025-06-07 01:23:02 - MathPaperConverter - INFO - 当前版本（v1.3.1）主要特性：
2025-06-07 01:23:02 - MathPaperConverter - INFO - - 修复LaTeX模板处理问题
2025-06-07 01:23:02 - MathPaperConverter - INFO - - 改进日志系统版本记录
2025-06-07 01:23:02 - MathPaperConverter - INFO - - 优化错误处理和报告
2025-06-07 01:23:02 - MathPaperConverter - INFO - - 修复编码问题
2025-06-07 01:23:02 - MathPaperConverter - INFO - - 添加版本信息到输出文件
2025-06-07 01:23:02 - MathPaperConverter - ERROR - 处理文件 2024_math_nation_newI.pdf 时出错：unsupported format character '?' (0x8bbe) at index 213
