2025-06-07 00:00:45 - MathPaperConverter - INFO - 日志文件位置: output/logs/20250607/converter_20250607_000045.log
2025-06-07 00:00:45 - MathPaperConverter - INFO - 当前版本: v1.3.1
2025-06-07 00:00:45 - MathPaperConverter - INFO - 操作系统: Darwin 24.5.0
2025-06-07 00:00:45 - MathPaperConverter - INFO - Python版本: 3.10.13 (main, Sep 11 2023, 08:24:56) [Clang 14.0.6 ]
2025-06-07 00:00:45 - MathPaperConverter - INFO - Tesseract版本: 5.5.1
2025-06-07 00:00:45 - MathPaperConverter - INFO - OpenCV版本: 4.11.0
2025-06-07 00:00:45 - MathPaperConverter - INFO - 初始化配置:
2025-06-07 00:00:45 - MathPaperConverter - INFO - - 输入目录: input
2025-06-07 00:00:45 - MathPaperConverter - INFO - - 输出目录: output
2025-06-07 00:00:45 - MathPaperConverter - INFO - - 模板目录: templates
2025-06-07 00:00:45 - MathPaperConverter - INFO - - 临时目录: temp
2025-06-07 00:00:45 - MathPaperConverter - INFO - - 日志目录: output/logs
2025-06-07 00:00:45 - MathPaperConverter - INFO - MathPaperConverter 版本 1.3.1 初始化完成
2025-06-07 00:00:45 - MathPaperConverter - INFO - 开始批量处理文件
2025-06-07 00:00:45 - MathPaperConverter - INFO - 在输入目录中找到 1 个文件
2025-06-07 00:00:45 - MathPaperConverter - INFO - 开始处理文件: 2024_math_nation_newI.pdf
2025-06-07 00:00:45 - MathPaperConverter - INFO - 开始处理文件：2024_math_nation_newI.pdf
2025-06-07 00:00:45 - MathPaperConverter - INFO - 开始处理PDF文件: input/2024_math_nation_newI.pdf
2025-06-07 00:00:45 - MathPaperConverter - INFO - PDF共 7 页
2025-06-07 00:00:45 - MathPaperConverter - INFO - 处理第 1/7 页
2025-06-07 00:00:46 - MathPaperConverter - INFO - 共识别出 57 个数学公式区域
2025-06-07 00:00:46 - MathPaperConverter - INFO - 第 1 页检测到 57 个数学区域
2025-06-07 00:01:14 - MathPaperConverter - INFO - 第 1 页处理完成
2025-06-07 00:01:14 - MathPaperConverter - INFO - 处理第 2/7 页
2025-06-07 00:01:14 - MathPaperConverter - INFO - 共识别出 4 个数学公式区域
2025-06-07 00:01:14 - MathPaperConverter - INFO - 第 2 页检测到 4 个数学区域
2025-06-07 00:01:18 - MathPaperConverter - INFO - 第 2 页处理完成
2025-06-07 00:01:18 - MathPaperConverter - INFO - 处理第 3/7 页
2025-06-07 00:01:18 - MathPaperConverter - INFO - 共识别出 17 个数学公式区域
2025-06-07 00:01:18 - MathPaperConverter - INFO - 第 3 页检测到 17 个数学区域
2025-06-07 00:01:29 - MathPaperConverter - INFO - 第 3 页处理完成
2025-06-07 00:01:29 - MathPaperConverter - INFO - 处理第 4/7 页
2025-06-07 00:01:30 - MathPaperConverter - INFO - 共识别出 2 个数学公式区域
2025-06-07 00:01:30 - MathPaperConverter - INFO - 第 4 页检测到 2 个数学区域
2025-06-07 00:01:33 - MathPaperConverter - INFO - 第 4 页处理完成
2025-06-07 00:01:33 - MathPaperConverter - INFO - 处理第 5/7 页
2025-06-07 00:01:33 - MathPaperConverter - INFO - 共识别出 52 个数学公式区域
2025-06-07 00:01:33 - MathPaperConverter - INFO - 第 5 页检测到 52 个数学区域
2025-06-07 00:01:57 - MathPaperConverter - INFO - 第 5 页处理完成
2025-06-07 00:01:57 - MathPaperConverter - INFO - 处理第 6/7 页
2025-06-07 00:01:58 - MathPaperConverter - INFO - 共识别出 14 个数学公式区域
2025-06-07 00:01:58 - MathPaperConverter - INFO - 第 6 页检测到 14 个数学区域
2025-06-07 00:02:06 - MathPaperConverter - INFO - 第 6 页处理完成
2025-06-07 00:02:06 - MathPaperConverter - INFO - 处理第 7/7 页
2025-06-07 00:02:06 - MathPaperConverter - INFO - 共识别出 0 个数学公式区域
2025-06-07 00:02:06 - MathPaperConverter - INFO - 第 7 页检测到 0 个数学区域
2025-06-07 00:02:07 - MathPaperConverter - INFO - 第 7 页处理完成
2025-06-07 00:02:07 - MathPaperConverter - INFO - PDF处理完成，共处理 7 页
2025-06-07 00:02:07 - MathPaperConverter - INFO - 开始转换为Markdown格式
2025-06-07 00:02:07 - MathPaperConverter - INFO - Markdown转换完成
2025-06-07 00:02:07 - MathPaperConverter - INFO - 已生成 Markdown 文件：output/2024_math_nation_newI_20250607_000207.md
2025-06-07 00:02:07 - MathPaperConverter - INFO - 已生成 LaTeX 文件：output/2024_math_nation_newI_20250607_000207.tex
2025-06-07 00:02:08 - MathPaperConverter - ERROR - 处理文件 2024_math_nation_newI.pdf 时出错：LaTeX 编译错误：
! Missing number, treated as zero.
! Use of \??? doesn't match its definition.
                 ! LaTeX Error: Relation 'C' not among =,<,>,==,!=,<=,>=.
! Missing number, treated as zero.
! Use of \??? doesn't match its definition.
                 ! LaTeX Error: Relation 'C' not among =,<,>,==,!=,<=,>=.
! Missing number, treated as zero.
! Use of \??? doesn't match its definition.
                 ! LaTeX Error: Relation 'C' not among =,<,>,==,!=,<=,>=.
! Missing number, treated as zero.
! Use of \??? doesn't match its definition.
                 ! LaTeX Error: Relation 'C' not among =,<,>,==,!=,<=,>=.
! Missing number, treated as zero.
! Use of \??? doesn't match its definition.
                 ! LaTeX Error: Relation 'C' not among =,<,>,==,!=,<=,>=.
! Missing number, treated as zero.
! Use of \??? doesn't match its definition.
                 ! LaTeX Error: Relation 'C' not among =,<,>,==,!=,<=,>=.
! Missing number, treated as zero.
! Use of \??? doesn't match its definition.
                 ! LaTeX Error: Relation 'C' not among =,<,>,==,!=,<=,>=.
! Missing number, treated as zero.
! Use of \??? doesn't match its definition.
                 ! LaTeX Error: Relation 'C' not among =,<,>,==,!=,<=,>=.
! Missing number, treated as zero.
! Use of \??? doesn't match its definition.
                 ! LaTeX Error: Relation 'C' not among =,<,>,==,!=,<=,>=.
! Missing number, treated as zero.
! Use of \??? doesn't match its definition.
                 ! LaTeX Error: Relation 'C' not among =,<,>,==,!=,<=,>=.
! Missing number, treated as zero.
! Use of \??? doesn't match its definition.
                 ! LaTeX Error: Relation 'C' not among =,<,>,==,!=,<=,>=.
! Missing number, treated as zero.
! Use of \??? doesn't match its definition.
                 ! LaTeX Error: Relation 'C' not among =,<,>,==,!=,<=,>=.
! Missing number, treated as zero.
! Use of \??? doesn't match its definition.
                 ! LaTeX Error: Relation 'C' not among =,<,>,==,!=,<=,>=.
! Missing number, treated as zero.
! Use of \??? doesn't match its definition.
                 ! LaTeX Error: Relation 'C' not among =,<,>,==,!=,<=,>=.
! Missing number, treated as zero.
! Use of \??? doesn't match its definition.
                 ! LaTeX Error: Relation 'C' not among =,<,>,==,!=,<=,>=.
! Missing number, treated as zero.
! Use of \??? doesn't match its definition.
                 ! LaTeX Error: Relation 'C' not among =,<,>,==,!=,<=,>=.
! Missing number, treated as zero.
! Use of \??? doesn't match its definition.
                 ! LaTeX Error: Relation 'C' not among =,<,>,==,!=,<=,>=.
! Missing number, treated as zero.
! Use of \??? doesn't match its definition.
                 ! LaTeX Error: Relation 'C' not among =,<,>,==,!=,<=,>=.
! Missing number, treated as zero.
! Use of \??? doesn't match its definition.
                 ! LaTeX Error: Relation 'C' not among =,<,>,==,!=,<=,>=.
! Missing number, treated as zero.
! Use of \??? doesn't match its definition.
                 ! LaTeX Error: Relation 'C' not among =,<,>,==,!=,<=,>=.
! Missing number, treated as zero.
! Use of \??? doesn't match its definition.
                 ! LaTeX Error: Relation 'C' not among =,<,>,==,!=,<=,>=.
! Missing number, treated as zero.
! Use of \??? doesn't match its definition.
                 ! LaTeX Error: Relation 'C' not among =,<,>,==,!=,<=,>=.
! Missing number, treated as zero.
! Use of \??? doesn't match its definition.
                 ! LaTeX Error: Relation 'C' not among =,<,>,==,!=,<=,>=.
! Missing number, treated as zero.
! Use of \??? doesn't match its definition.
                 ! LaTeX Error: Relation 'C' not among =,<,>,==,!=,<=,>=.
! Missing number, treated as zero.
! Use of \??? doesn't match its definition.
                 ! LaTeX Error: Relation 'C' not among =,<,>,==,!=,<=,>=.
! Missing number, treated as zero.
! Use of \??? doesn't match its definition.
                 ! LaTeX Error: Relation 'C' not among =,<,>,==,!=,<=,>=.
! Missing number, treated as zero.
! Use of \??? doesn't match its definition.
                 ! LaTeX Error: Relation 'C' not among =,<,>,==,!=,<=,>=.
! Missing number, treated as zero.
! Use of \??? doesn't match its definition.
                 ! LaTeX Error: Relation 'C' not among =,<,>,==,!=,<=,>=.
! Missing number, treated as zero.
! Use of \??? doesn't match its definition.
                 ! LaTeX Error: Relation 'C' not among =,<,>,==,!=,<=,>=.
! Missing number, treated as zero.
! Use of \??? doesn't match its definition.
                 ! LaTeX Error: Relation 'C' not among =,<,>,==,!=,<=,>=.
! Missing number, treated as zero.
! Use of \??? doesn't match its definition.
                 ! LaTeX Error: Relation 'C' not among =,<,>,==,!=,<=,>=.
! Missing number, treated as zero.
! Use of \??? doesn't match its definition.
                 ! LaTeX Error: Relation 'C' not among =,<,>,==,!=,<=,>=.
! Missing number, treated as zero.
! Use of \??? doesn't match its definition.
                 ! LaTeX Error: Relation 'C' not among =,<,>,==,!=,<=,>=.
! Missing number, treated as zero.
! Use of \??? doesn't match its definition.
                 ! LaTeX Error: Relation 'C' not among =,<,>,==,!=,<=,>=.
! Missing number, treated as zero.
! Use of \??? doesn't match its definition.
                 ! LaTeX Error: Relation 'C' not among =,<,>,==,!=,<=,>=.
! Missing number, treated as zero.
! Use of \??? doesn't match its definition.
                 ! LaTeX Error: Relation 'C' not among =,<,>,==,!=,<=,>=.
! Missing number, treated as zero.
! Use of \??? doesn't match its definition.
                 ! LaTeX Error: Relation 'C' not among =,<,>,==,!=,<=,>=.
! Missing number, treated as zero.
! Use of \??? doesn't match its definition.
                 ! LaTeX Error: Relation 'C' not among =,<,>,==,!=,<=,>=.
! Missing number, treated as zero.
! Use of \??? doesn't match its definition.
                 ! LaTeX Error: Relation 'C' not among =,<,>,==,!=,<=,>=.
! Missing number, treated as zero.
! Use of \??? doesn't match its definition.
                 ! LaTeX Error: Relation 'C' not among =,<,>,==,!=,<=,>=.
! Missing number, treated as zero.
! Use of \??? doesn't match its definition.
                 ! LaTeX Error: Relation 'C' not among =,<,>,==,!=,<=,>=.
! Missing number, treated as zero.
! Use of \??? doesn't match its definition.
                 ! LaTeX Error: Relation 'C' not among =,<,>,==,!=,<=,>=.
! Missing number, treated as zero.
! Use of \??? doesn't match its definition.
                 ! LaTeX Error: Relation 'C' not among =,<,>,==,!=,<=,>=.
! Missing number, treated as zero.
! Use of \??? doesn't match its definition.
                 ! LaTeX Error: Relation 'C' not among =,<,>,==,!=,<=,>=.
! Missing number, treated as zero.
! Use of \??? doesn't match its definition.
                 ! LaTeX Error: Relation 'C' not among =,<,>,==,!=,<=,>=.
! Missing number, treated as zero.
! Use of \??? doesn't match its definition.
                 ! LaTeX Error: Relation 'C' not among =,<,>,==,!=,<=,>=.
! Missing number, treated as zero.
! Use of \??? doesn't match its definition.
                 ! LaTeX Error: Relation 'C' not among =,<,>,==,!=,<=,>=.
! Missing number, treated as zero.
! Use of \??? doesn't match its definition.
                 ! LaTeX Error: Relation 'C' not among =,<,>,==,!=,<=,>=.
! Missing number, treated as zero.
! Use of \??? doesn't match its definition.
                 ! LaTeX Error: Relation 'C' not among =,<,>,==,!=,<=,>=.
! Missing number, treated as zero.
! Use of \??? doesn't match its definition.
                 ! LaTeX Error: Relation 'C' not among =,<,>,==,!=,<=,>=.

完整输出：
This is XeTeX, Version 3.141592653-2.6-0.999997 (TeX Live 2025) (preloaded format=xelatex)
 restricted \write18 enabled.
entering extended mode
(./temp.tex
LaTeX2e <2024-11-01> patch level 2
L3 programming layer <2025-01-18>
(/usr/local/texlive/2025/texmf-dist/tex/latex/ctex/ctexart.cls
(/usr/local/texlive/2025/texmf-dist/tex/latex/ctex/config/ctexbackend.cfg)
(/usr/local/texlive/2025/texmf-dist/tex/latex/l3kernel/expl3.sty
(/usr/local/texlive/2025/texmf-dist/tex/latex/l3backend/l3backend-xetex.def))
Document Class: ctexart 2022/07/14 v2.5.10 Chinese adapter for class article (C
TEX)
(/usr/local/texlive/2025/texmf-dist/tex/latex/ctex/ctexhook.sty)
(/usr/local/texlive/2025/texmf-dist/tex/latex/ctex/ctexpatch.sty)
(/usr/local/texlive/2025/texmf-dist/tex/latex/base/fix-cm.sty
(/usr/local/texlive/2025/texmf-dist/tex/latex/base/ts1enc.def))
(/usr/local/texlive/2025/texmf-dist/tex/latex/ctex/config/ctexopts.cfg)
(/usr/local/texlive/2025/texmf-dist/tex/latex/base/article.cls
Document Class: article 2024/06/29 v1.4n Standard LaTeX document class
(/usr/local/texlive/2025/texmf-dist/tex/latex/base/size12.clo))
(/usr/local/texlive/2025/texmf-dist/tex/latex/ctex/engine/ctex-engine-xetex.def
(/usr/local/texlive/2025/texmf-dist/tex/xelatex/xecjk/xeCJK.sty
(/usr/local/texlive/2025/texmf-dist/tex/latex/l3packages/xtemplate/xtemplate.st
y) (/usr/local/texlive/2025/texmf-dist/tex/latex/fontspec/fontspec.sty
(/usr/local/texlive/2025/texmf-dist/tex/latex/l3packages/xparse/xparse.sty)
(/usr/local/texlive/2025/texmf-dist/tex/latex/fontspec/fontspec-xetex.sty
(/usr/local/texlive/2025/texmf-dist/tex/latex/base/fontenc.sty)
(/usr/local/texlive/2025/texmf-dist/tex/latex/fontspec/fontspec.cfg)))
(/usr/local/texlive/2025/texmf-dist/tex/xelatex/xecjk/xeCJK.cfg)))
(/usr/local/texlive/2025/texmf-dist/tex/latex/zhnumber/zhnumber.sty
(/usr/local/texlive/2025/texmf-dist/tex/latex/zhnumber/zhnumber-utf8.cfg))
(/usr/local/texlive/2025/texmf-dist/tex/latex/ctex/scheme/ctex-scheme-chinese-a
rticle.def
(/usr/local/texlive/2025/texmf-dist/tex/latex/ctex/config/ctex-name-utf8.cfg))
(/usr/local/texlive/2025/texmf-dist/tex/latex/ctex/fontset/ctex-fontset-mac.def

(/usr/local/texlive/2025/texmf-dist/tex/latex/ctex/fontset/ctex-fontset-macold.
def))) (/usr/local/texlive/2025/texmf-dist/tex/latex/ctex/config/ctex.cfg)
(/usr/local/texlive/2025/texmf-dist/tex/latex/amsmath/amsmath.sty
For additional information on amsmath, use the `?' option.
(/usr/local/texlive/2025/texmf-dist/tex/latex/amsmath/amstext.sty
(/usr/local/texlive/2025/texmf-dist/tex/latex/amsmath/amsgen.sty))
(/usr/local/texlive/2025/texmf-dist/tex/latex/amsmath/amsbsy.sty)
(/usr/local/texlive/2025/texmf-dist/tex/latex/amsmath/amsopn.sty))
(/usr/local/texlive/2025/texmf-dist/tex/latex/amsfonts/amssymb.sty
(/usr/local/texlive/2025/texmf-dist/tex/latex/amsfonts/amsfonts.sty))
(/usr/local/texlive/2025/texmf-dist/tex/latex/geometry/geometry.sty
(/usr/local/texlive/2025/texmf-dist/tex/latex/graphics/keyval.sty)
(/usr/local/texlive/2025/texmf-dist/tex/generic/iftex/ifvtex.sty
(/usr/local/texlive/2025/texmf-dist/tex/generic/iftex/iftex.sty)))
(/usr/local/texlive/2025/texmf-dist/tex/latex/graphics/graphicx.sty
(/usr/local/texlive/2025/texmf-dist/tex/latex/graphics/graphics.sty
(/usr/local/texlive/2025/texmf-dist/tex/latex/graphics/trig.sty)
(/usr/local/texlive/2025/texmf-dist/tex/latex/graphics-cfg/graphics.cfg)
(/usr/local/texlive/2025/texmf-dist/tex/latex/graphics-def/xetex.def)))
(/usr/local/texlive/2025/texmf-dist/tex/latex/enumitem/enumitem.sty)
(/usr/local/texlive/2025/texmf-dist/tex/latex/fancyhdr/fancyhdr.sty)
(/usr/local/texlive/2025/texmf-dist/tex/latex/lastpage/lastpage.sty
(/usr/local/texlive/2025/texmf-dist/tex/latex/lastpage/lastpage2e.sty
(/usr/local/texlive/2025/texmf-dist/tex/latex/lastpage/lastpagemodern.sty) 
)) (/usr/local/texlive/2025/texmf-dist/tex/latex/unicode-math/unicode-math.sty
(/usr/local/texlive/2025/texmf-dist/tex/latex/unicode-math/unicode-math-xetex.s
ty
(/usr/local/texlive/2025/texmf-dist/tex/latex/l3packages/l3keys2e/l3keys2e.sty)

(/usr/local/texlive/2025/texmf-dist/tex/latex/unicode-math/unicode-math-table.t
ex)))

Package xeCJK Warning: Redefining CJKfamily `\CJKrmdefault' (STSong(0)).


Package xeCJK Warning: Redefining CJKfamily `\CJKsfdefault' (STXihei).


Package xeCJK Warning: Redefining CJKfamily `\CJKttdefault' (STFangsong).

! Missing number, treated as zero.
<to be read again> 
                   C
l.21 \setmathfont{STSong}[range={CJK,CJK/A}]
                                            
! Use of \??? doesn't match its definition.
<argument> \???  
                 ! LaTeX Error: Relation 'C' not among =,<,>,==,!=,<=,>=.
l.21 \setmathfont{STSong}[range={CJK,CJK/A}]
                                            
! Missing number, treated as zero.
<to be read again> 
                   C
l.21 \setmathfont{STSong}[range={CJK,CJK/A}]
                                            
! Use of \??? doesn't match its definition.
<argument> \???  
                 ! LaTeX Error: Relation 'C' not among =,<,>,==,!=,<=,>=.
l.21 \setmathfont{STSong}[range={CJK,CJK/A}]
                                            
! Missing number, treated as zero.
<to be read again> 
                   C
l.21 \setmathfont{STSong}[range={CJK,CJK/A}]
                                            
! Use of \??? doesn't match its definition.
<argument> \???  
                 ! LaTeX Error: Relation 'C' not among =,<,>,==,!=,<=,>=.
l.21 \setmathfont{STSong}[range={CJK,CJK/A}]
                                            
! Missing number, treated as zero.
<to be read again> 
                   C
l.21 \setmathfont{STSong}[range={CJK,CJK/A}]
                                            
! Use of \??? doesn't match its definition.
<argument> \???  
                 ! LaTeX Error: Relation 'C' not among =,<,>,==,!=,<=,>=.
l.21 \setmathfont{STSong}[range={CJK,CJK/A}]
                                            
! Missing number, treated as zero.
<to be read again> 
                   C
l.21 \setmathfont{STSong}[range={CJK,CJK/A}]
                                            
! Use of \??? doesn't match its definition.
<argument> \???  
                 ! LaTeX Error: Relation 'C' not among =,<,>,==,!=,<=,>=.
l.21 \setmathfont{STSong}[range={CJK,CJK/A}]
                                            
! Missing number, treated as zero.
<to be read again> 
                   C
l.21 \setmathfont{STSong}[range={CJK,CJK/A}]
                                            
! Use of \??? doesn't match its definition.
<argument> \???  
                 ! LaTeX Error: Relation 'C' not among =,<,>,==,!=,<=,>=.
l.21 \setmathfont{STSong}[range={CJK,CJK/A}]
                                            
! Missing number, treated as zero.
<to be read again> 
                   C
l.21 \setmathfont{STSong}[range={CJK,CJK/A}]
                                            
! Use of \??? doesn't match its definition.
<argument> \???  
                 ! LaTeX Error: Relation 'C' not among =,<,>,==,!=,<=,>=.
l.21 \setmathfont{STSong}[range={CJK,CJK/A}]
                                            
! Missing number, treated as zero.
<to be read again> 
                   C
l.21 \setmathfont{STSong}[range={CJK,CJK/A}]
                                            
! Use of \??? doesn't match its definition.
<argument> \???  
                 ! LaTeX Error: Relation 'C' not among =,<,>,==,!=,<=,>=.
l.21 \setmathfont{STSong}[range={CJK,CJK/A}]
                                            
! Missing number, treated as zero.
<to be read again> 
                   C
l.21 \setmathfont{STSong}[range={CJK,CJK/A}]
                                            
! Use of \??? doesn't match its definition.
<argument> \???  
                 ! LaTeX Error: Relation 'C' not among =,<,>,==,!=,<=,>=.
l.21 \setmathfont{STSong}[range={CJK,CJK/A}]
                                            
! Missing number, treated as zero.
<to be read again> 
                   C
l.21 \setmathfont{STSong}[range={CJK,CJK/A}]
                                            
! Use of \??? doesn't match its definition.
<argument> \???  
                 ! LaTeX Error: Relation 'C' not among =,<,>,==,!=,<=,>=.
l.21 \setmathfont{STSong}[range={CJK,CJK/A}]
                                            
! Missing number, treated as zero.
<to be read again> 
                   C
l.21 \setmathfont{STSong}[range={CJK,CJK/A}]
                                            
! Use of \??? doesn't match its definition.
<argument> \???  
                 ! LaTeX Error: Relation 'C' not among =,<,>,==,!=,<=,>=.
l.21 \setmathfont{STSong}[range={CJK,CJK/A}]
                                            
! Missing number, treated as zero.
<to be read again> 
                   C
l.21 \setmathfont{STSong}[range={CJK,CJK/A}]
                                            
! Use of \??? doesn't match its definition.
<argument> \???  
                 ! LaTeX Error: Relation 'C' not among =,<,>,==,!=,<=,>=.
l.21 \setmathfont{STSong}[range={CJK,CJK/A}]
                                            
! Missing number, treated as zero.
<to be read again> 
                   C
l.21 \setmathfont{STSong}[range={CJK,CJK/A}]
                                            
! Use of \??? doesn't match its definition.
<argument> \???  
                 ! LaTeX Error: Relation 'C' not among =,<,>,==,!=,<=,>=.
l.21 \setmathfont{STSong}[range={CJK,CJK/A}]
                                            
! Missing number, treated as zero.
<to be read again> 
                   C
l.21 \setmathfont{STSong}[range={CJK,CJK/A}]
                                            
! Use of \??? doesn't match its definition.
<argument> \???  
                 ! LaTeX Error: Relation 'C' not among =,<,>,==,!=,<=,>=.
l.21 \setmathfont{STSong}[range={CJK,CJK/A}]
                                            
! Missing number, treated as zero.
<to be read again> 
                   C
l.21 \setmathfont{STSong}[range={CJK,CJK/A}]
                                            
! Use of \??? doesn't match its definition.
<argument> \???  
                 ! LaTeX Error: Relation 'C' not among =,<,>,==,!=,<=,>=.
l.21 \setmathfont{STSong}[range={CJK,CJK/A}]
                                            
! Missing number, treated as zero.
<to be read again> 
                   C
l.21 \setmathfont{STSong}[range={CJK,CJK/A}]
                                            
! Use of \??? doesn't match its definition.
<argument> \???  
                 ! LaTeX Error: Relation 'C' not among =,<,>,==,!=,<=,>=.
l.21 \setmathfont{STSong}[range={CJK,CJK/A}]
                                            
! Missing number, treated as zero.
<to be read again> 
                   C
l.21 \setmathfont{STSong}[range={CJK,CJK/A}]
                                            
! Use of \??? doesn't match its definition.
<argument> \???  
                 ! LaTeX Error: Relation 'C' not among =,<,>,==,!=,<=,>=.
l.21 \setmathfont{STSong}[range={CJK,CJK/A}]
                                            
! Missing number, treated as zero.
<to be read again> 
                   C
l.21 \setmathfont{STSong}[range={CJK,CJK/A}]
                                            
! Use of \??? doesn't match its definition.
<argument> \???  
                 ! LaTeX Error: Relation 'C' not among =,<,>,==,!=,<=,>=.
l.21 \setmathfont{STSong}[range={CJK,CJK/A}]
                                            
! Missing number, treated as zero.
<to be read again> 
                   C
l.21 \setmathfont{STSong}[range={CJK,CJK/A}]
                                            
! Use of \??? doesn't match its definition.
<argument> \???  
                 ! LaTeX Error: Relation 'C' not among =,<,>,==,!=,<=,>=.
l.21 \setmathfont{STSong}[range={CJK,CJK/A}]
                                            
! Missing number, treated as zero.
<to be read again> 
                   C
l.21 \setmathfont{STSong}[range={CJK,CJK/A}]
                                            
! Use of \??? doesn't match its definition.
<argument> \???  
                 ! LaTeX Error: Relation 'C' not among =,<,>,==,!=,<=,>=.
l.21 \setmathfont{STSong}[range={CJK,CJK/A}]
                                            
! Missing number, treated as zero.
<to be read again> 
                   C
l.21 \setmathfont{STSong}[range={CJK,CJK/A}]
                                            
! Use of \??? doesn't match its definition.
<argument> \???  
                 ! LaTeX Error: Relation 'C' not among =,<,>,==,!=,<=,>=.
l.21 \setmathfont{STSong}[range={CJK,CJK/A}]
                                            
! Missing number, treated as zero.
<to be read again> 
                   C
l.21 \setmathfont{STSong}[range={CJK,CJK/A}]
                                            
! Use of \??? doesn't match its definition.
<argument> \???  
                 ! LaTeX Error: Relation 'C' not among =,<,>,==,!=,<=,>=.
l.21 \setmathfont{STSong}[range={CJK,CJK/A}]
                                            
! Missing number, treated as zero.
<to be read again> 
                   C
l.21 \setmathfont{STSong}[range={CJK,CJK/A}]
                                            
! Use of \??? doesn't match its definition.
<argument> \???  
                 ! LaTeX Error: Relation 'C' not among =,<,>,==,!=,<=,>=.
l.21 \setmathfont{STSong}[range={CJK,CJK/A}]
                                            
! Missing number, treated as zero.
<to be read again> 
                   C
l.21 \setmathfont{STSong}[range={CJK,CJK/A}]
                                            
! Use of \??? doesn't match its definition.
<argument> \???  
                 ! LaTeX Error: Relation 'C' not among =,<,>,==,!=,<=,>=.
l.21 \setmathfont{STSong}[range={CJK,CJK/A}]
                                            
! Missing number, treated as zero.
<to be read again> 
                   C
l.21 \setmathfont{STSong}[range={CJK,CJK/A}]
                                            
! Use of \??? doesn't match its definition.
<argument> \???  
                 ! LaTeX Error: Relation 'C' not among =,<,>,==,!=,<=,>=.
l.21 \setmathfont{STSong}[range={CJK,CJK/A}]
                                            
! Missing number, treated as zero.
<to be read again> 
                   C
l.21 \setmathfont{STSong}[range={CJK,CJK/A}]
                                            
! Use of \??? doesn't match its definition.
<argument> \???  
                 ! LaTeX Error: Relation 'C' not among =,<,>,==,!=,<=,>=.
l.21 \setmathfont{STSong}[range={CJK,CJK/A}]
                                            
! Missing number, treated as zero.
<to be read again> 
                   C
l.21 \setmathfont{STSong}[range={CJK,CJK/A}]
                                            
! Use of \??? doesn't match its definition.
<argument> \???  
                 ! LaTeX Error: Relation 'C' not among =,<,>,==,!=,<=,>=.
l.21 \setmathfont{STSong}[range={CJK,CJK/A}]
                                            
! Missing number, treated as zero.
<to be read again> 
                   C
l.21 \setmathfont{STSong}[range={CJK,CJK/A}]
                                            
! Use of \??? doesn't match its definition.
<argument> \???  
                 ! LaTeX Error: Relation 'C' not among =,<,>,==,!=,<=,>=.
l.21 \setmathfont{STSong}[range={CJK,CJK/A}]
                                            
! Missing number, treated as zero.
<to be read again> 
                   C
l.21 \setmathfont{STSong}[range={CJK,CJK/A}]
                                            
! Use of \??? doesn't match its definition.
<argument> \???  
                 ! LaTeX Error: Relation 'C' not among =,<,>,==,!=,<=,>=.
l.21 \setmathfont{STSong}[range={CJK,CJK/A}]
                                            
! Missing number, treated as zero.
<to be read again> 
                   C
l.21 \setmathfont{STSong}[range={CJK,CJK/A}]
                                            
! Use of \??? doesn't match its definition.
<argument> \???  
                 ! LaTeX Error: Relation 'C' not among =,<,>,==,!=,<=,>=.
l.21 \setmathfont{STSong}[range={CJK,CJK/A}]
                                            
! Missing number, treated as zero.
<to be read again> 
                   C
l.21 \setmathfont{STSong}[range={CJK,CJK/A}]
                                            
! Use of \??? doesn't match its definition.
<argument> \???  
                 ! LaTeX Error: Relation 'C' not among =,<,>,==,!=,<=,>=.
l.21 \setmathfont{STSong}[range={CJK,CJK/A}]
                                            
! Missing number, treated as zero.
<to be read again> 
                   C
l.21 \setmathfont{STSong}[range={CJK,CJK/A}]
                                            
! Use of \??? doesn't match its definition.
<argument> \???  
                 ! LaTeX Error: Relation 'C' not among =,<,>,==,!=,<=,>=.
l.21 \setmathfont{STSong}[range={CJK,CJK/A}]
                                            
! Missing number, treated as zero.
<to be read again> 
                   C
l.21 \setmathfont{STSong}[range={CJK,CJK/A}]
                                            
! Use of \??? doesn't match its definition.
<argument> \???  
                 ! LaTeX Error: Relation 'C' not among =,<,>,==,!=,<=,>=.
l.21 \setmathfont{STSong}[range={CJK,CJK/A}]
                                            
! Missing number, treated as zero.
<to be read again> 
                   C
l.21 \setmathfont{STSong}[range={CJK,CJK/A}]
                                            
! Use of \??? doesn't match its definition.
<argument> \???  
                 ! LaTeX Error: Relation 'C' not among =,<,>,==,!=,<=,>=.
l.21 \setmathfont{STSong}[range={CJK,CJK/A}]
                                            
! Missing number, treated as zero.
<to be read again> 
                   C
l.21 \setmathfont{STSong}[range={CJK,CJK/A}]
                                            
! Use of \??? doesn't match its definition.
<argument> \???  
                 ! LaTeX Error: Relation 'C' not among =,<,>,==,!=,<=,>=.
l.21 \setmathfont{STSong}[range={CJK,CJK/A}]
                                            
! Missing number, treated as zero.
<to be read again> 
                   C
l.21 \setmathfont{STSong}[range={CJK,CJK/A}]
                                            
! Use of \??? doesn't match its definition.
<argument> \???  
                 ! LaTeX Error: Relation 'C' not among =,<,>,==,!=,<=,>=.
l.21 \setmathfont{STSong}[range={CJK,CJK/A}]
                                            
! Missing number, treated as zero.
<to be read again> 
                   C
l.21 \setmathfont{STSong}[range={CJK,CJK/A}]
                                            
! Use of \??? doesn't match its definition.
<argument> \???  
                 ! LaTeX Error: Relation 'C' not among =,<,>,==,!=,<=,>=.
l.21 \setmathfont{STSong}[range={CJK,CJK/A}]
                                            
! Missing number, treated as zero.
<to be read again> 
                   C
l.21 \setmathfont{STSong}[range={CJK,CJK/A}]
                                            
! Use of \??? doesn't match its definition.
<argument> \???  
                 ! LaTeX Error: Relation 'C' not among =,<,>,==,!=,<=,>=.
l.21 \setmathfont{STSong}[range={CJK,CJK/A}]
                                            
! Missing number, treated as zero.
<to be read again> 
                   C
l.21 \setmathfont{STSong}[range={CJK,CJK/A}]
                                            
! Use of \??? doesn't match its definition.
<argument> \???  
                 ! LaTeX Error: Relation 'C' not among =,<,>,==,!=,<=,>=.
l.21 \setmathfont{STSong}[range={CJK,CJK/A}]
                                            
! Missing number, treated as zero.
<to be read again> 
                   C
l.21 \setmathfont{STSong}[range={CJK,CJK/A}]
                                            
! Use of \??? doesn't match its definition.
<argument> \???  
                 ! LaTeX Error: Relation 'C' not among =,<,>,==,!=,<=,>=.
l.21 \setmathfont{STSong}[range={CJK,CJK/A}]
                                            
! Missing number, treated as zero.
<to be read again> 
                   C
l.21 \setmathfont{STSong}[range={CJK,CJK/A}]
                                            
! Use of \??? doesn't match its definition.
<argument> \???  
                 ! LaTeX Error: Relation 'C' not among =,<,>,==,!=,<=,>=.
l.21 \setmathfont{STSong}[range={CJK,CJK/A}]
                                            
! Missing number, treated as zero.
<to be read again> 
                   C
l.21 \setmathfont{STSong}[range={CJK,CJK/A}]
                                            
! Use of \??? doesn't match its definition.
<argument> \???  
                 ! LaTeX Error: Relation 'C' not among =,<,>,==,!=,<=,>=.
l.21 \setmathfont{STSong}[range={CJK,CJK/A}]
                                            
! Missing number, treated as zero.
<to be read again> 
                   C
l.21 \setmathfont{STSong}[range={CJK,CJK/A}]
                                            
! Use of \??? doesn't match its definition.
<argument> \???  
                 ! LaTeX Error: Relation 'C' not among =,<,>,==,!=,<=,>=.
l.21 \setmathfont{STSong}[range={CJK,CJK/A}]
                                            
! Missing number, treated as zero.
<to be read again> 
                   C
l.21 \setmathfont{STSong}[range={CJK,CJK/A}]
                                            
! Use of \??? doesn't match its definition.
<argument> \???  
                 ! LaTeX Error: Relation 'C' not among =,<,>,==,!=,<=,>=.
l.21 \setmathfont{STSong}[range={CJK,CJK/A}]
                                            
! Missing number, treated as zero.
<to be read again> 
                   C
l.21 \setmathfont{STSong}[range={CJK,CJK/A}]
                                            
! Use of \??? doesn't match its definition.
<argument> \???  
                 ! LaTeX Error: Relation 'C' not among =,<,>,==,!=,<=,>=.
l.21 \setmathfont{STSong}[range={CJK,CJK/A}]
                                            
! Missing number, treated as zero.
<to be read again> 
                   C
l.21 \setmathfont{STSong}[range={CJK,CJK/A}]
                                            
! Use of \??? doesn't match its definition.
<argument> \???  
                 ! LaTeX Error: Relation 'C' not among =,<,>,==,!=,<=,>=.
l.21 \setmathfont{STSong}[range={CJK,CJK/A}]
                                            
! Missing number, treated as zero.
<to be read again> 
                   C
l.21 \setmathfont{STSong}[range={CJK,CJK/A}]
                                            
! Use of \??? doesn't match its definition.
<argument> \???  
                 ! LaTeX Error: Relation 'C' not among =,<,>,==,!=,<=,>=.
l.21 \setmathfont{STSong}[range={CJK,CJK/A}]
                                            
! Missing number, treated as zero.
<to be read again> 
                   C
l.21 \setmathfont{STSong}[range={CJK,CJK/A}]
                                            
! Use of \??? doesn't match its definition.
<argument> \???  
                 ! LaTeX Error: Relation 'C' not among =,<,>,==,!=,<=,>=.
l.21 \setmathfont{STSong}[range={CJK,CJK/A}]
                                            
! Missing number, treated as zero.
<to be read again> 
                   C
l.21 \setmathfont{STSong}[range={CJK,CJK/A}]
                                            
! Use of \??? doesn't match its definition.
<argument> \???  
                 ! LaTeX Error: Relation 'C' not among =,<,>,==,!=,<=,>=.
l.21 \setmathfont{STSong}[range={CJK,CJK/A}]
                                            
! Missing number, treated as zero.
<to be read again> 
                   C
l.21 \setmathfont{STSong}[range={CJK,CJK/A}]
                                            
! Use of \??? doesn't match its definition.
<argument> \???  
                 ! LaTeX Error: Relation 'C' not among =,<,>,==,!=,<=,>=.
l.21 \setmathfont{STSong}[range={CJK,CJK/A}]
                                            
(That makes 100 errors; please try again.)
No pages of output.
Transcript written on temp.log.


2025-06-07 00:02:08 - MathPaperConverter - INFO - 转换日志已保存到：output/2024_math_nation_newI_20250607_000208_conversion.json
2025-06-07 00:02:08 - MathPaperConverter - INFO - 当前版本（v1.3.0）主要特性：
2025-06-07 00:02:08 - MathPaperConverter - INFO - - 集成equ训练数据支持数学公式识别
2025-06-07 00:02:08 - MathPaperConverter - INFO - - 添加数学符号白名单
2025-06-07 00:02:08 - MathPaperConverter - INFO - - 智能数学公式区域检测
2025-06-07 00:02:08 - MathPaperConverter - INFO - - 自适应图像增强处理
2025-06-07 00:02:08 - MathPaperConverter - INFO - - 数学文本智能校正
2025-06-07 00:02:08 - MathPaperConverter - INFO - - 改进的日志系统（按时间戳分类）
2025-06-07 00:02:08 - MathPaperConverter - ERROR - 处理文件 2024_math_nation_newI.pdf 时出错：LaTeX 编译错误：
! Missing number, treated as zero.
! Use of \??? doesn't match its definition.
                 ! LaTeX Error: Relation 'C' not among =,<,>,==,!=,<=,>=.
! Missing number, treated as zero.
! Use of \??? doesn't match its definition.
                 ! LaTeX Error: Relation 'C' not among =,<,>,==,!=,<=,>=.
! Missing number, treated as zero.
! Use of \??? doesn't match its definition.
                 ! LaTeX Error: Relation 'C' not among =,<,>,==,!=,<=,>=.
! Missing number, treated as zero.
! Use of \??? doesn't match its definition.
                 ! LaTeX Error: Relation 'C' not among =,<,>,==,!=,<=,>=.
! Missing number, treated as zero.
! Use of \??? doesn't match its definition.
                 ! LaTeX Error: Relation 'C' not among =,<,>,==,!=,<=,>=.
! Missing number, treated as zero.
! Use of \??? doesn't match its definition.
                 ! LaTeX Error: Relation 'C' not among =,<,>,==,!=,<=,>=.
! Missing number, treated as zero.
! Use of \??? doesn't match its definition.
                 ! LaTeX Error: Relation 'C' not among =,<,>,==,!=,<=,>=.
! Missing number, treated as zero.
! Use of \??? doesn't match its definition.
                 ! LaTeX Error: Relation 'C' not among =,<,>,==,!=,<=,>=.
! Missing number, treated as zero.
! Use of \??? doesn't match its definition.
                 ! LaTeX Error: Relation 'C' not among =,<,>,==,!=,<=,>=.
! Missing number, treated as zero.
! Use of \??? doesn't match its definition.
                 ! LaTeX Error: Relation 'C' not among =,<,>,==,!=,<=,>=.
! Missing number, treated as zero.
! Use of \??? doesn't match its definition.
                 ! LaTeX Error: Relation 'C' not among =,<,>,==,!=,<=,>=.
! Missing number, treated as zero.
! Use of \??? doesn't match its definition.
                 ! LaTeX Error: Relation 'C' not among =,<,>,==,!=,<=,>=.
! Missing number, treated as zero.
! Use of \??? doesn't match its definition.
                 ! LaTeX Error: Relation 'C' not among =,<,>,==,!=,<=,>=.
! Missing number, treated as zero.
! Use of \??? doesn't match its definition.
                 ! LaTeX Error: Relation 'C' not among =,<,>,==,!=,<=,>=.
! Missing number, treated as zero.
! Use of \??? doesn't match its definition.
                 ! LaTeX Error: Relation 'C' not among =,<,>,==,!=,<=,>=.
! Missing number, treated as zero.
! Use of \??? doesn't match its definition.
                 ! LaTeX Error: Relation 'C' not among =,<,>,==,!=,<=,>=.
! Missing number, treated as zero.
! Use of \??? doesn't match its definition.
                 ! LaTeX Error: Relation 'C' not among =,<,>,==,!=,<=,>=.
! Missing number, treated as zero.
! Use of \??? doesn't match its definition.
                 ! LaTeX Error: Relation 'C' not among =,<,>,==,!=,<=,>=.
! Missing number, treated as zero.
! Use of \??? doesn't match its definition.
                 ! LaTeX Error: Relation 'C' not among =,<,>,==,!=,<=,>=.
! Missing number, treated as zero.
! Use of \??? doesn't match its definition.
                 ! LaTeX Error: Relation 'C' not among =,<,>,==,!=,<=,>=.
! Missing number, treated as zero.
! Use of \??? doesn't match its definition.
                 ! LaTeX Error: Relation 'C' not among =,<,>,==,!=,<=,>=.
! Missing number, treated as zero.
! Use of \??? doesn't match its definition.
                 ! LaTeX Error: Relation 'C' not among =,<,>,==,!=,<=,>=.
! Missing number, treated as zero.
! Use of \??? doesn't match its definition.
                 ! LaTeX Error: Relation 'C' not among =,<,>,==,!=,<=,>=.
! Missing number, treated as zero.
! Use of \??? doesn't match its definition.
                 ! LaTeX Error: Relation 'C' not among =,<,>,==,!=,<=,>=.
! Missing number, treated as zero.
! Use of \??? doesn't match its definition.
                 ! LaTeX Error: Relation 'C' not among =,<,>,==,!=,<=,>=.
! Missing number, treated as zero.
! Use of \??? doesn't match its definition.
                 ! LaTeX Error: Relation 'C' not among =,<,>,==,!=,<=,>=.
! Missing number, treated as zero.
! Use of \??? doesn't match its definition.
                 ! LaTeX Error: Relation 'C' not among =,<,>,==,!=,<=,>=.
! Missing number, treated as zero.
! Use of \??? doesn't match its definition.
                 ! LaTeX Error: Relation 'C' not among =,<,>,==,!=,<=,>=.
! Missing number, treated as zero.
! Use of \??? doesn't match its definition.
                 ! LaTeX Error: Relation 'C' not among =,<,>,==,!=,<=,>=.
! Missing number, treated as zero.
! Use of \??? doesn't match its definition.
                 ! LaTeX Error: Relation 'C' not among =,<,>,==,!=,<=,>=.
! Missing number, treated as zero.
! Use of \??? doesn't match its definition.
                 ! LaTeX Error: Relation 'C' not among =,<,>,==,!=,<=,>=.
! Missing number, treated as zero.
! Use of \??? doesn't match its definition.
                 ! LaTeX Error: Relation 'C' not among =,<,>,==,!=,<=,>=.
! Missing number, treated as zero.
! Use of \??? doesn't match its definition.
                 ! LaTeX Error: Relation 'C' not among =,<,>,==,!=,<=,>=.
! Missing number, treated as zero.
! Use of \??? doesn't match its definition.
                 ! LaTeX Error: Relation 'C' not among =,<,>,==,!=,<=,>=.
! Missing number, treated as zero.
! Use of \??? doesn't match its definition.
                 ! LaTeX Error: Relation 'C' not among =,<,>,==,!=,<=,>=.
! Missing number, treated as zero.
! Use of \??? doesn't match its definition.
                 ! LaTeX Error: Relation 'C' not among =,<,>,==,!=,<=,>=.
! Missing number, treated as zero.
! Use of \??? doesn't match its definition.
                 ! LaTeX Error: Relation 'C' not among =,<,>,==,!=,<=,>=.
! Missing number, treated as zero.
! Use of \??? doesn't match its definition.
                 ! LaTeX Error: Relation 'C' not among =,<,>,==,!=,<=,>=.
! Missing number, treated as zero.
! Use of \??? doesn't match its definition.
                 ! LaTeX Error: Relation 'C' not among =,<,>,==,!=,<=,>=.
! Missing number, treated as zero.
! Use of \??? doesn't match its definition.
                 ! LaTeX Error: Relation 'C' not among =,<,>,==,!=,<=,>=.
! Missing number, treated as zero.
! Use of \??? doesn't match its definition.
                 ! LaTeX Error: Relation 'C' not among =,<,>,==,!=,<=,>=.
! Missing number, treated as zero.
! Use of \??? doesn't match its definition.
                 ! LaTeX Error: Relation 'C' not among =,<,>,==,!=,<=,>=.
! Missing number, treated as zero.
! Use of \??? doesn't match its definition.
                 ! LaTeX Error: Relation 'C' not among =,<,>,==,!=,<=,>=.
! Missing number, treated as zero.
! Use of \??? doesn't match its definition.
                 ! LaTeX Error: Relation 'C' not among =,<,>,==,!=,<=,>=.
! Missing number, treated as zero.
! Use of \??? doesn't match its definition.
                 ! LaTeX Error: Relation 'C' not among =,<,>,==,!=,<=,>=.
! Missing number, treated as zero.
! Use of \??? doesn't match its definition.
                 ! LaTeX Error: Relation 'C' not among =,<,>,==,!=,<=,>=.
! Missing number, treated as zero.
! Use of \??? doesn't match its definition.
                 ! LaTeX Error: Relation 'C' not among =,<,>,==,!=,<=,>=.
! Missing number, treated as zero.
! Use of \??? doesn't match its definition.
                 ! LaTeX Error: Relation 'C' not among =,<,>,==,!=,<=,>=.
! Missing number, treated as zero.
! Use of \??? doesn't match its definition.
                 ! LaTeX Error: Relation 'C' not among =,<,>,==,!=,<=,>=.
! Missing number, treated as zero.
! Use of \??? doesn't match its definition.
                 ! LaTeX Error: Relation 'C' not among =,<,>,==,!=,<=,>=.

完整输出：
This is XeTeX, Version 3.141592653-2.6-0.999997 (TeX Live 2025) (preloaded format=xelatex)
 restricted \write18 enabled.
entering extended mode
(./temp.tex
LaTeX2e <2024-11-01> patch level 2
L3 programming layer <2025-01-18>
(/usr/local/texlive/2025/texmf-dist/tex/latex/ctex/ctexart.cls
(/usr/local/texlive/2025/texmf-dist/tex/latex/ctex/config/ctexbackend.cfg)
(/usr/local/texlive/2025/texmf-dist/tex/latex/l3kernel/expl3.sty
(/usr/local/texlive/2025/texmf-dist/tex/latex/l3backend/l3backend-xetex.def))
Document Class: ctexart 2022/07/14 v2.5.10 Chinese adapter for class article (C
TEX)
(/usr/local/texlive/2025/texmf-dist/tex/latex/ctex/ctexhook.sty)
(/usr/local/texlive/2025/texmf-dist/tex/latex/ctex/ctexpatch.sty)
(/usr/local/texlive/2025/texmf-dist/tex/latex/base/fix-cm.sty
(/usr/local/texlive/2025/texmf-dist/tex/latex/base/ts1enc.def))
(/usr/local/texlive/2025/texmf-dist/tex/latex/ctex/config/ctexopts.cfg)
(/usr/local/texlive/2025/texmf-dist/tex/latex/base/article.cls
Document Class: article 2024/06/29 v1.4n Standard LaTeX document class
(/usr/local/texlive/2025/texmf-dist/tex/latex/base/size12.clo))
(/usr/local/texlive/2025/texmf-dist/tex/latex/ctex/engine/ctex-engine-xetex.def
(/usr/local/texlive/2025/texmf-dist/tex/xelatex/xecjk/xeCJK.sty
(/usr/local/texlive/2025/texmf-dist/tex/latex/l3packages/xtemplate/xtemplate.st
y) (/usr/local/texlive/2025/texmf-dist/tex/latex/fontspec/fontspec.sty
(/usr/local/texlive/2025/texmf-dist/tex/latex/l3packages/xparse/xparse.sty)
(/usr/local/texlive/2025/texmf-dist/tex/latex/fontspec/fontspec-xetex.sty
(/usr/local/texlive/2025/texmf-dist/tex/latex/base/fontenc.sty)
(/usr/local/texlive/2025/texmf-dist/tex/latex/fontspec/fontspec.cfg)))
(/usr/local/texlive/2025/texmf-dist/tex/xelatex/xecjk/xeCJK.cfg)))
(/usr/local/texlive/2025/texmf-dist/tex/latex/zhnumber/zhnumber.sty
(/usr/local/texlive/2025/texmf-dist/tex/latex/zhnumber/zhnumber-utf8.cfg))
(/usr/local/texlive/2025/texmf-dist/tex/latex/ctex/scheme/ctex-scheme-chinese-a
rticle.def
(/usr/local/texlive/2025/texmf-dist/tex/latex/ctex/config/ctex-name-utf8.cfg))
(/usr/local/texlive/2025/texmf-dist/tex/latex/ctex/fontset/ctex-fontset-mac.def

(/usr/local/texlive/2025/texmf-dist/tex/latex/ctex/fontset/ctex-fontset-macold.
def))) (/usr/local/texlive/2025/texmf-dist/tex/latex/ctex/config/ctex.cfg)
(/usr/local/texlive/2025/texmf-dist/tex/latex/amsmath/amsmath.sty
For additional information on amsmath, use the `?' option.
(/usr/local/texlive/2025/texmf-dist/tex/latex/amsmath/amstext.sty
(/usr/local/texlive/2025/texmf-dist/tex/latex/amsmath/amsgen.sty))
(/usr/local/texlive/2025/texmf-dist/tex/latex/amsmath/amsbsy.sty)
(/usr/local/texlive/2025/texmf-dist/tex/latex/amsmath/amsopn.sty))
(/usr/local/texlive/2025/texmf-dist/tex/latex/amsfonts/amssymb.sty
(/usr/local/texlive/2025/texmf-dist/tex/latex/amsfonts/amsfonts.sty))
(/usr/local/texlive/2025/texmf-dist/tex/latex/geometry/geometry.sty
(/usr/local/texlive/2025/texmf-dist/tex/latex/graphics/keyval.sty)
(/usr/local/texlive/2025/texmf-dist/tex/generic/iftex/ifvtex.sty
(/usr/local/texlive/2025/texmf-dist/tex/generic/iftex/iftex.sty)))
(/usr/local/texlive/2025/texmf-dist/tex/latex/graphics/graphicx.sty
(/usr/local/texlive/2025/texmf-dist/tex/latex/graphics/graphics.sty
(/usr/local/texlive/2025/texmf-dist/tex/latex/graphics/trig.sty)
(/usr/local/texlive/2025/texmf-dist/tex/latex/graphics-cfg/graphics.cfg)
(/usr/local/texlive/2025/texmf-dist/tex/latex/graphics-def/xetex.def)))
(/usr/local/texlive/2025/texmf-dist/tex/latex/enumitem/enumitem.sty)
(/usr/local/texlive/2025/texmf-dist/tex/latex/fancyhdr/fancyhdr.sty)
(/usr/local/texlive/2025/texmf-dist/tex/latex/lastpage/lastpage.sty
(/usr/local/texlive/2025/texmf-dist/tex/latex/lastpage/lastpage2e.sty
(/usr/local/texlive/2025/texmf-dist/tex/latex/lastpage/lastpagemodern.sty) 
)) (/usr/local/texlive/2025/texmf-dist/tex/latex/unicode-math/unicode-math.sty
(/usr/local/texlive/2025/texmf-dist/tex/latex/unicode-math/unicode-math-xetex.s
ty
(/usr/local/texlive/2025/texmf-dist/tex/latex/l3packages/l3keys2e/l3keys2e.sty)

(/usr/local/texlive/2025/texmf-dist/tex/latex/unicode-math/unicode-math-table.t
ex)))

Package xeCJK Warning: Redefining CJKfamily `\CJKrmdefault' (STSong(0)).


Package xeCJK Warning: Redefining CJKfamily `\CJKsfdefault' (STXihei).


Package xeCJK Warning: Redefining CJKfamily `\CJKttdefault' (STFangsong).

! Missing number, treated as zero.
<to be read again> 
                   C
l.21 \setmathfont{STSong}[range={CJK,CJK/A}]
                                            
! Use of \??? doesn't match its definition.
<argument> \???  
                 ! LaTeX Error: Relation 'C' not among =,<,>,==,!=,<=,>=.
l.21 \setmathfont{STSong}[range={CJK,CJK/A}]
                                            
! Missing number, treated as zero.
<to be read again> 
                   C
l.21 \setmathfont{STSong}[range={CJK,CJK/A}]
                                            
! Use of \??? doesn't match its definition.
<argument> \???  
                 ! LaTeX Error: Relation 'C' not among =,<,>,==,!=,<=,>=.
l.21 \setmathfont{STSong}[range={CJK,CJK/A}]
                                            
! Missing number, treated as zero.
<to be read again> 
                   C
l.21 \setmathfont{STSong}[range={CJK,CJK/A}]
                                            
! Use of \??? doesn't match its definition.
<argument> \???  
                 ! LaTeX Error: Relation 'C' not among =,<,>,==,!=,<=,>=.
l.21 \setmathfont{STSong}[range={CJK,CJK/A}]
                                            
! Missing number, treated as zero.
<to be read again> 
                   C
l.21 \setmathfont{STSong}[range={CJK,CJK/A}]
                                            
! Use of \??? doesn't match its definition.
<argument> \???  
                 ! LaTeX Error: Relation 'C' not among =,<,>,==,!=,<=,>=.
l.21 \setmathfont{STSong}[range={CJK,CJK/A}]
                                            
! Missing number, treated as zero.
<to be read again> 
                   C
l.21 \setmathfont{STSong}[range={CJK,CJK/A}]
                                            
! Use of \??? doesn't match its definition.
<argument> \???  
                 ! LaTeX Error: Relation 'C' not among =,<,>,==,!=,<=,>=.
l.21 \setmathfont{STSong}[range={CJK,CJK/A}]
                                            
! Missing number, treated as zero.
<to be read again> 
                   C
l.21 \setmathfont{STSong}[range={CJK,CJK/A}]
                                            
! Use of \??? doesn't match its definition.
<argument> \???  
                 ! LaTeX Error: Relation 'C' not among =,<,>,==,!=,<=,>=.
l.21 \setmathfont{STSong}[range={CJK,CJK/A}]
                                            
! Missing number, treated as zero.
<to be read again> 
                   C
l.21 \setmathfont{STSong}[range={CJK,CJK/A}]
                                            
! Use of \??? doesn't match its definition.
<argument> \???  
                 ! LaTeX Error: Relation 'C' not among =,<,>,==,!=,<=,>=.
l.21 \setmathfont{STSong}[range={CJK,CJK/A}]
                                            
! Missing number, treated as zero.
<to be read again> 
                   C
l.21 \setmathfont{STSong}[range={CJK,CJK/A}]
                                            
! Use of \??? doesn't match its definition.
<argument> \???  
                 ! LaTeX Error: Relation 'C' not among =,<,>,==,!=,<=,>=.
l.21 \setmathfont{STSong}[range={CJK,CJK/A}]
                                            
! Missing number, treated as zero.
<to be read again> 
                   C
l.21 \setmathfont{STSong}[range={CJK,CJK/A}]
                                            
! Use of \??? doesn't match its definition.
<argument> \???  
                 ! LaTeX Error: Relation 'C' not among =,<,>,==,!=,<=,>=.
l.21 \setmathfont{STSong}[range={CJK,CJK/A}]
                                            
! Missing number, treated as zero.
<to be read again> 
                   C
l.21 \setmathfont{STSong}[range={CJK,CJK/A}]
                                            
! Use of \??? doesn't match its definition.
<argument> \???  
                 ! LaTeX Error: Relation 'C' not among =,<,>,==,!=,<=,>=.
l.21 \setmathfont{STSong}[range={CJK,CJK/A}]
                                            
! Missing number, treated as zero.
<to be read again> 
                   C
l.21 \setmathfont{STSong}[range={CJK,CJK/A}]
                                            
! Use of \??? doesn't match its definition.
<argument> \???  
                 ! LaTeX Error: Relation 'C' not among =,<,>,==,!=,<=,>=.
l.21 \setmathfont{STSong}[range={CJK,CJK/A}]
                                            
! Missing number, treated as zero.
<to be read again> 
                   C
l.21 \setmathfont{STSong}[range={CJK,CJK/A}]
                                            
! Use of \??? doesn't match its definition.
<argument> \???  
                 ! LaTeX Error: Relation 'C' not among =,<,>,==,!=,<=,>=.
l.21 \setmathfont{STSong}[range={CJK,CJK/A}]
                                            
! Missing number, treated as zero.
<to be read again> 
                   C
l.21 \setmathfont{STSong}[range={CJK,CJK/A}]
                                            
! Use of \??? doesn't match its definition.
<argument> \???  
                 ! LaTeX Error: Relation 'C' not among =,<,>,==,!=,<=,>=.
l.21 \setmathfont{STSong}[range={CJK,CJK/A}]
                                            
! Missing number, treated as zero.
<to be read again> 
                   C
l.21 \setmathfont{STSong}[range={CJK,CJK/A}]
                                            
! Use of \??? doesn't match its definition.
<argument> \???  
                 ! LaTeX Error: Relation 'C' not among =,<,>,==,!=,<=,>=.
l.21 \setmathfont{STSong}[range={CJK,CJK/A}]
                                            
! Missing number, treated as zero.
<to be read again> 
                   C
l.21 \setmathfont{STSong}[range={CJK,CJK/A}]
                                            
! Use of \??? doesn't match its definition.
<argument> \???  
                 ! LaTeX Error: Relation 'C' not among =,<,>,==,!=,<=,>=.
l.21 \setmathfont{STSong}[range={CJK,CJK/A}]
                                            
! Missing number, treated as zero.
<to be read again> 
                   C
l.21 \setmathfont{STSong}[range={CJK,CJK/A}]
                                            
! Use of \??? doesn't match its definition.
<argument> \???  
                 ! LaTeX Error: Relation 'C' not among =,<,>,==,!=,<=,>=.
l.21 \setmathfont{STSong}[range={CJK,CJK/A}]
                                            
! Missing number, treated as zero.
<to be read again> 
                   C
l.21 \setmathfont{STSong}[range={CJK,CJK/A}]
                                            
! Use of \??? doesn't match its definition.
<argument> \???  
                 ! LaTeX Error: Relation 'C' not among =,<,>,==,!=,<=,>=.
l.21 \setmathfont{STSong}[range={CJK,CJK/A}]
                                            
! Missing number, treated as zero.
<to be read again> 
                   C
l.21 \setmathfont{STSong}[range={CJK,CJK/A}]
                                            
! Use of \??? doesn't match its definition.
<argument> \???  
                 ! LaTeX Error: Relation 'C' not among =,<,>,==,!=,<=,>=.
l.21 \setmathfont{STSong}[range={CJK,CJK/A}]
                                            
! Missing number, treated as zero.
<to be read again> 
                   C
l.21 \setmathfont{STSong}[range={CJK,CJK/A}]
                                            
! Use of \??? doesn't match its definition.
<argument> \???  
                 ! LaTeX Error: Relation 'C' not among =,<,>,==,!=,<=,>=.
l.21 \setmathfont{STSong}[range={CJK,CJK/A}]
                                            
! Missing number, treated as zero.
<to be read again> 
                   C
l.21 \setmathfont{STSong}[range={CJK,CJK/A}]
                                            
! Use of \??? doesn't match its definition.
<argument> \???  
                 ! LaTeX Error: Relation 'C' not among =,<,>,==,!=,<=,>=.
l.21 \setmathfont{STSong}[range={CJK,CJK/A}]
                                            
! Missing number, treated as zero.
<to be read again> 
                   C
l.21 \setmathfont{STSong}[range={CJK,CJK/A}]
                                            
! Use of \??? doesn't match its definition.
<argument> \???  
                 ! LaTeX Error: Relation 'C' not among =,<,>,==,!=,<=,>=.
l.21 \setmathfont{STSong}[range={CJK,CJK/A}]
                                            
! Missing number, treated as zero.
<to be read again> 
                   C
l.21 \setmathfont{STSong}[range={CJK,CJK/A}]
                                            
! Use of \??? doesn't match its definition.
<argument> \???  
                 ! LaTeX Error: Relation 'C' not among =,<,>,==,!=,<=,>=.
l.21 \setmathfont{STSong}[range={CJK,CJK/A}]
                                            
! Missing number, treated as zero.
<to be read again> 
                   C
l.21 \setmathfont{STSong}[range={CJK,CJK/A}]
                                            
! Use of \??? doesn't match its definition.
<argument> \???  
                 ! LaTeX Error: Relation 'C' not among =,<,>,==,!=,<=,>=.
l.21 \setmathfont{STSong}[range={CJK,CJK/A}]
                                            
! Missing number, treated as zero.
<to be read again> 
                   C
l.21 \setmathfont{STSong}[range={CJK,CJK/A}]
                                            
! Use of \??? doesn't match its definition.
<argument> \???  
                 ! LaTeX Error: Relation 'C' not among =,<,>,==,!=,<=,>=.
l.21 \setmathfont{STSong}[range={CJK,CJK/A}]
                                            
! Missing number, treated as zero.
<to be read again> 
                   C
l.21 \setmathfont{STSong}[range={CJK,CJK/A}]
                                            
! Use of \??? doesn't match its definition.
<argument> \???  
                 ! LaTeX Error: Relation 'C' not among =,<,>,==,!=,<=,>=.
l.21 \setmathfont{STSong}[range={CJK,CJK/A}]
                                            
! Missing number, treated as zero.
<to be read again> 
                   C
l.21 \setmathfont{STSong}[range={CJK,CJK/A}]
                                            
! Use of \??? doesn't match its definition.
<argument> \???  
                 ! LaTeX Error: Relation 'C' not among =,<,>,==,!=,<=,>=.
l.21 \setmathfont{STSong}[range={CJK,CJK/A}]
                                            
! Missing number, treated as zero.
<to be read again> 
                   C
l.21 \setmathfont{STSong}[range={CJK,CJK/A}]
                                            
! Use of \??? doesn't match its definition.
<argument> \???  
                 ! LaTeX Error: Relation 'C' not among =,<,>,==,!=,<=,>=.
l.21 \setmathfont{STSong}[range={CJK,CJK/A}]
                                            
! Missing number, treated as zero.
<to be read again> 
                   C
l.21 \setmathfont{STSong}[range={CJK,CJK/A}]
                                            
! Use of \??? doesn't match its definition.
<argument> \???  
                 ! LaTeX Error: Relation 'C' not among =,<,>,==,!=,<=,>=.
l.21 \setmathfont{STSong}[range={CJK,CJK/A}]
                                            
! Missing number, treated as zero.
<to be read again> 
                   C
l.21 \setmathfont{STSong}[range={CJK,CJK/A}]
                                            
! Use of \??? doesn't match its definition.
<argument> \???  
                 ! LaTeX Error: Relation 'C' not among =,<,>,==,!=,<=,>=.
l.21 \setmathfont{STSong}[range={CJK,CJK/A}]
                                            
! Missing number, treated as zero.
<to be read again> 
                   C
l.21 \setmathfont{STSong}[range={CJK,CJK/A}]
                                            
! Use of \??? doesn't match its definition.
<argument> \???  
                 ! LaTeX Error: Relation 'C' not among =,<,>,==,!=,<=,>=.
l.21 \setmathfont{STSong}[range={CJK,CJK/A}]
                                            
! Missing number, treated as zero.
<to be read again> 
                   C
l.21 \setmathfont{STSong}[range={CJK,CJK/A}]
                                            
! Use of \??? doesn't match its definition.
<argument> \???  
                 ! LaTeX Error: Relation 'C' not among =,<,>,==,!=,<=,>=.
l.21 \setmathfont{STSong}[range={CJK,CJK/A}]
                                            
! Missing number, treated as zero.
<to be read again> 
                   C
l.21 \setmathfont{STSong}[range={CJK,CJK/A}]
                                            
! Use of \??? doesn't match its definition.
<argument> \???  
                 ! LaTeX Error: Relation 'C' not among =,<,>,==,!=,<=,>=.
l.21 \setmathfont{STSong}[range={CJK,CJK/A}]
                                            
! Missing number, treated as zero.
<to be read again> 
                   C
l.21 \setmathfont{STSong}[range={CJK,CJK/A}]
                                            
! Use of \??? doesn't match its definition.
<argument> \???  
                 ! LaTeX Error: Relation 'C' not among =,<,>,==,!=,<=,>=.
l.21 \setmathfont{STSong}[range={CJK,CJK/A}]
                                            
! Missing number, treated as zero.
<to be read again> 
                   C
l.21 \setmathfont{STSong}[range={CJK,CJK/A}]
                                            
! Use of \??? doesn't match its definition.
<argument> \???  
                 ! LaTeX Error: Relation 'C' not among =,<,>,==,!=,<=,>=.
l.21 \setmathfont{STSong}[range={CJK,CJK/A}]
                                            
! Missing number, treated as zero.
<to be read again> 
                   C
l.21 \setmathfont{STSong}[range={CJK,CJK/A}]
                                            
! Use of \??? doesn't match its definition.
<argument> \???  
                 ! LaTeX Error: Relation 'C' not among =,<,>,==,!=,<=,>=.
l.21 \setmathfont{STSong}[range={CJK,CJK/A}]
                                            
! Missing number, treated as zero.
<to be read again> 
                   C
l.21 \setmathfont{STSong}[range={CJK,CJK/A}]
                                            
! Use of \??? doesn't match its definition.
<argument> \???  
                 ! LaTeX Error: Relation 'C' not among =,<,>,==,!=,<=,>=.
l.21 \setmathfont{STSong}[range={CJK,CJK/A}]
                                            
! Missing number, treated as zero.
<to be read again> 
                   C
l.21 \setmathfont{STSong}[range={CJK,CJK/A}]
                                            
! Use of \??? doesn't match its definition.
<argument> \???  
                 ! LaTeX Error: Relation 'C' not among =,<,>,==,!=,<=,>=.
l.21 \setmathfont{STSong}[range={CJK,CJK/A}]
                                            
! Missing number, treated as zero.
<to be read again> 
                   C
l.21 \setmathfont{STSong}[range={CJK,CJK/A}]
                                            
! Use of \??? doesn't match its definition.
<argument> \???  
                 ! LaTeX Error: Relation 'C' not among =,<,>,==,!=,<=,>=.
l.21 \setmathfont{STSong}[range={CJK,CJK/A}]
                                            
! Missing number, treated as zero.
<to be read again> 
                   C
l.21 \setmathfont{STSong}[range={CJK,CJK/A}]
                                            
! Use of \??? doesn't match its definition.
<argument> \???  
                 ! LaTeX Error: Relation 'C' not among =,<,>,==,!=,<=,>=.
l.21 \setmathfont{STSong}[range={CJK,CJK/A}]
                                            
! Missing number, treated as zero.
<to be read again> 
                   C
l.21 \setmathfont{STSong}[range={CJK,CJK/A}]
                                            
! Use of \??? doesn't match its definition.
<argument> \???  
                 ! LaTeX Error: Relation 'C' not among =,<,>,==,!=,<=,>=.
l.21 \setmathfont{STSong}[range={CJK,CJK/A}]
                                            
! Missing number, treated as zero.
<to be read again> 
                   C
l.21 \setmathfont{STSong}[range={CJK,CJK/A}]
                                            
! Use of \??? doesn't match its definition.
<argument> \???  
                 ! LaTeX Error: Relation 'C' not among =,<,>,==,!=,<=,>=.
l.21 \setmathfont{STSong}[range={CJK,CJK/A}]
                                            
! Missing number, treated as zero.
<to be read again> 
                   C
l.21 \setmathfont{STSong}[range={CJK,CJK/A}]
                                            
! Use of \??? doesn't match its definition.
<argument> \???  
                 ! LaTeX Error: Relation 'C' not among =,<,>,==,!=,<=,>=.
l.21 \setmathfont{STSong}[range={CJK,CJK/A}]
                                            
! Missing number, treated as zero.
<to be read again> 
                   C
l.21 \setmathfont{STSong}[range={CJK,CJK/A}]
                                            
! Use of \??? doesn't match its definition.
<argument> \???  
                 ! LaTeX Error: Relation 'C' not among =,<,>,==,!=,<=,>=.
l.21 \setmathfont{STSong}[range={CJK,CJK/A}]
                                            
! Missing number, treated as zero.
<to be read again> 
                   C
l.21 \setmathfont{STSong}[range={CJK,CJK/A}]
                                            
! Use of \??? doesn't match its definition.
<argument> \???  
                 ! LaTeX Error: Relation 'C' not among =,<,>,==,!=,<=,>=.
l.21 \setmathfont{STSong}[range={CJK,CJK/A}]
                                            
! Missing number, treated as zero.
<to be read again> 
                   C
l.21 \setmathfont{STSong}[range={CJK,CJK/A}]
                                            
! Use of \??? doesn't match its definition.
<argument> \???  
                 ! LaTeX Error: Relation 'C' not among =,<,>,==,!=,<=,>=.
l.21 \setmathfont{STSong}[range={CJK,CJK/A}]
                                            
! Missing number, treated as zero.
<to be read again> 
                   C
l.21 \setmathfont{STSong}[range={CJK,CJK/A}]
                                            
! Use of \??? doesn't match its definition.
<argument> \???  
                 ! LaTeX Error: Relation 'C' not among =,<,>,==,!=,<=,>=.
l.21 \setmathfont{STSong}[range={CJK,CJK/A}]
                                            
! Missing number, treated as zero.
<to be read again> 
                   C
l.21 \setmathfont{STSong}[range={CJK,CJK/A}]
                                            
! Use of \??? doesn't match its definition.
<argument> \???  
                 ! LaTeX Error: Relation 'C' not among =,<,>,==,!=,<=,>=.
l.21 \setmathfont{STSong}[range={CJK,CJK/A}]
                                            
! Missing number, treated as zero.
<to be read again> 
                   C
l.21 \setmathfont{STSong}[range={CJK,CJK/A}]
                                            
! Use of \??? doesn't match its definition.
<argument> \???  
                 ! LaTeX Error: Relation 'C' not among =,<,>,==,!=,<=,>=.
l.21 \setmathfont{STSong}[range={CJK,CJK/A}]
                                            
! Missing number, treated as zero.
<to be read again> 
                   C
l.21 \setmathfont{STSong}[range={CJK,CJK/A}]
                                            
! Use of \??? doesn't match its definition.
<argument> \???  
                 ! LaTeX Error: Relation 'C' not among =,<,>,==,!=,<=,>=.
l.21 \setmathfont{STSong}[range={CJK,CJK/A}]
                                            
! Missing number, treated as zero.
<to be read again> 
                   C
l.21 \setmathfont{STSong}[range={CJK,CJK/A}]
                                            
! Use of \??? doesn't match its definition.
<argument> \???  
                 ! LaTeX Error: Relation 'C' not among =,<,>,==,!=,<=,>=.
l.21 \setmathfont{STSong}[range={CJK,CJK/A}]
                                            
(That makes 100 errors; please try again.)
No pages of output.
Transcript written on temp.log.


