2025-06-07 00:15:29 - MathPaperConverter - INFO - 日志文件位置: output/logs/20250607/converter_20250607_001529.log
2025-06-07 00:15:29 - MathPaperConverter - INFO - 当前版本: v1.3.1
2025-06-07 00:15:29 - MathPaperConverter - INFO - 操作系统: Darwin 24.5.0
2025-06-07 00:15:29 - MathPaperConverter - INFO - Python版本: 3.10.13 (main, Sep 11 2023, 08:24:56) [Clang 14.0.6 ]
2025-06-07 00:15:29 - MathPaperConverter - INFO - Tesseract版本: 5.5.1
2025-06-07 00:15:29 - MathPaperConverter - INFO - OpenCV版本: 4.11.0
2025-06-07 00:15:29 - MathPaperConverter - INFO - 初始化配置:
2025-06-07 00:15:29 - MathPaperConverter - INFO - - 输入目录: input
2025-06-07 00:15:29 - MathPaperConverter - INFO - - 输出目录: output
2025-06-07 00:15:29 - MathPaperConverter - INFO - - 模板目录: templates
2025-06-07 00:15:29 - MathPaperConverter - INFO - - 临时目录: temp
2025-06-07 00:15:29 - MathPaperConverter - INFO - - 日志目录: output/logs
2025-06-07 00:15:29 - MathPaperConverter - INFO - MathPaperConverter 版本 1.3.1 初始化完成
2025-06-07 00:15:29 - MathPaperConverter - INFO - 开始批量处理文件
2025-06-07 00:15:29 - MathPaperConverter - INFO - 在输入目录中找到 1 个文件
2025-06-07 00:15:29 - MathPaperConverter - INFO - 开始处理文件: 2024_math_nation_newI.pdf
2025-06-07 00:15:29 - MathPaperConverter - INFO - 开始处理文件：2024_math_nation_newI.pdf
2025-06-07 00:15:29 - MathPaperConverter - INFO - 开始处理PDF文件: input/2024_math_nation_newI.pdf
2025-06-07 00:15:29 - MathPaperConverter - INFO - PDF共 7 页
2025-06-07 00:15:29 - MathPaperConverter - INFO - 处理第 1/7 页
2025-06-07 00:15:29 - MathPaperConverter - ERROR - PDF处理失败: 'PpmImageFile' object has no attribute 'shape'
2025-06-07 00:15:29 - MathPaperConverter - ERROR - 处理文件 2024_math_nation_newI.pdf 时出错：'PpmImageFile' object has no attribute 'shape'
2025-06-07 00:15:29 - MathPaperConverter - INFO - 转换日志已保存到：output/2024_math_nation_newI_20250607_001529_conversion.json
2025-06-07 00:15:29 - MathPaperConverter - INFO - 当前版本（v1.3.0）主要特性：
2025-06-07 00:15:29 - MathPaperConverter - INFO - - 集成equ训练数据支持数学公式识别
2025-06-07 00:15:29 - MathPaperConverter - INFO - - 添加数学符号白名单
2025-06-07 00:15:29 - MathPaperConverter - INFO - - 智能数学公式区域检测
2025-06-07 00:15:29 - MathPaperConverter - INFO - - 自适应图像增强处理
2025-06-07 00:15:29 - MathPaperConverter - INFO - - 数学文本智能校正
2025-06-07 00:15:29 - MathPaperConverter - INFO - - 改进的日志系统（按时间戳分类）
2025-06-07 00:15:29 - MathPaperConverter - ERROR - 处理文件 2024_math_nation_newI.pdf 时出错：'PpmImageFile' object has no attribute 'shape'
